[16-04-01 06:36:06] INFO: 开始执行订单量统计
[16-04-01 06:36:06] INFO: 订单量统计,统计项目:{"九楼":{"饿了吗":0,"系统管理员":0},"123":{"饿了吗":0,"系统管理员":0},"赤岗":{"饿了吗":0,"系统管理员":0}," 新街口":{"饿了吗":0,"系统管理员":0},"全部":{"饿了吗":0,"系统管理员":0}}
[16-04-01 06:36:06] INFO: 订单量统计，查询返回的订单数量:0
[16-04-01 06:36:06] INFO: 订单量统计,统计完毕
[16-04-01 06:36:06] INFO: 订单量统计，保存统计结果。
[16-04-01 06:36:06] INFO: 订单量统计，保存结果完毕，统计结束!!!
[16-04-01 06:36:06] INFO: 开始执行产品销售量统计
[16-04-01 06:36:06] INFO: 产品销售量统计，统计项目：{"九楼":{"鸡腿":0,"12":0},"123":{"鸡腿":0,"12":0},"赤岗":{"鸡腿":0,"12":0}," 新街口":{"鸡腿":0,"12":0}}
[16-04-01 06:36:06] INFO: 产品销售量统计，订单数量：0
[16-04-01 06:36:06] INFO: 产品销售量统计,产品总数：60
[16-04-01 06:36:06] INFO: 产品销售量统计,统计完毕！
[16-04-01 06:36:06] INFO: 产品销售量统计，保存完毕！！！
[16-04-01 06:36:06] INFO: 开始执行产品客户数统计
[16-04-01 06:36:06] INFO: 产品客户数统计，统计项目：{"九楼":{"鸡腿":0,"12":0},"123":{"鸡腿":0,"12":0},"赤岗":{"鸡腿":0,"12":0}," 新街口":{"鸡腿":0,"12":0},"全部":{"鸡腿":0,"12":0}}
[16-04-01 06:36:06] INFO: 产品客户数统计，统计订单数0
[16-04-01 06:36:06] INFO: 产品客户数统计，统计的产品数量60
[16-04-01 06:36:06] INFO: 产品客户数统计，统计完毕。
[16-04-01 06:36:06] INFO: 产品客户数统计，保存完毕！！！
[16-04-01 06:36:06] INFO: 开始执行产品销售金额统计。
[16-04-01 06:36:06] INFO: 产品客户数统计，统计项目：{"全部":{"汇总":0},"九楼":{"鸡腿":0,"汇总":0,"12":0},"123":{"鸡腿":0,"汇总":0,"12":0},"赤岗":{"鸡腿":0,"汇总":0,"12":0}," 新街口":{"鸡腿":0,"汇总":0,"12":0}}
[16-04-01 06:36:06] INFO: 产品销售金额统计，统计订单数10
[16-04-01 06:36:06] INFO: 产品销售金额统计，统计的产品数量60
[16-04-01 06:36:06] INFO: 产品销售金额统计，统计完毕。0
[16-04-01 06:36:06] INFO: 产品销售金额统计，保存完毕！！！0
[16-04-01 06:36:06] INFO: 开始执行产品客户分布统计
[16-04-01 06:36:06] INFO: 产品客户数分布统计,统计项目:{"鸡腿":{"1份":0,"2份":0,"3份":0,"4-10份":0,"11-20份":0,"21-50份":0,"50以上":0},"12":{"1份":0,"2份":0,"3份":0,"4-10份":0,"11-20份":0,"21-50份":0,"50以上":0}}
[16-04-01 06:36:06] INFO: 订单量统计，查询返回的订单数量:13
[16-04-01 06:36:06] INFO: 产品销售量统计,产品总数：60
[16-04-01 06:36:06] INFO: 产品客户数分布统计,统计完毕
[16-04-01 06:36:06] INFO: 订单量统计，保存统计结果。
[16-04-01 06:36:06] INFO: 产品客户数分布统计，保存结果完毕，统计结束!!!
[16-04-01 06:36:06] INFO: 开始执行接线员统计。
[16-04-01 06:36:06] INFO: 接线员接单量统计，统计完毕！
[16-04-01 06:36:06] INFO: 接线员接单量统计，保存结果完毕，统计结束!!!
[16-04-01 06:36:06] INFO: 开始执行催送统计
[16-04-01 06:36:06] INFO: 开始执行大客户统计
[16-04-01 06:36:06] INFO: 大客户统计完毕
[16-04-01 06:36:06] INFO: 开始执行退餐废单统计
[16-04-01 06:36:06] INFO: 退餐废单统计完毕
[16-04-01 06:36:06] INFO: 开始执行导出所有订单的任务
[16-04-01 06:36:06] INFO: 导出订单任务执行完毕
