[ 2019-05-16T13:05:21+08:00 ] SQL: IndexACTINO_NAME151READ的SQL：verify|N;userid|s:1:"3";userInfo|a:5:{s:6:"userid";s:1:"3";s:4:"name";s:5:"admin";s:8:"rolename";s:15:"系统管理员";s:8:"truename";s:15:"系统管理员";s:10:"department";s:0:"";}Noticepage|s:1:"1";searchTextUser|s:0:"";Userpage|s:1:"1";
[ 2019-05-16T13:05:21+08:00 ] 0.0.0.0 /rms/index.php?s=/Index/isStart.html
INFO: [ route_check ] --START--
INFO: CheckRoute Behavior ::run [ RunTime:0.003288s ]
INFO: [ route_check ] --END-- [ RunTime:0.005013s ]
NOTIC: [8192] preg_replace(): The /e modifier is deprecated, use preg_replace_callback instead /Applications/MAMP/htdocs/rms/ThinkPHP/Lib/Core/Dispatcher.class.php 第 132 行.
INFO: [ app_begin ] --START--
INFO: ReadHtmlCache Behavior ::run [ RunTime:0.001022s ]
INFO: CheckLang Behavior ::run [ RunTime:0.004657s ]
INFO: [ app_begin ] --END-- [ RunTime:0.005932s ]
NOTIC: [8192] mysql_connect(): The mysql extension is deprecated and will be removed in the future: use mysqli or PDO instead /Applications/MAMP/htdocs/rms/ThinkPHP/Extend/Driver/Session/SessionDb.class.php 第 116 行.
NOTIC: [8] Use of undefined constant ACTINO_NAME - assumed 'ACTINO_NAME' /Applications/MAMP/htdocs/rms/ThinkPHP/Extend/Driver/Session/SessionDb.class.php 第 151 行.
NOTIC: [8] Use of undefined constant new_link - assumed 'new_link' /Applications/MAMP/htdocs/rms/ThinkPHP/Extend/Library/COM/Db/SystemDb.class.php 第 40 行.
NOTIC: [8192] mysql_connect(): The mysql extension is deprecated and will be removed in the future: use mysqli or PDO instead /Applications/MAMP/htdocs/rms/ThinkPHP/Extend/Library/COM/Db/SystemDb.class.php 第 40 行.
NOTIC: [8192] mysql_connect(): The mysql extension is deprecated and will be removed in the future: use mysqli or PDO instead /Applications/MAMP/htdocs/rms/ThinkPHP/Lib/Driver/Db/DbMysql.class.php 第 55 行.
SQL: SHOW COLUMNS FROM `rms_role_user` [ RunTime:0.007160s ]
NOTIC: [8192] preg_replace(): The /e modifier is deprecated, use preg_replace_callback instead /Applications/MAMP/htdocs/rms/ThinkPHP/Lib/Core/Db.class.php 第 606 行.
SQL: SELECT * FROM `rms_role_user` WHERE ( user_id=3 ) LIMIT 1   [ RunTime:0.000675s ]
NOTIC: [8] Use of undefined constant new_link - assumed 'new_link' /Applications/MAMP/htdocs/rms/ThinkPHP/Extend/Library/COM/Db/SystemDb.class.php 第 40 行.
NOTIC: [8192] mysql_connect(): The mysql extension is deprecated and will be removed in the future: use mysqli or PDO instead /Applications/MAMP/htdocs/rms/ThinkPHP/Extend/Library/COM/Db/SystemDb.class.php 第 40 行.
SQL: SHOW COLUMNS FROM `rms_role` [ RunTime:0.002528s ]
NOTIC: [8192] preg_replace(): The /e modifier is deprecated, use preg_replace_callback instead /Applications/MAMP/htdocs/rms/ThinkPHP/Lib/Core/Db.class.php 第 606 行.
SQL: SELECT * FROM `rms_role` WHERE ( id=3 ) LIMIT 1   [ RunTime:0.000824s ]

[ 2019-05-16T13:05:21+08:00 ] SQL: IndexisStart165WRITE的SQL：verify|N;userid|s:1:"3";userInfo|a:5:{s:6:"userid";s:1:"3";s:4:"name";s:5:"admin";s:8:"rolename";s:15:"系统管理员";s:8:"truename";s:15:"系统管理员";s:10:"department";s:0:"";}Noticepage|s:1:"1";searchTextUser|s:0:"";Userpage|s:1:"1";
[ 2019-05-16T15:12:33+08:00 ] SQL: YingshouRevparMgrACTINO_NAME151READ的SQL：verify|N;userid|s:1:"3";userInfo|a:5:{s:6:"userid";s:1:"3";s:4:"name";s:5:"admin";s:8:"rolename";s:15:"系统管理员";s:8:"truename";s:15:"系统管理员";s:10:"department";s:0:"";}Noticepage|s:1:"1";searchTextUser|s:0:"";Userpage|s:1:"1";
[ 2019-05-16T15:12:33+08:00 ] 0.0.0.0 /rms/index.php?s=/YingshouRevparMgr/index/delsession/del&_=1557910480192
INFO: [ route_check ] --START--
INFO: CheckRoute Behavior ::run [ RunTime:0.001929s ]
INFO: [ route_check ] --END-- [ RunTime:0.002734s ]
NOTIC: [8192] preg_replace(): The /e modifier is deprecated, use preg_replace_callback instead /Applications/MAMP/htdocs/rms/ThinkPHP/Lib/Core/Dispatcher.class.php 第 132 行.
INFO: [ app_begin ] --START--
INFO: ReadHtmlCache Behavior ::run [ RunTime:0.001112s ]
INFO: CheckLang Behavior ::run [ RunTime:0.004889s ]
INFO: [ app_begin ] --END-- [ RunTime:0.006769s ]
NOTIC: [8192] mysql_connect(): The mysql extension is deprecated and will be removed in the future: use mysqli or PDO instead /Applications/MAMP/htdocs/rms/ThinkPHP/Extend/Driver/Session/SessionDb.class.php 第 116 行.
NOTIC: [8] Use of undefined constant ACTINO_NAME - assumed 'ACTINO_NAME' /Applications/MAMP/htdocs/rms/ThinkPHP/Extend/Driver/Session/SessionDb.class.php 第 151 行.
NOTIC: [8] Use of undefined constant new_link - assumed 'new_link' /Applications/MAMP/htdocs/rms/ThinkPHP/Extend/Library/COM/Db/SystemDb.class.php 第 40 行.
NOTIC: [8192] mysql_connect(): The mysql extension is deprecated and will be removed in the future: use mysqli or PDO instead /Applications/MAMP/htdocs/rms/ThinkPHP/Extend/Library/COM/Db/SystemDb.class.php 第 40 行.
NOTIC: [8192] mysql_connect(): The mysql extension is deprecated and will be removed in the future: use mysqli or PDO instead /Applications/MAMP/htdocs/rms/ThinkPHP/Lib/Driver/Db/DbMysql.class.php 第 55 行.
SQL: SHOW COLUMNS FROM `revparmgr_` [ RunTime:0.012442s ]
ERR: 1146:Table 'rms.revparmgr_' doesn't exist
 [ SQL语句 ] : SHOW COLUMNS FROM `revparmgr_`
NOTIC: [8] Undefined index: getDate /Applications/MAMP/htdocs/rms/rms/Lib/Action/YingshouRevparMgrAction.class.php 第 351 行.
NOTIC: [8] Undefined index: getAp /Applications/MAMP/htdocs/rms/rms/Lib/Action/YingshouRevparMgrAction.class.php 第 353 行.
NOTIC: [8] Undefined index: companyArr /Applications/MAMP/htdocs/rms/rms/Lib/Action/YingshouRevparMgrAction.class.php 第 355 行.
NOTIC: [8] Use of undefined constant new_link - assumed 'new_link' /Applications/MAMP/htdocs/rms/ThinkPHP/Extend/Library/COM/Db/SystemDb.class.php 第 40 行.
NOTIC: [8192] mysql_connect(): The mysql extension is deprecated and will be removed in the future: use mysqli or PDO instead /Applications/MAMP/htdocs/rms/ThinkPHP/Extend/Library/COM/Db/SystemDb.class.php 第 40 行.
SQL: SHOW COLUMNS FROM `rms_role_user` [ RunTime:0.004637s ]
NOTIC: [8192] preg_replace(): The /e modifier is deprecated, use preg_replace_callback instead /Applications/MAMP/htdocs/rms/ThinkPHP/Lib/Core/Db.class.php 第 606 行.
SQL: SELECT * FROM `rms_role_user` WHERE ( user_id=3 ) LIMIT 1   [ RunTime:0.000839s ]
NOTIC: [8] Use of undefined constant new_link - assumed 'new_link' /Applications/MAMP/htdocs/rms/ThinkPHP/Extend/Library/COM/Db/SystemDb.class.php 第 40 行.
NOTIC: [8192] mysql_connect(): The mysql extension is deprecated and will be removed in the future: use mysqli or PDO instead /Applications/MAMP/htdocs/rms/ThinkPHP/Extend/Library/COM/Db/SystemDb.class.php 第 40 行.
SQL: SHOW COLUMNS FROM `rms_access` [ RunTime:0.002828s ]
NOTIC: [8192] preg_replace(): The /e modifier is deprecated, use preg_replace_callback instead /Applications/MAMP/htdocs/rms/ThinkPHP/Lib/Core/Db.class.php 第 606 行.
SQL: SELECT `node_id` FROM `rms_access` WHERE ( `role_id` = 3 )  [ RunTime:0.000565s ]
NOTIC: [2] Invalid argument supplied for foreach() /Applications/MAMP/htdocs/rms/rms/Lib/Action/YingshouRevparMgrAction.class.php 第 1535 行.
NOTIC: [8] Use of undefined constant new_link - assumed 'new_link' /Applications/MAMP/htdocs/rms/ThinkPHP/Extend/Library/COM/Db/SystemDb.class.php 第 40 行.
NOTIC: [8192] mysql_connect(): The mysql extension is deprecated and will be removed in the future: use mysqli or PDO instead /Applications/MAMP/htdocs/rms/ThinkPHP/Extend/Library/COM/Db/SystemDb.class.php 第 40 行.
SQL: SHOW COLUMNS FROM `rms_node` [ RunTime:0.003415s ]
NOTIC: [8192] preg_replace(): The /e modifier is deprecated, use preg_replace_callback instead /Applications/MAMP/htdocs/rms/ThinkPHP/Lib/Core/Db.class.php 第 606 行.
SQL: SELECT * FROM `rms_node` WHERE ( name='companyRevpar' ) LIMIT 1   [ RunTime:0.000738s ]
NOTIC: [8] Undefined variable: accessArr /Applications/MAMP/htdocs/rms/rms/Lib/Action/YingshouRevparMgrAction.class.php 第 1543 行.
NOTIC: [2] in_array() expects parameter 2 to be array, null given /Applications/MAMP/htdocs/rms/rms/Lib/Action/YingshouRevparMgrAction.class.php 第 1543 行.
NOTIC: [8192] preg_replace(): The /e modifier is deprecated, use preg_replace_callback instead /Applications/MAMP/htdocs/rms/ThinkPHP/Lib/Core/Db.class.php 第 606 行.
SQL: SELECT * FROM `rms_node` WHERE ( name='financeRevpar' ) LIMIT 1   [ RunTime:0.000349s ]
NOTIC: [8] Undefined variable: accessArr /Applications/MAMP/htdocs/rms/rms/Lib/Action/YingshouRevparMgrAction.class.php 第 1550 行.
NOTIC: [2] in_array() expects parameter 2 to be array, null given /Applications/MAMP/htdocs/rms/rms/Lib/Action/YingshouRevparMgrAction.class.php 第 1550 行.
NOTIC: [8] Undefined variable: revparType /Applications/MAMP/htdocs/rms/rms/Lib/Action/YingshouRevparMgrAction.class.php 第 1554 行.
INFO: [ view_parse ] --START--
NOTIC: [8192] preg_replace(): The /e modifier is deprecated, use preg_replace_callback instead /Applications/MAMP/htdocs/rms/ThinkPHP/Lib/Template/ThinkTemplate.class.php 第 273 行.
NOTIC: [8192] preg_replace(): The /e modifier is deprecated, use preg_replace_callback instead /Applications/MAMP/htdocs/rms/ThinkPHP/Lib/Template/ThinkTemplate.class.php 第 168 行.
NOTIC: [8192] preg_replace(): The /e modifier is deprecated, use preg_replace_callback instead /Applications/MAMP/htdocs/rms/ThinkPHP/Lib/Template/ThinkTemplate.class.php 第 399 行.
NOTIC: [8192] preg_replace(): The /e modifier is deprecated, use preg_replace_callback instead /Applications/MAMP/htdocs/rms/ThinkPHP/Lib/Template/ThinkTemplate.class.php 第 399 行.
NOTIC: [8192] preg_replace(): The /e modifier is deprecated, use preg_replace_callback instead /Applications/MAMP/htdocs/rms/ThinkPHP/Lib/Template/ThinkTemplate.class.php 第 399 行.
NOTIC: [8192] preg_replace(): The /e modifier is deprecated, use preg_replace_callback instead /Applications/MAMP/htdocs/rms/ThinkPHP/Lib/Template/ThinkTemplate.class.php 第 404 行.
NOTIC: [8192] preg_replace(): The /e modifier is deprecated, use preg_replace_callback instead /Applications/MAMP/htdocs/rms/ThinkPHP/Lib/Template/ThinkTemplate.class.php 第 404 行.
NOTIC: [8192] preg_replace(): The /e modifier is deprecated, use preg_replace_callback instead /Applications/MAMP/htdocs/rms/ThinkPHP/Lib/Template/ThinkTemplate.class.php 第 404 行.
NOTIC: [8192] preg_replace(): The /e modifier is deprecated, use preg_replace_callback instead /Applications/MAMP/htdocs/rms/ThinkPHP/Lib/Template/ThinkTemplate.class.php 第 404 行.
NOTIC: [8192] preg_replace(): The /e modifier is deprecated, use preg_replace_callback instead /Applications/MAMP/htdocs/rms/ThinkPHP/Lib/Template/ThinkTemplate.class.php 第 404 行.
NOTIC: [8192] preg_replace(): The /e modifier is deprecated, use preg_replace_callback instead /Applications/MAMP/htdocs/rms/ThinkPHP/Lib/Template/ThinkTemplate.class.php 第 404 行.
NOTIC: [8192] preg_replace(): The /e modifier is deprecated, use preg_replace_callback instead /Applications/MAMP/htdocs/rms/ThinkPHP/Lib/Template/ThinkTemplate.class.php 第 404 行.
NOTIC: [8192] preg_replace(): The /e modifier is deprecated, use preg_replace_callback instead /Applications/MAMP/htdocs/rms/ThinkPHP/Lib/Template/ThinkTemplate.class.php 第 404 行.
NOTIC: [8192] preg_replace(): The /e modifier is deprecated, use preg_replace_callback instead /Applications/MAMP/htdocs/rms/ThinkPHP/Lib/Template/ThinkTemplate.class.php 第 404 行.
NOTIC: [8192] preg_replace(): The /e modifier is deprecated, use preg_replace_callback instead /Applications/MAMP/htdocs/rms/ThinkPHP/Lib/Template/ThinkTemplate.class.php 第 404 行.
NOTIC: [8192] preg_replace(): The /e modifier is deprecated, use preg_replace_callback instead /Applications/MAMP/htdocs/rms/ThinkPHP/Lib/Template/ThinkTemplate.class.php 第 404 行.
NOTIC: [8192] preg_replace(): The /e modifier is deprecated, use preg_replace_callback instead /Applications/MAMP/htdocs/rms/ThinkPHP/Lib/Template/ThinkTemplate.class.php 第 404 行.
NOTIC: [8192] preg_replace(): The /e modifier is deprecated, use preg_replace_callback instead /Applications/MAMP/htdocs/rms/ThinkPHP/Lib/Template/ThinkTemplate.class.php 第 399 行.
NOTIC: [8192] preg_replace(): The /e modifier is deprecated, use preg_replace_callback instead /Applications/MAMP/htdocs/rms/ThinkPHP/Lib/Template/ThinkTemplate.class.php 第 399 行.
NOTIC: [8192] preg_replace(): The /e modifier is deprecated, use preg_replace_callback instead /Applications/MAMP/htdocs/rms/ThinkPHP/Lib/Template/ThinkTemplate.class.php 第 404 行.
NOTIC: [8192] preg_replace(): The /e modifier is deprecated, use preg_replace_callback instead /Applications/MAMP/htdocs/rms/ThinkPHP/Lib/Template/ThinkTemplate.class.php 第 404 行.
NOTIC: [8192] preg_replace(): The /e modifier is deprecated, use preg_replace_callback instead /Applications/MAMP/htdocs/rms/ThinkPHP/Lib/Template/ThinkTemplate.class.php 第 404 行.
NOTIC: [8192] preg_replace(): The /e modifier is deprecated, use preg_replace_callback instead /Applications/MAMP/htdocs/rms/ThinkPHP/Lib/Template/ThinkTemplate.class.php 第 399 行.
NOTIC: [8192] preg_replace(): The /e modifier is deprecated, use preg_replace_callback instead /Applications/MAMP/htdocs/rms/ThinkPHP/Lib/Template/ThinkTemplate.class.php 第 404 行.
NOTIC: [8192] preg_replace(): The /e modifier is deprecated, use preg_replace_callback instead /Applications/MAMP/htdocs/rms/ThinkPHP/Lib/Template/ThinkTemplate.class.php 第 404 行.
NOTIC: [8192] preg_replace(): The /e modifier is deprecated, use preg_replace_callback instead /Applications/MAMP/htdocs/rms/ThinkPHP/Lib/Template/ThinkTemplate.class.php 第 404 行.
NOTIC: [8192] preg_replace(): The /e modifier is deprecated, use preg_replace_callback instead /Applications/MAMP/htdocs/rms/ThinkPHP/Lib/Template/ThinkTemplate.class.php 第 404 行.
NOTIC: [8192] preg_replace(): The /e modifier is deprecated, use preg_replace_callback instead /Applications/MAMP/htdocs/rms/ThinkPHP/Lib/Template/ThinkTemplate.class.php 第 404 行.
NOTIC: [8192] preg_replace(): The /e modifier is deprecated, use preg_replace_callback instead /Applications/MAMP/htdocs/rms/ThinkPHP/Lib/Template/ThinkTemplate.class.php 第 404 行.
NOTIC: [8192] preg_replace(): The /e modifier is deprecated, use preg_replace_callback instead /Applications/MAMP/htdocs/rms/ThinkPHP/Lib/Template/ThinkTemplate.class.php 第 404 行.
NOTIC: [8192] preg_replace(): The /e modifier is deprecated, use preg_replace_callback instead /Applications/MAMP/htdocs/rms/ThinkPHP/Lib/Template/ThinkTemplate.class.php 第 404 行.
NOTIC: [8192] preg_replace(): The /e modifier is deprecated, use preg_replace_callback instead /Applications/MAMP/htdocs/rms/ThinkPHP/Lib/Template/ThinkTemplate.class.php 第 404 行.
NOTIC: [8192] preg_replace(): The /e modifier is deprecated, use preg_replace_callback instead /Applications/MAMP/htdocs/rms/ThinkPHP/Lib/Template/ThinkTemplate.class.php 第 404 行.
NOTIC: [8192] preg_replace(): The /e modifier is deprecated, use preg_replace_callback instead /Applications/MAMP/htdocs/rms/ThinkPHP/Lib/Template/ThinkTemplate.class.php 第 404 行.
NOTIC: [8192] preg_replace(): The /e modifier is deprecated, use preg_replace_callback instead /Applications/MAMP/htdocs/rms/ThinkPHP/Lib/Template/ThinkTemplate.class.php 第 404 行.
NOTIC: [8192] preg_replace(): The /e modifier is deprecated, use preg_replace_callback instead /Applications/MAMP/htdocs/rms/ThinkPHP/Lib/Template/ThinkTemplate.class.php 第 404 行.
NOTIC: [8192] preg_replace(): The /e modifier is deprecated, use preg_replace_callback instead /Applications/MAMP/htdocs/rms/ThinkPHP/Lib/Template/ThinkTemplate.class.php 第 404 行.
NOTIC: [8192] preg_replace(): The /e modifier is deprecated, use preg_replace_callback instead /Applications/MAMP/htdocs/rms/ThinkPHP/Lib/Template/ThinkTemplate.class.php 第 404 行.
NOTIC: [8192] preg_replace(): The /e modifier is deprecated, use preg_replace_callback instead /Applications/MAMP/htdocs/rms/ThinkPHP/Lib/Template/ThinkTemplate.class.php 第 404 行.
NOTIC: [8192] preg_replace(): The /e modifier is deprecated, use preg_replace_callback instead /Applications/MAMP/htdocs/rms/ThinkPHP/Lib/Template/ThinkTemplate.class.php 第 404 行.
NOTIC: [8192] preg_replace(): The /e modifier is deprecated, use preg_replace_callback instead /Applications/MAMP/htdocs/rms/ThinkPHP/Lib/Template/ThinkTemplate.class.php 第 404 行.
NOTIC: [8192] preg_replace(): The /e modifier is deprecated, use preg_replace_callback instead /Applications/MAMP/htdocs/rms/ThinkPHP/Lib/Template/ThinkTemplate.class.php 第 404 行.
NOTIC: [8192] preg_replace(): The /e modifier is deprecated, use preg_replace_callback instead /Applications/MAMP/htdocs/rms/ThinkPHP/Lib/Template/ThinkTemplate.class.php 第 404 行.
NOTIC: [8192] preg_replace(): The /e modifier is deprecated, use preg_replace_callback instead /Applications/MAMP/htdocs/rms/ThinkPHP/Lib/Template/ThinkTemplate.class.php 第 404 行.
NOTIC: [8192] preg_replace(): The /e modifier is deprecated, use preg_replace_callback instead /Applications/MAMP/htdocs/rms/ThinkPHP/Lib/Template/ThinkTemplate.class.php 第 404 行.
NOTIC: [8192] preg_replace(): The /e modifier is deprecated, use preg_replace_callback instead /Applications/MAMP/htdocs/rms/ThinkPHP/Lib/Template/ThinkTemplate.class.php 第 404 行.
NOTIC: [8192] preg_replace(): The /e modifier is deprecated, use preg_replace_callback instead /Applications/MAMP/htdocs/rms/ThinkPHP/Lib/Template/ThinkTemplate.class.php 第 404 行.
NOTIC: [8192] preg_replace(): The /e modifier is deprecated, use preg_replace_callback instead /Applications/MAMP/htdocs/rms/ThinkPHP/Lib/Template/ThinkTemplate.class.php 第 404 行.
NOTIC: [8192] preg_replace(): The /e modifier is deprecated, use preg_replace_callback instead /Applications/MAMP/htdocs/rms/ThinkPHP/Lib/Template/ThinkTemplate.class.php 第 404 行.
NOTIC: [8192] preg_replace(): The /e modifier is deprecated, use preg_replace_callback instead /Applications/MAMP/htdocs/rms/ThinkPHP/Lib/Template/ThinkTemplate.class.php 第 404 行.
NOTIC: [8192] preg_replace(): The /e modifier is deprecated, use preg_replace_callback instead /Applications/MAMP/htdocs/rms/ThinkPHP/Lib/Template/ThinkTemplate.class.php 第 404 行.
NOTIC: [8192] preg_replace(): The /e modifier is deprecated, use preg_replace_callback instead /Applications/MAMP/htdocs/rms/ThinkPHP/Lib/Template/ThinkTemplate.class.php 第 404 行.
NOTIC: [8192] preg_replace(): The /e modifier is deprecated, use preg_replace_callback instead /Applications/MAMP/htdocs/rms/ThinkPHP/Lib/Template/ThinkTemplate.class.php 第 404 行.
NOTIC: [8192] preg_replace(): The /e modifier is deprecated, use preg_replace_callback instead /Applications/MAMP/htdocs/rms/ThinkPHP/Lib/Template/ThinkTemplate.class.php 第 404 行.
NOTIC: [8192] preg_replace(): The /e modifier is deprecated, use preg_replace_callback instead /Applications/MAMP/htdocs/rms/ThinkPHP/Lib/Template/ThinkTemplate.class.php 第 404 行.
NOTIC: [8192] preg_replace(): The /e modifier is deprecated, use preg_replace_callback instead /Applications/MAMP/htdocs/rms/ThinkPHP/Lib/Template/ThinkTemplate.class.php 第 404 行.
NOTIC: [8192] preg_replace(): The /e modifier is deprecated, use preg_replace_callback instead /Applications/MAMP/htdocs/rms/ThinkPHP/Lib/Template/ThinkTemplate.class.php 第 404 行.
NOTIC: [8192] preg_replace(): The /e modifier is deprecated, use preg_replace_callback instead /Applications/MAMP/htdocs/rms/ThinkPHP/Lib/Template/ThinkTemplate.class.php 第 404 行.
NOTIC: [8192] preg_replace(): The /e modifier is deprecated, use preg_replace_callback instead /Applications/MAMP/htdocs/rms/ThinkPHP/Lib/Template/ThinkTemplate.class.php 第 404 行.
NOTIC: [8192] preg_replace(): The /e modifier is deprecated, use preg_replace_callback instead /Applications/MAMP/htdocs/rms/ThinkPHP/Lib/Template/ThinkTemplate.class.php 第 404 行.
NOTIC: [8192] preg_replace(): The /e modifier is deprecated, use preg_replace_callback instead /Applications/MAMP/htdocs/rms/ThinkPHP/Lib/Template/ThinkTemplate.class.php 第 404 行.
NOTIC: [8192] preg_replace(): The /e modifier is deprecated, use preg_replace_callback instead /Applications/MAMP/htdocs/rms/ThinkPHP/Lib/Template/ThinkTemplate.class.php 第 404 行.
NOTIC: [8192] preg_replace(): The /e modifier is deprecated, use preg_replace_callback instead /Applications/MAMP/htdocs/rms/ThinkPHP/Lib/Template/ThinkTemplate.class.php 第 404 行.
NOTIC: [8192] preg_replace(): The /e modifier is deprecated, use preg_replace_callback instead /Applications/MAMP/htdocs/rms/ThinkPHP/Lib/Template/ThinkTemplate.class.php 第 404 行.
NOTIC: [8192] preg_replace(): The /e modifier is deprecated, use preg_replace_callback instead /Applications/MAMP/htdocs/rms/ThinkPHP/Lib/Template/ThinkTemplate.class.php 第 404 行.
NOTIC: [8192] preg_replace(): The /e modifier is deprecated, use preg_replace_callback instead /Applications/MAMP/htdocs/rms/ThinkPHP/Lib/Template/ThinkTemplate.class.php 第 404 行.
NOTIC: [8192] preg_replace(): The /e modifier is deprecated, use preg_replace_callback instead /Applications/MAMP/htdocs/rms/ThinkPHP/Lib/Template/ThinkTemplate.class.php 第 404 行.
NOTIC: [8192] preg_replace(): The /e modifier is deprecated, use preg_replace_callback instead /Applications/MAMP/htdocs/rms/ThinkPHP/Lib/Template/ThinkTemplate.class.php 第 404 行.
NOTIC: [8192] preg_replace(): The /e modifier is deprecated, use preg_replace_callback instead /Applications/MAMP/htdocs/rms/ThinkPHP/Lib/Template/ThinkTemplate.class.php 第 404 行.
NOTIC: [8192] preg_replace(): The /e modifier is deprecated, use preg_replace_callback instead /Applications/MAMP/htdocs/rms/ThinkPHP/Lib/Template/ThinkTemplate.class.php 第 404 行.
NOTIC: [8192] preg_replace(): The /e modifier is deprecated, use preg_replace_callback instead /Applications/MAMP/htdocs/rms/ThinkPHP/Lib/Template/ThinkTemplate.class.php 第 404 行.
NOTIC: [8192] preg_replace(): The /e modifier is deprecated, use preg_replace_callback instead /Applications/MAMP/htdocs/rms/ThinkPHP/Lib/Template/ThinkTemplate.class.php 第 404 行.
NOTIC: [8192] preg_replace(): The /e modifier is deprecated, use preg_replace_callback instead /Applications/MAMP/htdocs/rms/ThinkPHP/Lib/Template/ThinkTemplate.class.php 第 404 行.
NOTIC: [8192] preg_replace(): The /e modifier is deprecated, use preg_replace_callback instead /Applications/MAMP/htdocs/rms/ThinkPHP/Lib/Template/ThinkTemplate.class.php 第 404 行.
NOTIC: [8192] preg_replace(): The /e modifier is deprecated, use preg_replace_callback instead /Applications/MAMP/htdocs/rms/ThinkPHP/Lib/Template/ThinkTemplate.class.php 第 404 行.
NOTIC: [8192] preg_replace(): The /e modifier is deprecated, use preg_replace_callback instead /Applications/MAMP/htdocs/rms/ThinkPHP/Lib/Template/ThinkTemplate.class.php 第 404 行.
NOTIC: [8192] preg_replace(): The /e modifier is deprecated, use preg_replace_callback instead /Applications/MAMP/htdocs/rms/ThinkPHP/Lib/Template/ThinkTemplate.class.php 第 404 行.
NOTIC: [8192] preg_replace(): The /e modifier is deprecated, use preg_replace_callback instead /Applications/MAMP/htdocs/rms/ThinkPHP/Lib/Template/ThinkTemplate.class.php 第 404 行.
NOTIC: [8192] preg_replace(): The /e modifier is deprecated, use preg_replace_callback instead /Applications/MAMP/htdocs/rms/ThinkPHP/Lib/Template/ThinkTemplate.class.php 第 404 行.
NOTIC: [8192] preg_replace(): The /e modifier is deprecated, use preg_replace_callback instead /Applications/MAMP/htdocs/rms/ThinkPHP/Lib/Template/ThinkTemplate.class.php 第 404 行.
NOTIC: [8192] preg_replace(): The /e modifier is deprecated, use preg_replace_callback instead /Applications/MAMP/htdocs/rms/ThinkPHP/Lib/Template/ThinkTemplate.class.php 第 404 行.
NOTIC: [8192] preg_replace(): The /e modifier is deprecated, use preg_replace_callback instead /Applications/MAMP/htdocs/rms/ThinkPHP/Lib/Template/ThinkTemplate.class.php 第 404 行.
NOTIC: [8192] preg_replace(): The /e modifier is deprecated, use preg_replace_callback instead /Applications/MAMP/htdocs/rms/ThinkPHP/Lib/Template/ThinkTemplate.class.php 第 404 行.
NOTIC: [8192] preg_replace(): The /e modifier is deprecated, use preg_replace_callback instead /Applications/MAMP/htdocs/rms/ThinkPHP/Lib/Template/ThinkTemplate.class.php 第 404 行.
NOTIC: [8192] preg_replace(): The /e modifier is deprecated, use preg_replace_callback instead /Applications/MAMP/htdocs/rms/ThinkPHP/Lib/Template/ThinkTemplate.class.php 第 404 行.
NOTIC: [8192] preg_replace(): The /e modifier is deprecated, use preg_replace_callback instead /Applications/MAMP/htdocs/rms/ThinkPHP/Lib/Template/ThinkTemplate.class.php 第 404 行.
NOTIC: [8192] preg_replace(): The /e modifier is deprecated, use preg_replace_callback instead /Applications/MAMP/htdocs/rms/ThinkPHP/Lib/Template/ThinkTemplate.class.php 第 404 行.
NOTIC: [8192] preg_replace(): The /e modifier is deprecated, use preg_replace_callback instead /Applications/MAMP/htdocs/rms/ThinkPHP/Lib/Template/ThinkTemplate.class.php 第 404 行.
NOTIC: [8192] preg_replace(): The /e modifier is deprecated, use preg_replace_callback instead /Applications/MAMP/htdocs/rms/ThinkPHP/Lib/Template/ThinkTemplate.class.php 第 404 行.
NOTIC: [8192] preg_replace(): The /e modifier is deprecated, use preg_replace_callback instead /Applications/MAMP/htdocs/rms/ThinkPHP/Lib/Template/ThinkTemplate.class.php 第 399 行.
NOTIC: [8192] preg_replace(): The /e modifier is deprecated, use preg_replace_callback instead /Applications/MAMP/htdocs/rms/ThinkPHP/Lib/Template/ThinkTemplate.class.php 第 399 行.
NOTIC: [8192] preg_replace(): The /e modifier is deprecated, use preg_replace_callback instead /Applications/MAMP/htdocs/rms/ThinkPHP/Lib/Template/ThinkTemplate.class.php 第 399 行.
NOTIC: [8192] preg_replace(): The /e modifier is deprecated, use preg_replace_callback instead /Applications/MAMP/htdocs/rms/ThinkPHP/Lib/Template/ThinkTemplate.class.php 第 399 行.
NOTIC: [8192] preg_replace(): The /e modifier is deprecated, use preg_replace_callback instead /Applications/MAMP/htdocs/rms/ThinkPHP/Lib/Template/ThinkTemplate.class.php 第 399 行.
NOTIC: [8192] preg_replace(): The /e modifier is deprecated, use preg_replace_callback instead /Applications/MAMP/htdocs/rms/ThinkPHP/Lib/Template/ThinkTemplate.class.php 第 399 行.
NOTIC: [8192] preg_replace(): The /e modifier is deprecated, use preg_replace_callback instead /Applications/MAMP/htdocs/rms/ThinkPHP/Lib/Template/ThinkTemplate.class.php 第 404 行.
NOTIC: [8192] preg_replace(): The /e modifier is deprecated, use preg_replace_callback instead /Applications/MAMP/htdocs/rms/ThinkPHP/Lib/Template/ThinkTemplate.class.php 第 404 行.
NOTIC: [8192] preg_replace(): The /e modifier is deprecated, use preg_replace_callback instead /Applications/MAMP/htdocs/rms/ThinkPHP/Lib/Template/ThinkTemplate.class.php 第 404 行.
NOTIC: [8192] preg_replace(): The /e modifier is deprecated, use preg_replace_callback instead /Applications/MAMP/htdocs/rms/ThinkPHP/Lib/Template/ThinkTemplate.class.php 第 197 行.
NOTIC: [8192] preg_replace(): The /e modifier is deprecated, use preg_replace_callback instead /Applications/MAMP/htdocs/rms/ThinkPHP/Lib/Template/ThinkTemplate.class.php 第 137 行.
NOTIC: [8] Undefined variable: searchAp /Applications/MAMP/htdocs/rms/rms/Runtime/Cache/c6d0457bc31609349f4a23bbcce2056e.php 第 26 行.
INFO: ParseTemplate Behavior ::run [ RunTime:0.048331s ]
INFO: [ view_parse ] --END-- [ RunTime:0.048614s ]
INFO: [ view_filter ] --START--
INFO: ContentReplace Behavior ::run [ RunTime:0.000994s ]
INFO: TokenBuild Behavior ::run [ RunTime:0.000891s ]
INFO: WriteHtmlCache Behavior ::run [ RunTime:0.000634s ]
INFO: ShowRuntime Behavior ::run [ RunTime:0.001321s ]
INFO: [ view_filter ] --END-- [ RunTime:0.004503s ]
INFO: [ view_end ] --START--
INFO: ShowPageTrace Behavior ::run [ RunTime:0.007384s ]
INFO: [ view_end ] --END-- [ RunTime:0.007663s ]

[ 2019-05-16T15:12:33+08:00 ] SQL: YingshouRevparMgrindex165WRITE的SQL：verify|N;userid|s:1:"3";userInfo|a:5:{s:6:"userid";s:1:"3";s:4:"name";s:5:"admin";s:8:"rolename";s:15:"系统管理员";s:8:"truename";s:15:"系统管理员";s:10:"department";s:0:"";}Noticepage|s:1:"1";searchTextUser|s:0:"";Userpage|s:1:"1";
[ 2019-05-16T15:12:33+08:00 ] SQL: YingshouRevparMgrACTINO_NAME151READ的SQL：verify|N;userid|s:1:"3";userInfo|a:5:{s:6:"userid";s:1:"3";s:4:"name";s:5:"admin";s:8:"rolename";s:15:"系统管理员";s:8:"truename";s:15:"系统管理员";s:10:"department";s:0:"";}Noticepage|s:1:"1";searchTextUser|s:0:"";Userpage|s:1:"1";
[ 2019-05-16T15:12:34+08:00 ] 0.0.0.0 /rms/index.php?s=/YingshouRevparMgr/listview/getDate/2019-05-16/getAp/%E4%B8%8A%E5%8D%88.html
INFO: [ route_check ] --START--
INFO: CheckRoute Behavior ::run [ RunTime:0.001069s ]
INFO: [ route_check ] --END-- [ RunTime:0.001451s ]
NOTIC: [8192] preg_replace(): The /e modifier is deprecated, use preg_replace_callback instead /Applications/MAMP/htdocs/rms/ThinkPHP/Lib/Core/Dispatcher.class.php 第 132 行.
INFO: [ app_begin ] --START--
INFO: ReadHtmlCache Behavior ::run [ RunTime:0.000742s ]
INFO: CheckLang Behavior ::run [ RunTime:0.001338s ]
INFO: [ app_begin ] --END-- [ RunTime:0.002464s ]
NOTIC: [8192] mysql_connect(): The mysql extension is deprecated and will be removed in the future: use mysqli or PDO instead /Applications/MAMP/htdocs/rms/ThinkPHP/Extend/Driver/Session/SessionDb.class.php 第 116 行.
NOTIC: [8] Use of undefined constant ACTINO_NAME - assumed 'ACTINO_NAME' /Applications/MAMP/htdocs/rms/ThinkPHP/Extend/Driver/Session/SessionDb.class.php 第 151 行.
NOTIC: [8] Use of undefined constant new_link - assumed 'new_link' /Applications/MAMP/htdocs/rms/ThinkPHP/Extend/Library/COM/Db/SystemDb.class.php 第 40 行.
NOTIC: [8192] mysql_connect(): The mysql extension is deprecated and will be removed in the future: use mysqli or PDO instead /Applications/MAMP/htdocs/rms/ThinkPHP/Extend/Library/COM/Db/SystemDb.class.php 第 40 行.
NOTIC: [8192] mysql_connect(): The mysql extension is deprecated and will be removed in the future: use mysqli or PDO instead /Applications/MAMP/htdocs/rms/ThinkPHP/Lib/Driver/Db/DbMysql.class.php 第 55 行.
SQL: SHOW COLUMNS FROM `revparmgr_` [ RunTime:0.000363s ]
ERR: 1146:Table 'rms.revparmgr_' doesn't exist
 [ SQL语句 ] : SHOW COLUMNS FROM `revparmgr_`
NOTIC: [8] Undefined index: companyArr /Applications/MAMP/htdocs/rms/rms/Lib/Action/YingshouRevparMgrAction.class.php 第 29 行.
NOTIC: [8192] mysql_connect(): The mysql extension is deprecated and will be removed in the future: use mysqli or PDO instead /Applications/MAMP/htdocs/rms/ThinkPHP/Lib/Driver/Db/DbMysql.class.php 第 55 行.
SQL: SHOW COLUMNS FROM `revparmgr_05` [ RunTime:0.002060s ]
ERR: 1146:Table 'rms_revenue_2019.revparmgr_05' doesn't exist
 [ SQL语句 ] : SHOW COLUMNS FROM `revparmgr_05`
NOTIC: [8] Use of undefined constant new_link - assumed 'new_link' /Applications/MAMP/htdocs/rms/ThinkPHP/Extend/Library/COM/Db/SystemDb.class.php 第 40 行.
NOTIC: [8192] mysql_connect(): The mysql extension is deprecated and will be removed in the future: use mysqli or PDO instead /Applications/MAMP/htdocs/rms/ThinkPHP/Extend/Library/COM/Db/SystemDb.class.php 第 40 行.
SQL: SHOW COLUMNS FROM `rms_role_user` [ RunTime:0.000647s ]
NOTIC: [8192] preg_replace(): The /e modifier is deprecated, use preg_replace_callback instead /Applications/MAMP/htdocs/rms/ThinkPHP/Lib/Core/Db.class.php 第 606 行.
SQL: SELECT * FROM `rms_role_user` WHERE ( user_id=3 ) LIMIT 1   [ RunTime:0.000266s ]
NOTIC: [8] Use of undefined constant new_link - assumed 'new_link' /Applications/MAMP/htdocs/rms/ThinkPHP/Extend/Library/COM/Db/SystemDb.class.php 第 40 行.
NOTIC: [8192] mysql_connect(): The mysql extension is deprecated and will be removed in the future: use mysqli or PDO instead /Applications/MAMP/htdocs/rms/ThinkPHP/Extend/Library/COM/Db/SystemDb.class.php 第 40 行.
SQL: SHOW COLUMNS FROM `rms_access` [ RunTime:0.000490s ]
NOTIC: [8192] preg_replace(): The /e modifier is deprecated, use preg_replace_callback instead /Applications/MAMP/htdocs/rms/ThinkPHP/Lib/Core/Db.class.php 第 606 行.
SQL: SELECT `node_id` FROM `rms_access` WHERE ( `role_id` = 3 )  [ RunTime:0.000209s ]
NOTIC: [2] Invalid argument supplied for foreach() /Applications/MAMP/htdocs/rms/rms/Lib/Action/YingshouRevparMgrAction.class.php 第 1535 行.
NOTIC: [8] Use of undefined constant new_link - assumed 'new_link' /Applications/MAMP/htdocs/rms/ThinkPHP/Extend/Library/COM/Db/SystemDb.class.php 第 40 行.
NOTIC: [8192] mysql_connect(): The mysql extension is deprecated and will be removed in the future: use mysqli or PDO instead /Applications/MAMP/htdocs/rms/ThinkPHP/Extend/Library/COM/Db/SystemDb.class.php 第 40 行.
SQL: SHOW COLUMNS FROM `rms_node` [ RunTime:0.000508s ]
NOTIC: [8192] preg_replace(): The /e modifier is deprecated, use preg_replace_callback instead /Applications/MAMP/htdocs/rms/ThinkPHP/Lib/Core/Db.class.php 第 606 行.
SQL: SELECT * FROM `rms_node` WHERE ( name='companyRevpar' ) LIMIT 1   [ RunTime:0.000325s ]
NOTIC: [8] Undefined variable: accessArr /Applications/MAMP/htdocs/rms/rms/Lib/Action/YingshouRevparMgrAction.class.php 第 1543 行.
NOTIC: [2] in_array() expects parameter 2 to be array, null given /Applications/MAMP/htdocs/rms/rms/Lib/Action/YingshouRevparMgrAction.class.php 第 1543 行.
NOTIC: [8192] preg_replace(): The /e modifier is deprecated, use preg_replace_callback instead /Applications/MAMP/htdocs/rms/ThinkPHP/Lib/Core/Db.class.php 第 606 行.
SQL: SELECT * FROM `rms_node` WHERE ( name='financeRevpar' ) LIMIT 1   [ RunTime:0.000333s ]
NOTIC: [8] Undefined variable: accessArr /Applications/MAMP/htdocs/rms/rms/Lib/Action/YingshouRevparMgrAction.class.php 第 1550 行.
NOTIC: [2] in_array() expects parameter 2 to be array, null given /Applications/MAMP/htdocs/rms/rms/Lib/Action/YingshouRevparMgrAction.class.php 第 1550 行.
NOTIC: [8] Undefined variable: revparType /Applications/MAMP/htdocs/rms/rms/Lib/Action/YingshouRevparMgrAction.class.php 第 1554 行.
NOTIC: [8192] preg_replace(): The /e modifier is deprecated, use preg_replace_callback instead /Applications/MAMP/htdocs/rms/ThinkPHP/Lib/Core/Db.class.php 第 606 行.
SQL: SELECT COUNT(*) AS tp_count FROM `revparmgr_05` WHERE ( `date` = '2019-05-16' ) AND ( `ap` = '上午' ) AND ( `domain` = 'localhost' ) LIMIT 1   [ RunTime:0.001148s ]
ERR: :Table 'rms_revenue_2019.revparmgr_05' doesn't exist
 [ SQL语句 ] : SELECT COUNT(*) AS tp_count FROM `revparmgr_05` WHERE ( `date` = '2019-05-16' ) AND ( `ap` = '上午' ) AND ( `domain` = 'localhost' ) LIMIT 1  
NOTIC: [8192] preg_replace(): The /e modifier is deprecated, use preg_replace_callback instead /Applications/MAMP/htdocs/rms/ThinkPHP/Lib/Core/Db.class.php 第 606 行.
SQL: SELECT `revparmgrid`,`name`,`money`,`date`,`ap`,`company` FROM `revparmgr_05` WHERE ( `date` = '2019-05-16' ) AND ( `ap` = '上午' ) AND ( `name` = '销售总额' ) AND ( `domain` = 'localhost' ) GROUP BY name  [ RunTime:0.000248s ]
ERR: :Table 'rms_revenue_2019.revparmgr_05' doesn't exist
 [ SQL语句 ] : SELECT `revparmgrid`,`name`,`money`,`date`,`ap`,`company` FROM `revparmgr_05` WHERE ( `date` = '2019-05-16' ) AND ( `ap` = '上午' ) AND ( `name` = '销售总额' ) AND ( `domain` = 'localhost' ) GROUP BY name 
NOTIC: [2] Invalid argument supplied for foreach() /Applications/MAMP/htdocs/rms/rms/Lib/Action/YingshouRevparMgrAction.class.php 第 159 行.
NOTIC: [8192] preg_replace(): The /e modifier is deprecated, use preg_replace_callback instead /Applications/MAMP/htdocs/rms/ThinkPHP/Lib/Core/Db.class.php 第 606 行.
SQL: SELECT `revparmgrid`,`name`,`money`,`date`,`ap`,`company` FROM `revparmgr_05` WHERE ( `date` = '2019-05-16' ) AND ( `ap` = '上午' ) AND ( `name` = '促销额' ) AND ( `domain` = 'localhost' ) GROUP BY name  [ RunTime:0.001232s ]
ERR: :Table 'rms_revenue_2019.revparmgr_05' doesn't exist
 [ SQL语句 ] : SELECT `revparmgrid`,`name`,`money`,`date`,`ap`,`company` FROM `revparmgr_05` WHERE ( `date` = '2019-05-16' ) AND ( `ap` = '上午' ) AND ( `name` = '促销额' ) AND ( `domain` = 'localhost' ) GROUP BY name 
NOTIC: [2] Invalid argument supplied for foreach() /Applications/MAMP/htdocs/rms/rms/Lib/Action/YingshouRevparMgrAction.class.php 第 189 行.
NOTIC: [8192] preg_replace(): The /e modifier is deprecated, use preg_replace_callback instead /Applications/MAMP/htdocs/rms/ThinkPHP/Lib/Core/Db.class.php 第 606 行.
SQL: SELECT `revparmgrid`,`name`,`money`,`date`,`ap`,`company` FROM `revparmgr_05` WHERE ( `date` = '2019-05-16' ) AND ( `ap` = '上午' ) AND ( `type` = 'M1' ) AND ( `domain` = 'localhost' ) GROUP BY name  [ RunTime:0.000341s ]
ERR: :Table 'rms_revenue_2019.revparmgr_05' doesn't exist
 [ SQL语句 ] : SELECT `revparmgrid`,`name`,`money`,`date`,`ap`,`company` FROM `revparmgr_05` WHERE ( `date` = '2019-05-16' ) AND ( `ap` = '上午' ) AND ( `type` = 'M1' ) AND ( `domain` = 'localhost' ) GROUP BY name 
NOTIC: [2] Invalid argument supplied for foreach() /Applications/MAMP/htdocs/rms/rms/Lib/Action/YingshouRevparMgrAction.class.php 第 255 行.
NOTIC: [8192] preg_replace(): The /e modifier is deprecated, use preg_replace_callback instead /Applications/MAMP/htdocs/rms/ThinkPHP/Lib/Core/Db.class.php 第 606 行.
SQL: SELECT `revparmgrid`,`name`,`money`,`date`,`ap`,`company` FROM `revparmgr_05` WHERE ( `date` = '2019-05-16' ) AND ( `ap` = '上午' ) AND ( `type` = 'M2' ) AND ( `domain` = 'localhost' ) GROUP BY name  [ RunTime:0.000184s ]
ERR: :Table 'rms_revenue_2019.revparmgr_05' doesn't exist
 [ SQL语句 ] : SELECT `revparmgrid`,`name`,`money`,`date`,`ap`,`company` FROM `revparmgr_05` WHERE ( `date` = '2019-05-16' ) AND ( `ap` = '上午' ) AND ( `type` = 'M2' ) AND ( `domain` = 'localhost' ) GROUP BY name 
NOTIC: [2] Invalid argument supplied for foreach() /Applications/MAMP/htdocs/rms/rms/Lib/Action/YingshouRevparMgrAction.class.php 第 297 行.
NOTIC: [8] Undefined variable: listResult_totalmoney /Applications/MAMP/htdocs/rms/rms/Lib/Action/YingshouRevparMgrAction.class.php 第 318 行.
NOTIC: [2] array_merge(): Argument #1 is not an array /Applications/MAMP/htdocs/rms/rms/Lib/Action/YingshouRevparMgrAction.class.php 第 318 行.

[ 2019-05-16T15:12:34+08:00 ] SQL: YingshouRevparMgrlistview165WRITE的SQL：verify|N;userid|s:1:"3";userInfo|a:5:{s:6:"userid";s:1:"3";s:4:"name";s:5:"admin";s:8:"rolename";s:15:"系统管理员";s:8:"truename";s:15:"系统管理员";s:10:"department";s:0:"";}Noticepage|s:1:"1";searchTextUser|s:0:"";Userpage|s:1:"1";YingshouRevparMgrlistviewpage|s:1:"1";
[ 2019-05-16T15:12:39+08:00 ] SQL: YingshouRevparMgrACTINO_NAME151READ的SQL：verify|N;userid|s:1:"3";userInfo|a:5:{s:6:"userid";s:1:"3";s:4:"name";s:5:"admin";s:8:"rolename";s:15:"系统管理员";s:8:"truename";s:15:"系统管理员";s:10:"department";s:0:"";}Noticepage|s:1:"1";searchTextUser|s:0:"";Userpage|s:1:"1";YingshouRevparMgrlistviewpage|s:1:"1";
[ 2019-05-16T15:12:39+08:00 ] 0.0.0.0 /rms/index.php?s=/YingshouRevparMgr/listview
INFO: [ route_check ] --START--
INFO: CheckRoute Behavior ::run [ RunTime:0.001389s ]
INFO: [ route_check ] --END-- [ RunTime:0.001900s ]
NOTIC: [8192] preg_replace(): The /e modifier is deprecated, use preg_replace_callback instead /Applications/MAMP/htdocs/rms/ThinkPHP/Lib/Core/Dispatcher.class.php 第 132 行.
INFO: [ app_begin ] --START--
INFO: ReadHtmlCache Behavior ::run [ RunTime:0.000772s ]
INFO: CheckLang Behavior ::run [ RunTime:0.001492s ]
INFO: [ app_begin ] --END-- [ RunTime:0.002625s ]
NOTIC: [8192] mysql_connect(): The mysql extension is deprecated and will be removed in the future: use mysqli or PDO instead /Applications/MAMP/htdocs/rms/ThinkPHP/Extend/Driver/Session/SessionDb.class.php 第 116 行.
NOTIC: [8] Use of undefined constant ACTINO_NAME - assumed 'ACTINO_NAME' /Applications/MAMP/htdocs/rms/ThinkPHP/Extend/Driver/Session/SessionDb.class.php 第 151 行.
NOTIC: [8] Use of undefined constant new_link - assumed 'new_link' /Applications/MAMP/htdocs/rms/ThinkPHP/Extend/Library/COM/Db/SystemDb.class.php 第 40 行.
NOTIC: [8192] mysql_connect(): The mysql extension is deprecated and will be removed in the future: use mysqli or PDO instead /Applications/MAMP/htdocs/rms/ThinkPHP/Extend/Library/COM/Db/SystemDb.class.php 第 40 行.
NOTIC: [8192] mysql_connect(): The mysql extension is deprecated and will be removed in the future: use mysqli or PDO instead /Applications/MAMP/htdocs/rms/ThinkPHP/Lib/Driver/Db/DbMysql.class.php 第 55 行.
SQL: SHOW COLUMNS FROM `revparmgr_` [ RunTime:0.000396s ]
ERR: 1146:Table 'rms.revparmgr_' doesn't exist
 [ SQL语句 ] : SHOW COLUMNS FROM `revparmgr_`
NOTIC: [8] Undefined index: companyArr /Applications/MAMP/htdocs/rms/rms/Lib/Action/YingshouRevparMgrAction.class.php 第 29 行.
NOTIC: [8192] mysql_connect(): The mysql extension is deprecated and will be removed in the future: use mysqli or PDO instead /Applications/MAMP/htdocs/rms/ThinkPHP/Lib/Driver/Db/DbMysql.class.php 第 55 行.
SQL: SHOW COLUMNS FROM `revparmgr_05` [ RunTime:0.000263s ]
ERR: 1146:Table 'rms_revenue_2019.revparmgr_05' doesn't exist
 [ SQL语句 ] : SHOW COLUMNS FROM `revparmgr_05`
NOTIC: [8] Use of undefined constant new_link - assumed 'new_link' /Applications/MAMP/htdocs/rms/ThinkPHP/Extend/Library/COM/Db/SystemDb.class.php 第 40 行.
NOTIC: [8192] mysql_connect(): The mysql extension is deprecated and will be removed in the future: use mysqli or PDO instead /Applications/MAMP/htdocs/rms/ThinkPHP/Extend/Library/COM/Db/SystemDb.class.php 第 40 行.
SQL: SHOW COLUMNS FROM `rms_role_user` [ RunTime:0.000473s ]
NOTIC: [8192] preg_replace(): The /e modifier is deprecated, use preg_replace_callback instead /Applications/MAMP/htdocs/rms/ThinkPHP/Lib/Core/Db.class.php 第 606 行.
SQL: SELECT * FROM `rms_role_user` WHERE ( user_id=3 ) LIMIT 1   [ RunTime:0.000301s ]
NOTIC: [8] Use of undefined constant new_link - assumed 'new_link' /Applications/MAMP/htdocs/rms/ThinkPHP/Extend/Library/COM/Db/SystemDb.class.php 第 40 行.
NOTIC: [8192] mysql_connect(): The mysql extension is deprecated and will be removed in the future: use mysqli or PDO instead /Applications/MAMP/htdocs/rms/ThinkPHP/Extend/Library/COM/Db/SystemDb.class.php 第 40 行.
SQL: SHOW COLUMNS FROM `rms_access` [ RunTime:0.000482s ]
NOTIC: [8192] preg_replace(): The /e modifier is deprecated, use preg_replace_callback instead /Applications/MAMP/htdocs/rms/ThinkPHP/Lib/Core/Db.class.php 第 606 行.
SQL: SELECT `node_id` FROM `rms_access` WHERE ( `role_id` = 3 )  [ RunTime:0.000262s ]
NOTIC: [2] Invalid argument supplied for foreach() /Applications/MAMP/htdocs/rms/rms/Lib/Action/YingshouRevparMgrAction.class.php 第 1535 行.
NOTIC: [8] Use of undefined constant new_link - assumed 'new_link' /Applications/MAMP/htdocs/rms/ThinkPHP/Extend/Library/COM/Db/SystemDb.class.php 第 40 行.
NOTIC: [8192] mysql_connect(): The mysql extension is deprecated and will be removed in the future: use mysqli or PDO instead /Applications/MAMP/htdocs/rms/ThinkPHP/Extend/Library/COM/Db/SystemDb.class.php 第 40 行.
SQL: SHOW COLUMNS FROM `rms_node` [ RunTime:0.000614s ]
NOTIC: [8192] preg_replace(): The /e modifier is deprecated, use preg_replace_callback instead /Applications/MAMP/htdocs/rms/ThinkPHP/Lib/Core/Db.class.php 第 606 行.
SQL: SELECT * FROM `rms_node` WHERE ( name='companyRevpar' ) LIMIT 1   [ RunTime:0.000259s ]
NOTIC: [8] Undefined variable: accessArr /Applications/MAMP/htdocs/rms/rms/Lib/Action/YingshouRevparMgrAction.class.php 第 1543 行.
NOTIC: [2] in_array() expects parameter 2 to be array, null given /Applications/MAMP/htdocs/rms/rms/Lib/Action/YingshouRevparMgrAction.class.php 第 1543 行.
NOTIC: [8192] preg_replace(): The /e modifier is deprecated, use preg_replace_callback instead /Applications/MAMP/htdocs/rms/ThinkPHP/Lib/Core/Db.class.php 第 606 行.
SQL: SELECT * FROM `rms_node` WHERE ( name='financeRevpar' ) LIMIT 1   [ RunTime:0.000204s ]
NOTIC: [8] Undefined variable: accessArr /Applications/MAMP/htdocs/rms/rms/Lib/Action/YingshouRevparMgrAction.class.php 第 1550 行.
NOTIC: [2] in_array() expects parameter 2 to be array, null given /Applications/MAMP/htdocs/rms/rms/Lib/Action/YingshouRevparMgrAction.class.php 第 1550 行.
NOTIC: [8] Undefined variable: revparType /Applications/MAMP/htdocs/rms/rms/Lib/Action/YingshouRevparMgrAction.class.php 第 1554 行.
NOTIC: [8192] preg_replace(): The /e modifier is deprecated, use preg_replace_callback instead /Applications/MAMP/htdocs/rms/ThinkPHP/Lib/Core/Db.class.php 第 606 行.
SQL: SELECT COUNT(*) AS tp_count FROM `revparmgr_05` WHERE ( `date` = '2019-05-16' ) AND ( `ap` = '上午' ) AND ( `domain` = 'localhost' ) LIMIT 1   [ RunTime:0.000171s ]
ERR: :Table 'rms_revenue_2019.revparmgr_05' doesn't exist
 [ SQL语句 ] : SELECT COUNT(*) AS tp_count FROM `revparmgr_05` WHERE ( `date` = '2019-05-16' ) AND ( `ap` = '上午' ) AND ( `domain` = 'localhost' ) LIMIT 1  
NOTIC: [8192] preg_replace(): The /e modifier is deprecated, use preg_replace_callback instead /Applications/MAMP/htdocs/rms/ThinkPHP/Lib/Core/Db.class.php 第 606 行.
SQL: SELECT `revparmgrid`,`name`,`money`,`date`,`ap`,`company` FROM `revparmgr_05` WHERE ( `date` = '2019-05-16' ) AND ( `ap` = '上午' ) AND ( `name` = '销售总额' ) AND ( `domain` = 'localhost' ) GROUP BY name  [ RunTime:0.000180s ]
ERR: :Table 'rms_revenue_2019.revparmgr_05' doesn't exist
 [ SQL语句 ] : SELECT `revparmgrid`,`name`,`money`,`date`,`ap`,`company` FROM `revparmgr_05` WHERE ( `date` = '2019-05-16' ) AND ( `ap` = '上午' ) AND ( `name` = '销售总额' ) AND ( `domain` = 'localhost' ) GROUP BY name 
NOTIC: [2] Invalid argument supplied for foreach() /Applications/MAMP/htdocs/rms/rms/Lib/Action/YingshouRevparMgrAction.class.php 第 159 行.
NOTIC: [8192] preg_replace(): The /e modifier is deprecated, use preg_replace_callback instead /Applications/MAMP/htdocs/rms/ThinkPHP/Lib/Core/Db.class.php 第 606 行.
SQL: SELECT `revparmgrid`,`name`,`money`,`date`,`ap`,`company` FROM `revparmgr_05` WHERE ( `date` = '2019-05-16' ) AND ( `ap` = '上午' ) AND ( `name` = '促销额' ) AND ( `domain` = 'localhost' ) GROUP BY name  [ RunTime:0.000232s ]
ERR: :Table 'rms_revenue_2019.revparmgr_05' doesn't exist
 [ SQL语句 ] : SELECT `revparmgrid`,`name`,`money`,`date`,`ap`,`company` FROM `revparmgr_05` WHERE ( `date` = '2019-05-16' ) AND ( `ap` = '上午' ) AND ( `name` = '促销额' ) AND ( `domain` = 'localhost' ) GROUP BY name 
NOTIC: [2] Invalid argument supplied for foreach() /Applications/MAMP/htdocs/rms/rms/Lib/Action/YingshouRevparMgrAction.class.php 第 189 行.
NOTIC: [8192] preg_replace(): The /e modifier is deprecated, use preg_replace_callback instead /Applications/MAMP/htdocs/rms/ThinkPHP/Lib/Core/Db.class.php 第 606 行.
SQL: SELECT `revparmgrid`,`name`,`money`,`date`,`ap`,`company` FROM `revparmgr_05` WHERE ( `date` = '2019-05-16' ) AND ( `ap` = '上午' ) AND ( `type` = 'M1' ) AND ( `domain` = 'localhost' ) GROUP BY name  [ RunTime:0.000235s ]
ERR: :Table 'rms_revenue_2019.revparmgr_05' doesn't exist
 [ SQL语句 ] : SELECT `revparmgrid`,`name`,`money`,`date`,`ap`,`company` FROM `revparmgr_05` WHERE ( `date` = '2019-05-16' ) AND ( `ap` = '上午' ) AND ( `type` = 'M1' ) AND ( `domain` = 'localhost' ) GROUP BY name 
NOTIC: [2] Invalid argument supplied for foreach() /Applications/MAMP/htdocs/rms/rms/Lib/Action/YingshouRevparMgrAction.class.php 第 255 行.
NOTIC: [8192] preg_replace(): The /e modifier is deprecated, use preg_replace_callback instead /Applications/MAMP/htdocs/rms/ThinkPHP/Lib/Core/Db.class.php 第 606 行.
SQL: SELECT `revparmgrid`,`name`,`money`,`date`,`ap`,`company` FROM `revparmgr_05` WHERE ( `date` = '2019-05-16' ) AND ( `ap` = '上午' ) AND ( `type` = 'M2' ) AND ( `domain` = 'localhost' ) GROUP BY name  [ RunTime:0.000191s ]
ERR: :Table 'rms_revenue_2019.revparmgr_05' doesn't exist
 [ SQL语句 ] : SELECT `revparmgrid`,`name`,`money`,`date`,`ap`,`company` FROM `revparmgr_05` WHERE ( `date` = '2019-05-16' ) AND ( `ap` = '上午' ) AND ( `type` = 'M2' ) AND ( `domain` = 'localhost' ) GROUP BY name 
NOTIC: [2] Invalid argument supplied for foreach() /Applications/MAMP/htdocs/rms/rms/Lib/Action/YingshouRevparMgrAction.class.php 第 297 行.
NOTIC: [8] Undefined variable: listResult_totalmoney /Applications/MAMP/htdocs/rms/rms/Lib/Action/YingshouRevparMgrAction.class.php 第 318 行.
NOTIC: [2] array_merge(): Argument #1 is not an array /Applications/MAMP/htdocs/rms/rms/Lib/Action/YingshouRevparMgrAction.class.php 第 318 行.

[ 2019-05-16T15:12:39+08:00 ] SQL: YingshouRevparMgrlistview165WRITE的SQL：verify|N;userid|s:1:"3";userInfo|a:5:{s:6:"userid";s:1:"3";s:4:"name";s:5:"admin";s:8:"rolename";s:15:"系统管理员";s:8:"truename";s:15:"系统管理员";s:10:"department";s:0:"";}Noticepage|s:1:"1";searchTextUser|s:0:"";Userpage|s:1:"1";YingshouRevparMgrlistviewpage|s:1:"1";
[ 2019-05-16T15:12:42+08:00 ] SQL: YingshouRevparMgrACTINO_NAME151READ的SQL：verify|N;userid|s:1:"3";userInfo|a:5:{s:6:"userid";s:1:"3";s:4:"name";s:5:"admin";s:8:"rolename";s:15:"系统管理员";s:8:"truename";s:15:"系统管理员";s:10:"department";s:0:"";}Noticepage|s:1:"1";searchTextUser|s:0:"";Userpage|s:1:"1";YingshouRevparMgrlistviewpage|s:1:"1";
[ 2019-05-16T15:12:42+08:00 ] 0.0.0.0 /rms/index.php?s=/YingshouRevparMgr/listview
INFO: [ route_check ] --START--
INFO: CheckRoute Behavior ::run [ RunTime:0.001005s ]
INFO: [ route_check ] --END-- [ RunTime:0.001352s ]
NOTIC: [8192] preg_replace(): The /e modifier is deprecated, use preg_replace_callback instead /Applications/MAMP/htdocs/rms/ThinkPHP/Lib/Core/Dispatcher.class.php 第 132 行.
INFO: [ app_begin ] --START--
INFO: ReadHtmlCache Behavior ::run [ RunTime:0.000677s ]
INFO: CheckLang Behavior ::run [ RunTime:0.001406s ]
INFO: [ app_begin ] --END-- [ RunTime:0.002456s ]
NOTIC: [8192] mysql_connect(): The mysql extension is deprecated and will be removed in the future: use mysqli or PDO instead /Applications/MAMP/htdocs/rms/ThinkPHP/Extend/Driver/Session/SessionDb.class.php 第 116 行.
NOTIC: [8] Use of undefined constant ACTINO_NAME - assumed 'ACTINO_NAME' /Applications/MAMP/htdocs/rms/ThinkPHP/Extend/Driver/Session/SessionDb.class.php 第 151 行.
NOTIC: [8] Use of undefined constant new_link - assumed 'new_link' /Applications/MAMP/htdocs/rms/ThinkPHP/Extend/Library/COM/Db/SystemDb.class.php 第 40 行.
NOTIC: [8192] mysql_connect(): The mysql extension is deprecated and will be removed in the future: use mysqli or PDO instead /Applications/MAMP/htdocs/rms/ThinkPHP/Extend/Library/COM/Db/SystemDb.class.php 第 40 行.
NOTIC: [8192] mysql_connect(): The mysql extension is deprecated and will be removed in the future: use mysqli or PDO instead /Applications/MAMP/htdocs/rms/ThinkPHP/Lib/Driver/Db/DbMysql.class.php 第 55 行.
SQL: SHOW COLUMNS FROM `revparmgr_` [ RunTime:0.000312s ]
ERR: 1146:Table 'rms.revparmgr_' doesn't exist
 [ SQL语句 ] : SHOW COLUMNS FROM `revparmgr_`
NOTIC: [8] Undefined index: companyArr /Applications/MAMP/htdocs/rms/rms/Lib/Action/YingshouRevparMgrAction.class.php 第 29 行.
NOTIC: [8192] mysql_connect(): The mysql extension is deprecated and will be removed in the future: use mysqli or PDO instead /Applications/MAMP/htdocs/rms/ThinkPHP/Lib/Driver/Db/DbMysql.class.php 第 55 行.
SQL: SHOW COLUMNS FROM `revparmgr_05` [ RunTime:0.000300s ]
ERR: 1146:Table 'rms_revenue_2019.revparmgr_05' doesn't exist
 [ SQL语句 ] : SHOW COLUMNS FROM `revparmgr_05`
NOTIC: [8] Use of undefined constant new_link - assumed 'new_link' /Applications/MAMP/htdocs/rms/ThinkPHP/Extend/Library/COM/Db/SystemDb.class.php 第 40 行.
NOTIC: [8192] mysql_connect(): The mysql extension is deprecated and will be removed in the future: use mysqli or PDO instead /Applications/MAMP/htdocs/rms/ThinkPHP/Extend/Library/COM/Db/SystemDb.class.php 第 40 行.
SQL: SHOW COLUMNS FROM `rms_role_user` [ RunTime:0.000628s ]
NOTIC: [8192] preg_replace(): The /e modifier is deprecated, use preg_replace_callback instead /Applications/MAMP/htdocs/rms/ThinkPHP/Lib/Core/Db.class.php 第 606 行.
SQL: SELECT * FROM `rms_role_user` WHERE ( user_id=3 ) LIMIT 1   [ RunTime:0.000889s ]
NOTIC: [8] Use of undefined constant new_link - assumed 'new_link' /Applications/MAMP/htdocs/rms/ThinkPHP/Extend/Library/COM/Db/SystemDb.class.php 第 40 行.
NOTIC: [8192] mysql_connect(): The mysql extension is deprecated and will be removed in the future: use mysqli or PDO instead /Applications/MAMP/htdocs/rms/ThinkPHP/Extend/Library/COM/Db/SystemDb.class.php 第 40 行.
SQL: SHOW COLUMNS FROM `rms_access` [ RunTime:0.000598s ]
NOTIC: [8192] preg_replace(): The /e modifier is deprecated, use preg_replace_callback instead /Applications/MAMP/htdocs/rms/ThinkPHP/Lib/Core/Db.class.php 第 606 行.
SQL: SELECT `node_id` FROM `rms_access` WHERE ( `role_id` = 3 )  [ RunTime:0.000393s ]
NOTIC: [2] Invalid argument supplied for foreach() /Applications/MAMP/htdocs/rms/rms/Lib/Action/YingshouRevparMgrAction.class.php 第 1535 行.
NOTIC: [8] Use of undefined constant new_link - assumed 'new_link' /Applications/MAMP/htdocs/rms/ThinkPHP/Extend/Library/COM/Db/SystemDb.class.php 第 40 行.
NOTIC: [8192] mysql_connect(): The mysql extension is deprecated and will be removed in the future: use mysqli or PDO instead /Applications/MAMP/htdocs/rms/ThinkPHP/Extend/Library/COM/Db/SystemDb.class.php 第 40 行.
SQL: SHOW COLUMNS FROM `rms_node` [ RunTime:0.000560s ]
NOTIC: [8192] preg_replace(): The /e modifier is deprecated, use preg_replace_callback instead /Applications/MAMP/htdocs/rms/ThinkPHP/Lib/Core/Db.class.php 第 606 行.
SQL: SELECT * FROM `rms_node` WHERE ( name='companyRevpar' ) LIMIT 1   [ RunTime:0.000788s ]
NOTIC: [8] Undefined variable: accessArr /Applications/MAMP/htdocs/rms/rms/Lib/Action/YingshouRevparMgrAction.class.php 第 1543 行.
NOTIC: [2] in_array() expects parameter 2 to be array, null given /Applications/MAMP/htdocs/rms/rms/Lib/Action/YingshouRevparMgrAction.class.php 第 1543 行.
NOTIC: [8192] preg_replace(): The /e modifier is deprecated, use preg_replace_callback instead /Applications/MAMP/htdocs/rms/ThinkPHP/Lib/Core/Db.class.php 第 606 行.
SQL: SELECT * FROM `rms_node` WHERE ( name='financeRevpar' ) LIMIT 1   [ RunTime:0.000340s ]
NOTIC: [8] Undefined variable: accessArr /Applications/MAMP/htdocs/rms/rms/Lib/Action/YingshouRevparMgrAction.class.php 第 1550 行.
NOTIC: [2] in_array() expects parameter 2 to be array, null given /Applications/MAMP/htdocs/rms/rms/Lib/Action/YingshouRevparMgrAction.class.php 第 1550 行.
NOTIC: [8] Undefined variable: revparType /Applications/MAMP/htdocs/rms/rms/Lib/Action/YingshouRevparMgrAction.class.php 第 1554 行.
NOTIC: [8192] preg_replace(): The /e modifier is deprecated, use preg_replace_callback instead /Applications/MAMP/htdocs/rms/ThinkPHP/Lib/Core/Db.class.php 第 606 行.
SQL: SELECT COUNT(*) AS tp_count FROM `revparmgr_05` WHERE ( `date` = '2019-05-16' ) AND ( `domain` = 'localhost' ) LIMIT 1   [ RunTime:0.000188s ]
ERR: :Table 'rms_revenue_2019.revparmgr_05' doesn't exist
 [ SQL语句 ] : SELECT COUNT(*) AS tp_count FROM `revparmgr_05` WHERE ( `date` = '2019-05-16' ) AND ( `domain` = 'localhost' ) LIMIT 1  
NOTIC: [8192] preg_replace(): The /e modifier is deprecated, use preg_replace_callback instead /Applications/MAMP/htdocs/rms/ThinkPHP/Lib/Core/Db.class.php 第 606 行.
SQL: SELECT `revparmgrid`,`name`,`money`,`date`,`ap`,`company` FROM `revparmgr_05` WHERE ( `date` = '2019-05-16' ) AND ( `name` = '销售总额' ) AND ( `domain` = 'localhost' ) GROUP BY name  [ RunTime:0.000322s ]
ERR: :Table 'rms_revenue_2019.revparmgr_05' doesn't exist
 [ SQL语句 ] : SELECT `revparmgrid`,`name`,`money`,`date`,`ap`,`company` FROM `revparmgr_05` WHERE ( `date` = '2019-05-16' ) AND ( `name` = '销售总额' ) AND ( `domain` = 'localhost' ) GROUP BY name 
NOTIC: [2] Invalid argument supplied for foreach() /Applications/MAMP/htdocs/rms/rms/Lib/Action/YingshouRevparMgrAction.class.php 第 159 行.
NOTIC: [8192] preg_replace(): The /e modifier is deprecated, use preg_replace_callback instead /Applications/MAMP/htdocs/rms/ThinkPHP/Lib/Core/Db.class.php 第 606 行.
SQL: SELECT `revparmgrid`,`name`,`money`,`date`,`ap`,`company` FROM `revparmgr_05` WHERE ( `date` = '2019-05-16' ) AND ( `name` = '促销额' ) AND ( `domain` = 'localhost' ) GROUP BY name  [ RunTime:0.000317s ]
ERR: :Table 'rms_revenue_2019.revparmgr_05' doesn't exist
 [ SQL语句 ] : SELECT `revparmgrid`,`name`,`money`,`date`,`ap`,`company` FROM `revparmgr_05` WHERE ( `date` = '2019-05-16' ) AND ( `name` = '促销额' ) AND ( `domain` = 'localhost' ) GROUP BY name 
NOTIC: [2] Invalid argument supplied for foreach() /Applications/MAMP/htdocs/rms/rms/Lib/Action/YingshouRevparMgrAction.class.php 第 189 行.
NOTIC: [8192] preg_replace(): The /e modifier is deprecated, use preg_replace_callback instead /Applications/MAMP/htdocs/rms/ThinkPHP/Lib/Core/Db.class.php 第 606 行.
SQL: SELECT `revparmgrid`,`name`,`money`,`date`,`ap`,`company` FROM `revparmgr_05` WHERE ( `date` = '2019-05-16' ) AND ( `type` = 'M1' ) AND ( `domain` = 'localhost' ) GROUP BY name  [ RunTime:0.000203s ]
ERR: :Table 'rms_revenue_2019.revparmgr_05' doesn't exist
 [ SQL语句 ] : SELECT `revparmgrid`,`name`,`money`,`date`,`ap`,`company` FROM `revparmgr_05` WHERE ( `date` = '2019-05-16' ) AND ( `type` = 'M1' ) AND ( `domain` = 'localhost' ) GROUP BY name 
NOTIC: [2] Invalid argument supplied for foreach() /Applications/MAMP/htdocs/rms/rms/Lib/Action/YingshouRevparMgrAction.class.php 第 255 行.
NOTIC: [8192] preg_replace(): The /e modifier is deprecated, use preg_replace_callback instead /Applications/MAMP/htdocs/rms/ThinkPHP/Lib/Core/Db.class.php 第 606 行.
SQL: SELECT `revparmgrid`,`name`,`money`,`date`,`ap`,`company` FROM `revparmgr_05` WHERE ( `date` = '2019-05-16' ) AND ( `type` = 'M2' ) AND ( `domain` = 'localhost' ) GROUP BY name  [ RunTime:0.000181s ]
ERR: :Table 'rms_revenue_2019.revparmgr_05' doesn't exist
 [ SQL语句 ] : SELECT `revparmgrid`,`name`,`money`,`date`,`ap`,`company` FROM `revparmgr_05` WHERE ( `date` = '2019-05-16' ) AND ( `type` = 'M2' ) AND ( `domain` = 'localhost' ) GROUP BY name 
NOTIC: [2] Invalid argument supplied for foreach() /Applications/MAMP/htdocs/rms/rms/Lib/Action/YingshouRevparMgrAction.class.php 第 297 行.
NOTIC: [8] Undefined variable: listResult_totalmoney /Applications/MAMP/htdocs/rms/rms/Lib/Action/YingshouRevparMgrAction.class.php 第 318 行.
NOTIC: [2] array_merge(): Argument #1 is not an array /Applications/MAMP/htdocs/rms/rms/Lib/Action/YingshouRevparMgrAction.class.php 第 318 行.

[ 2019-05-16T15:12:42+08:00 ] SQL: YingshouRevparMgrlistview165WRITE的SQL：verify|N;userid|s:1:"3";userInfo|a:5:{s:6:"userid";s:1:"3";s:4:"name";s:5:"admin";s:8:"rolename";s:15:"系统管理员";s:8:"truename";s:15:"系统管理员";s:10:"department";s:0:"";}Noticepage|s:1:"1";searchTextUser|s:0:"";Userpage|s:1:"1";YingshouRevparMgrlistviewpage|s:1:"1";
