[ 2019-12-05T02:01:17+08:00 ] SQL: YingshouRoomServicelistview165WRITE的SQL：verify|N;userid|s:2:"32";userInfo|a:5:{s:6:"userid";s:2:"32";s:4:"name";s:9:"huainanjz";s:8:"rolename";s:9:"结账员";s:8:"truename";s:6:"怀南";s:10:"department";s:6:"怀南";}YingshouRoomServicelistviewpage|N;YingshouRoomServicepage|s:1:"1";
[ 2019-12-05T02:02:17+08:00 ] SQL: YingshouRoomServiceACTINO_NAME151READ的SQL：verify|N;userid|s:2:"32";userInfo|a:5:{s:6:"userid";s:2:"32";s:4:"name";s:9:"huainanjz";s:8:"rolename";s:9:"结账员";s:8:"truename";s:6:"怀南";s:10:"department";s:6:"怀南";}YingshouRoomServicelistviewpage|N;YingshouRoomServicepage|s:1:"1";
[ 2019-12-05T02:02:17+08:00 ] 0.0.0.0 /rms/index.php?s=/YingshouRoomService/listview
INFO: [ route_check ] --START--
INFO: CheckRoute Behavior ::run [ RunTime:0.000652s ]
INFO: [ route_check ] --END-- [ RunTime:0.000773s ]
NOTIC: [8192] preg_replace(): The /e modifier is deprecated, use preg_replace_callback instead /Applications/MAMP/htdocs/rms/ThinkPHP/Lib/Core/Dispatcher.class.php 第 132 行.
INFO: [ app_begin ] --START--
INFO: ReadHtmlCache Behavior ::run [ RunTime:0.000452s ]
INFO: CheckLang Behavior ::run [ RunTime:0.001230s ]
INFO: [ app_begin ] --END-- [ RunTime:0.001848s ]
NOTIC: [8192] mysql_connect(): The mysql extension is deprecated and will be removed in the future: use mysqli or PDO instead /Applications/MAMP/htdocs/rms/ThinkPHP/Extend/Driver/Session/SessionDb.class.php 第 116 行.
NOTIC: [8] Use of undefined constant ACTINO_NAME - assumed 'ACTINO_NAME' /Applications/MAMP/htdocs/rms/ThinkPHP/Extend/Driver/Session/SessionDb.class.php 第 151 行.
NOTIC: [2048] Declaration of YingshouRoomServiceAction::get_slave_table() should be compatible with ModuleAction::get_slave_table($record) /Applications/MAMP/htdocs/rms/rms/Lib/Action/YingshouRoomServiceAction.class.php 第 11 行.
NOTIC: [8] Use of undefined constant new_link - assumed 'new_link' /Applications/MAMP/htdocs/rms/ThinkPHP/Extend/Library/COM/Db/SystemDb.class.php 第 40 行.
NOTIC: [8192] mysql_connect(): The mysql extension is deprecated and will be removed in the future: use mysqli or PDO instead /Applications/MAMP/htdocs/rms/ThinkPHP/Extend/Library/COM/Db/SystemDb.class.php 第 40 行.
NOTIC: [8192] mysql_connect(): The mysql extension is deprecated and will be removed in the future: use mysqli or PDO instead /Applications/MAMP/htdocs/rms/ThinkPHP/Lib/Driver/Db/DbMysql.class.php 第 55 行.
SQL: SHOW COLUMNS FROM `roomservice_` [ RunTime:0.000281s ]
ERR: 1146:Table 'rms.roomservice_' doesn't exist
 [ SQL语句 ] : SHOW COLUMNS FROM `roomservice_`
NOTIC: [8192] mysql_connect(): The mysql extension is deprecated and will be removed in the future: use mysqli or PDO instead /Applications/MAMP/htdocs/rms/ThinkPHP/Lib/Driver/Db/DbMysql.class.php 第 55 行.
SQL: SHOW COLUMNS FROM `roomservice_12` [ RunTime:0.000494s ]
NOTIC: [8192] preg_replace(): The /e modifier is deprecated, use preg_replace_callback instead /Applications/MAMP/htdocs/rms/ThinkPHP/Lib/Core/Db.class.php 第 606 行.
SQL: SELECT COUNT(*) AS tp_count FROM `roomservice_12` WHERE ( `date` = '2019-12-05' ) AND ( `ap` = '上午' ) AND ( `company` = '怀南' ) AND ( `domain` = 'localhost' ) LIMIT 1   [ RunTime:0.000381s ]
NOTIC: [8] Undefined index: page /Applications/MAMP/htdocs/rms/rms/Lib/Action/YingshouRoomServiceAction.class.php 第 104 行.
NOTIC: [8192] preg_replace(): The /e modifier is deprecated, use preg_replace_callback instead /Applications/MAMP/htdocs/rms/ThinkPHP/Lib/Core/Db.class.php 第 606 行.
SQL: SELECT `roomserviceid`,`name`,`totalmoney`,`jiezhangmoney`,`date`,`ap` FROM `roomservice_12` WHERE ( `date` = '2019-12-05' ) AND ( `ap` = '上午' ) AND ( `company` = '怀南' ) AND ( `domain` = 'localhost' ) ORDER BY  (totalmoney -jiezhangmoney) desc,name LIMIT 0,9   [ RunTime:0.000279s ]

[ 2019-12-05T02:02:17+08:00 ] SQL: YingshouRoomServicelistview165WRITE的SQL：verify|N;userid|s:2:"32";userInfo|a:5:{s:6:"userid";s:2:"32";s:4:"name";s:9:"huainanjz";s:8:"rolename";s:9:"结账员";s:8:"truename";s:6:"怀南";s:10:"department";s:6:"怀南";}YingshouRoomServicelistviewpage|N;YingshouRoomServicepage|s:1:"1";
