[ 2019-11-08T13:10:02+08:00 ] SQL: DiningSaleACTINO_NAME151READ的SQL：verify|N;userid|s:1:"3";userInfo|a:5:{s:6:"userid";s:1:"3";s:4:"name";s:5:"admin";s:8:"rolename";s:15:"系统管理员";s:8:"truename";s:15:"系统管理员";s:10:"department";s:0:"";}Noticepage|s:1:"1";YingshouInvoicelistviewpage|s:1:"1";searchTextPaymentMgr|s:0:"";PaymentMgrpage|s:1:"1";YingshouReportpage|s:1:"1";DiningSalepage|s:1:"1";
[ 2019-11-08T13:10:02+08:00 ] 0.0.0.0 /rms/index.php?s=/DiningSale/popupProductsview/module/Products/row/1/returnModule/DiningSaleCreateview&_=1573131509175
INFO: [ route_check ] --START--
INFO: CheckRoute Behavior ::run [ RunTime:0.001909s ]
INFO: [ route_check ] --END-- [ RunTime:0.003544s ]
NOTIC: [8192] preg_replace(): The /e modifier is deprecated, use preg_replace_callback instead /Applications/MAMP/htdocs/rms/ThinkPHP/Lib/Core/Dispatcher.class.php 第 132 行.
INFO: [ app_begin ] --START--
INFO: ReadHtmlCache Behavior ::run [ RunTime:0.002510s ]
INFO: CheckLang Behavior ::run [ RunTime:0.006178s ]
INFO: [ app_begin ] --END-- [ RunTime:0.008939s ]
NOTIC: [8192] mysql_connect(): The mysql extension is deprecated and will be removed in the future: use mysqli or PDO instead /Applications/MAMP/htdocs/rms/ThinkPHP/Extend/Driver/Session/SessionDb.class.php 第 116 行.
NOTIC: [8] Use of undefined constant ACTINO_NAME - assumed 'ACTINO_NAME' /Applications/MAMP/htdocs/rms/ThinkPHP/Extend/Driver/Session/SessionDb.class.php 第 151 行.
NOTIC: [8] Use of undefined constant new_link - assumed 'new_link' /Applications/MAMP/htdocs/rms/ThinkPHP/Extend/Library/COM/Db/SystemDb.class.php 第 40 行.
NOTIC: [8192] mysql_connect(): The mysql extension is deprecated and will be removed in the future: use mysqli or PDO instead /Applications/MAMP/htdocs/rms/ThinkPHP/Extend/Library/COM/Db/SystemDb.class.php 第 40 行.
NOTIC: [8192] mysql_connect(): The mysql extension is deprecated and will be removed in the future: use mysqli or PDO instead /Applications/MAMP/htdocs/rms/ThinkPHP/Lib/Driver/Db/DbMysql.class.php 第 55 行.
SQL: SHOW COLUMNS FROM `rms_diningsale` [ RunTime:0.013478s ]
NOTIC: [8] Use of undefined constant new_link - assumed 'new_link' /Applications/MAMP/htdocs/rms/ThinkPHP/Extend/Library/COM/Db/SystemDb.class.php 第 40 行.
NOTIC: [8192] mysql_connect(): The mysql extension is deprecated and will be removed in the future: use mysqli or PDO instead /Applications/MAMP/htdocs/rms/ThinkPHP/Extend/Library/COM/Db/SystemDb.class.php 第 40 行.
SQL: SHOW COLUMNS FROM `rms_products` [ RunTime:0.004419s ]
INFO: [ view_parse ] --START--
NOTIC: [8192] preg_replace(): The /e modifier is deprecated, use preg_replace_callback instead /Applications/MAMP/htdocs/rms/ThinkPHP/Lib/Template/ThinkTemplate.class.php 第 273 行.
NOTIC: [8192] preg_replace(): The /e modifier is deprecated, use preg_replace_callback instead /Applications/MAMP/htdocs/rms/ThinkPHP/Lib/Template/ThinkTemplate.class.php 第 168 行.
NOTIC: [8192] preg_replace(): The /e modifier is deprecated, use preg_replace_callback instead /Applications/MAMP/htdocs/rms/ThinkPHP/Lib/Template/ThinkTemplate.class.php 第 399 行.
NOTIC: [8192] preg_replace(): The /e modifier is deprecated, use preg_replace_callback instead /Applications/MAMP/htdocs/rms/ThinkPHP/Lib/Template/ThinkTemplate.class.php 第 399 行.
NOTIC: [8192] preg_replace(): The /e modifier is deprecated, use preg_replace_callback instead /Applications/MAMP/htdocs/rms/ThinkPHP/Lib/Template/ThinkTemplate.class.php 第 399 行.
NOTIC: [8192] preg_replace(): The /e modifier is deprecated, use preg_replace_callback instead /Applications/MAMP/htdocs/rms/ThinkPHP/Lib/Template/ThinkTemplate.class.php 第 404 行.
NOTIC: [8192] preg_replace(): The /e modifier is deprecated, use preg_replace_callback instead /Applications/MAMP/htdocs/rms/ThinkPHP/Lib/Template/ThinkTemplate.class.php 第 404 行.
NOTIC: [8192] preg_replace(): The /e modifier is deprecated, use preg_replace_callback instead /Applications/MAMP/htdocs/rms/ThinkPHP/Lib/Template/ThinkTemplate.class.php 第 404 行.
NOTIC: [8192] preg_replace(): The /e modifier is deprecated, use preg_replace_callback instead /Applications/MAMP/htdocs/rms/ThinkPHP/Lib/Template/ThinkTemplate.class.php 第 404 行.
NOTIC: [8192] preg_replace(): The /e modifier is deprecated, use preg_replace_callback instead /Applications/MAMP/htdocs/rms/ThinkPHP/Lib/Template/ThinkTemplate.class.php 第 404 行.
NOTIC: [8192] preg_replace(): The /e modifier is deprecated, use preg_replace_callback instead /Applications/MAMP/htdocs/rms/ThinkPHP/Lib/Template/ThinkTemplate.class.php 第 404 行.
NOTIC: [8192] preg_replace(): The /e modifier is deprecated, use preg_replace_callback instead /Applications/MAMP/htdocs/rms/ThinkPHP/Lib/Template/ThinkTemplate.class.php 第 404 行.
NOTIC: [8192] preg_replace(): The /e modifier is deprecated, use preg_replace_callback instead /Applications/MAMP/htdocs/rms/ThinkPHP/Lib/Template/ThinkTemplate.class.php 第 404 行.
NOTIC: [8192] preg_replace(): The /e modifier is deprecated, use preg_replace_callback instead /Applications/MAMP/htdocs/rms/ThinkPHP/Lib/Template/ThinkTemplate.class.php 第 404 行.
NOTIC: [8192] preg_replace(): The /e modifier is deprecated, use preg_replace_callback instead /Applications/MAMP/htdocs/rms/ThinkPHP/Lib/Template/ThinkTemplate.class.php 第 404 行.
NOTIC: [8192] preg_replace(): The /e modifier is deprecated, use preg_replace_callback instead /Applications/MAMP/htdocs/rms/ThinkPHP/Lib/Template/ThinkTemplate.class.php 第 404 行.
NOTIC: [8192] preg_replace(): The /e modifier is deprecated, use preg_replace_callback instead /Applications/MAMP/htdocs/rms/ThinkPHP/Lib/Template/ThinkTemplate.class.php 第 404 行.
NOTIC: [8192] preg_replace(): The /e modifier is deprecated, use preg_replace_callback instead /Applications/MAMP/htdocs/rms/ThinkPHP/Lib/Template/ThinkTemplate.class.php 第 399 行.
NOTIC: [8192] preg_replace(): The /e modifier is deprecated, use preg_replace_callback instead /Applications/MAMP/htdocs/rms/ThinkPHP/Lib/Template/ThinkTemplate.class.php 第 399 行.
NOTIC: [8192] preg_replace(): The /e modifier is deprecated, use preg_replace_callback instead /Applications/MAMP/htdocs/rms/ThinkPHP/Lib/Template/ThinkTemplate.class.php 第 404 行.
NOTIC: [8192] preg_replace(): The /e modifier is deprecated, use preg_replace_callback instead /Applications/MAMP/htdocs/rms/ThinkPHP/Lib/Template/ThinkTemplate.class.php 第 404 行.
NOTIC: [8192] preg_replace(): The /e modifier is deprecated, use preg_replace_callback instead /Applications/MAMP/htdocs/rms/ThinkPHP/Lib/Template/ThinkTemplate.class.php 第 404 行.
NOTIC: [8192] preg_replace(): The /e modifier is deprecated, use preg_replace_callback instead /Applications/MAMP/htdocs/rms/ThinkPHP/Lib/Template/ThinkTemplate.class.php 第 399 行.
NOTIC: [8192] preg_replace(): The /e modifier is deprecated, use preg_replace_callback instead /Applications/MAMP/htdocs/rms/ThinkPHP/Lib/Template/ThinkTemplate.class.php 第 404 行.
NOTIC: [8192] preg_replace(): The /e modifier is deprecated, use preg_replace_callback instead /Applications/MAMP/htdocs/rms/ThinkPHP/Lib/Template/ThinkTemplate.class.php 第 404 行.
NOTIC: [8192] preg_replace(): The /e modifier is deprecated, use preg_replace_callback instead /Applications/MAMP/htdocs/rms/ThinkPHP/Lib/Template/ThinkTemplate.class.php 第 404 行.
NOTIC: [8192] preg_replace(): The /e modifier is deprecated, use preg_replace_callback instead /Applications/MAMP/htdocs/rms/ThinkPHP/Lib/Template/ThinkTemplate.class.php 第 404 行.
NOTIC: [8192] preg_replace(): The /e modifier is deprecated, use preg_replace_callback instead /Applications/MAMP/htdocs/rms/ThinkPHP/Lib/Template/ThinkTemplate.class.php 第 404 行.
NOTIC: [8192] preg_replace(): The /e modifier is deprecated, use preg_replace_callback instead /Applications/MAMP/htdocs/rms/ThinkPHP/Lib/Template/ThinkTemplate.class.php 第 404 行.
NOTIC: [8192] preg_replace(): The /e modifier is deprecated, use preg_replace_callback instead /Applications/MAMP/htdocs/rms/ThinkPHP/Lib/Template/ThinkTemplate.class.php 第 404 行.
NOTIC: [8192] preg_replace(): The /e modifier is deprecated, use preg_replace_callback instead /Applications/MAMP/htdocs/rms/ThinkPHP/Lib/Template/ThinkTemplate.class.php 第 404 行.
NOTIC: [8192] preg_replace(): The /e modifier is deprecated, use preg_replace_callback instead /Applications/MAMP/htdocs/rms/ThinkPHP/Lib/Template/ThinkTemplate.class.php 第 404 行.
NOTIC: [8192] preg_replace(): The /e modifier is deprecated, use preg_replace_callback instead /Applications/MAMP/htdocs/rms/ThinkPHP/Lib/Template/ThinkTemplate.class.php 第 404 行.
NOTIC: [8192] preg_replace(): The /e modifier is deprecated, use preg_replace_callback instead /Applications/MAMP/htdocs/rms/ThinkPHP/Lib/Template/ThinkTemplate.class.php 第 404 行.
NOTIC: [8192] preg_replace(): The /e modifier is deprecated, use preg_replace_callback instead /Applications/MAMP/htdocs/rms/ThinkPHP/Lib/Template/ThinkTemplate.class.php 第 404 行.
NOTIC: [8192] preg_replace(): The /e modifier is deprecated, use preg_replace_callback instead /Applications/MAMP/htdocs/rms/ThinkPHP/Lib/Template/ThinkTemplate.class.php 第 404 行.
NOTIC: [8192] preg_replace(): The /e modifier is deprecated, use preg_replace_callback instead /Applications/MAMP/htdocs/rms/ThinkPHP/Lib/Template/ThinkTemplate.class.php 第 404 行.
NOTIC: [8192] preg_replace(): The /e modifier is deprecated, use preg_replace_callback instead /Applications/MAMP/htdocs/rms/ThinkPHP/Lib/Template/ThinkTemplate.class.php 第 404 行.
NOTIC: [8192] preg_replace(): The /e modifier is deprecated, use preg_replace_callback instead /Applications/MAMP/htdocs/rms/ThinkPHP/Lib/Template/ThinkTemplate.class.php 第 404 行.
NOTIC: [8192] preg_replace(): The /e modifier is deprecated, use preg_replace_callback instead /Applications/MAMP/htdocs/rms/ThinkPHP/Lib/Template/ThinkTemplate.class.php 第 404 行.
NOTIC: [8192] preg_replace(): The /e modifier is deprecated, use preg_replace_callback instead /Applications/MAMP/htdocs/rms/ThinkPHP/Lib/Template/ThinkTemplate.class.php 第 404 行.
NOTIC: [8192] preg_replace(): The /e modifier is deprecated, use preg_replace_callback instead /Applications/MAMP/htdocs/rms/ThinkPHP/Lib/Template/ThinkTemplate.class.php 第 404 行.
NOTIC: [8192] preg_replace(): The /e modifier is deprecated, use preg_replace_callback instead /Applications/MAMP/htdocs/rms/ThinkPHP/Lib/Template/ThinkTemplate.class.php 第 404 行.
NOTIC: [8192] preg_replace(): The /e modifier is deprecated, use preg_replace_callback instead /Applications/MAMP/htdocs/rms/ThinkPHP/Lib/Template/ThinkTemplate.class.php 第 404 行.
NOTIC: [8192] preg_replace(): The /e modifier is deprecated, use preg_replace_callback instead /Applications/MAMP/htdocs/rms/ThinkPHP/Lib/Template/ThinkTemplate.class.php 第 404 行.
NOTIC: [8192] preg_replace(): The /e modifier is deprecated, use preg_replace_callback instead /Applications/MAMP/htdocs/rms/ThinkPHP/Lib/Template/ThinkTemplate.class.php 第 404 行.
NOTIC: [8192] preg_replace(): The /e modifier is deprecated, use preg_replace_callback instead /Applications/MAMP/htdocs/rms/ThinkPHP/Lib/Template/ThinkTemplate.class.php 第 404 行.
NOTIC: [8192] preg_replace(): The /e modifier is deprecated, use preg_replace_callback instead /Applications/MAMP/htdocs/rms/ThinkPHP/Lib/Template/ThinkTemplate.class.php 第 404 行.
NOTIC: [8192] preg_replace(): The /e modifier is deprecated, use preg_replace_callback instead /Applications/MAMP/htdocs/rms/ThinkPHP/Lib/Template/ThinkTemplate.class.php 第 404 行.
NOTIC: [8192] preg_replace(): The /e modifier is deprecated, use preg_replace_callback instead /Applications/MAMP/htdocs/rms/ThinkPHP/Lib/Template/ThinkTemplate.class.php 第 404 行.
NOTIC: [8192] preg_replace(): The /e modifier is deprecated, use preg_replace_callback instead /Applications/MAMP/htdocs/rms/ThinkPHP/Lib/Template/ThinkTemplate.class.php 第 404 行.
NOTIC: [8192] preg_replace(): The /e modifier is deprecated, use preg_replace_callback instead /Applications/MAMP/htdocs/rms/ThinkPHP/Lib/Template/ThinkTemplate.class.php 第 404 行.
NOTIC: [8192] preg_replace(): The /e modifier is deprecated, use preg_replace_callback instead /Applications/MAMP/htdocs/rms/ThinkPHP/Lib/Template/ThinkTemplate.class.php 第 404 行.
NOTIC: [8192] preg_replace(): The /e modifier is deprecated, use preg_replace_callback instead /Applications/MAMP/htdocs/rms/ThinkPHP/Lib/Template/ThinkTemplate.class.php 第 404 行.
NOTIC: [8192] preg_replace(): The /e modifier is deprecated, use preg_replace_callback instead /Applications/MAMP/htdocs/rms/ThinkPHP/Lib/Template/ThinkTemplate.class.php 第 404 行.
NOTIC: [8192] preg_replace(): The /e modifier is deprecated, use preg_replace_callback instead /Applications/MAMP/htdocs/rms/ThinkPHP/Lib/Template/ThinkTemplate.class.php 第 404 行.
NOTIC: [8192] preg_replace(): The /e modifier is deprecated, use preg_replace_callback instead /Applications/MAMP/htdocs/rms/ThinkPHP/Lib/Template/ThinkTemplate.class.php 第 404 行.
NOTIC: [8192] preg_replace(): The /e modifier is deprecated, use preg_replace_callback instead /Applications/MAMP/htdocs/rms/ThinkPHP/Lib/Template/ThinkTemplate.class.php 第 404 行.
NOTIC: [8192] preg_replace(): The /e modifier is deprecated, use preg_replace_callback instead /Applications/MAMP/htdocs/rms/ThinkPHP/Lib/Template/ThinkTemplate.class.php 第 404 行.
NOTIC: [8192] preg_replace(): The /e modifier is deprecated, use preg_replace_callback instead /Applications/MAMP/htdocs/rms/ThinkPHP/Lib/Template/ThinkTemplate.class.php 第 404 行.
NOTIC: [8192] preg_replace(): The /e modifier is deprecated, use preg_replace_callback instead /Applications/MAMP/htdocs/rms/ThinkPHP/Lib/Template/ThinkTemplate.class.php 第 404 行.
NOTIC: [8192] preg_replace(): The /e modifier is deprecated, use preg_replace_callback instead /Applications/MAMP/htdocs/rms/ThinkPHP/Lib/Template/ThinkTemplate.class.php 第 404 行.
NOTIC: [8192] preg_replace(): The /e modifier is deprecated, use preg_replace_callback instead /Applications/MAMP/htdocs/rms/ThinkPHP/Lib/Template/ThinkTemplate.class.php 第 404 行.
NOTIC: [8192] preg_replace(): The /e modifier is deprecated, use preg_replace_callback instead /Applications/MAMP/htdocs/rms/ThinkPHP/Lib/Template/ThinkTemplate.class.php 第 404 行.
NOTIC: [8192] preg_replace(): The /e modifier is deprecated, use preg_replace_callback instead /Applications/MAMP/htdocs/rms/ThinkPHP/Lib/Template/ThinkTemplate.class.php 第 404 行.
NOTIC: [8192] preg_replace(): The /e modifier is deprecated, use preg_replace_callback instead /Applications/MAMP/htdocs/rms/ThinkPHP/Lib/Template/ThinkTemplate.class.php 第 404 行.
NOTIC: [8192] preg_replace(): The /e modifier is deprecated, use preg_replace_callback instead /Applications/MAMP/htdocs/rms/ThinkPHP/Lib/Template/ThinkTemplate.class.php 第 404 行.
NOTIC: [8192] preg_replace(): The /e modifier is deprecated, use preg_replace_callback instead /Applications/MAMP/htdocs/rms/ThinkPHP/Lib/Template/ThinkTemplate.class.php 第 404 行.
NOTIC: [8192] preg_replace(): The /e modifier is deprecated, use preg_replace_callback instead /Applications/MAMP/htdocs/rms/ThinkPHP/Lib/Template/ThinkTemplate.class.php 第 404 行.
NOTIC: [8192] preg_replace(): The /e modifier is deprecated, use preg_replace_callback instead /Applications/MAMP/htdocs/rms/ThinkPHP/Lib/Template/ThinkTemplate.class.php 第 404 行.
NOTIC: [8192] preg_replace(): The /e modifier is deprecated, use preg_replace_callback instead /Applications/MAMP/htdocs/rms/ThinkPHP/Lib/Template/ThinkTemplate.class.php 第 404 行.
NOTIC: [8192] preg_replace(): The /e modifier is deprecated, use preg_replace_callback instead /Applications/MAMP/htdocs/rms/ThinkPHP/Lib/Template/ThinkTemplate.class.php 第 404 行.
NOTIC: [8192] preg_replace(): The /e modifier is deprecated, use preg_replace_callback instead /Applications/MAMP/htdocs/rms/ThinkPHP/Lib/Template/ThinkTemplate.class.php 第 404 行.
NOTIC: [8192] preg_replace(): The /e modifier is deprecated, use preg_replace_callback instead /Applications/MAMP/htdocs/rms/ThinkPHP/Lib/Template/ThinkTemplate.class.php 第 404 行.
NOTIC: [8192] preg_replace(): The /e modifier is deprecated, use preg_replace_callback instead /Applications/MAMP/htdocs/rms/ThinkPHP/Lib/Template/ThinkTemplate.class.php 第 404 行.
NOTIC: [8192] preg_replace(): The /e modifier is deprecated, use preg_replace_callback instead /Applications/MAMP/htdocs/rms/ThinkPHP/Lib/Template/ThinkTemplate.class.php 第 404 行.
NOTIC: [8192] preg_replace(): The /e modifier is deprecated, use preg_replace_callback instead /Applications/MAMP/htdocs/rms/ThinkPHP/Lib/Template/ThinkTemplate.class.php 第 404 行.
NOTIC: [8192] preg_replace(): The /e modifier is deprecated, use preg_replace_callback instead /Applications/MAMP/htdocs/rms/ThinkPHP/Lib/Template/ThinkTemplate.class.php 第 404 行.
NOTIC: [8192] preg_replace(): The /e modifier is deprecated, use preg_replace_callback instead /Applications/MAMP/htdocs/rms/ThinkPHP/Lib/Template/ThinkTemplate.class.php 第 404 行.
NOTIC: [8192] preg_replace(): The /e modifier is deprecated, use preg_replace_callback instead /Applications/MAMP/htdocs/rms/ThinkPHP/Lib/Template/ThinkTemplate.class.php 第 404 行.
NOTIC: [8192] preg_replace(): The /e modifier is deprecated, use preg_replace_callback instead /Applications/MAMP/htdocs/rms/ThinkPHP/Lib/Template/ThinkTemplate.class.php 第 404 行.
NOTIC: [8192] preg_replace(): The /e modifier is deprecated, use preg_replace_callback instead /Applications/MAMP/htdocs/rms/ThinkPHP/Lib/Template/ThinkTemplate.class.php 第 404 行.
NOTIC: [8192] preg_replace(): The /e modifier is deprecated, use preg_replace_callback instead /Applications/MAMP/htdocs/rms/ThinkPHP/Lib/Template/ThinkTemplate.class.php 第 404 行.
NOTIC: [8192] preg_replace(): The /e modifier is deprecated, use preg_replace_callback instead /Applications/MAMP/htdocs/rms/ThinkPHP/Lib/Template/ThinkTemplate.class.php 第 404 行.
NOTIC: [8192] preg_replace(): The /e modifier is deprecated, use preg_replace_callback instead /Applications/MAMP/htdocs/rms/ThinkPHP/Lib/Template/ThinkTemplate.class.php 第 404 行.
NOTIC: [8192] preg_replace(): The /e modifier is deprecated, use preg_replace_callback instead /Applications/MAMP/htdocs/rms/ThinkPHP/Lib/Template/ThinkTemplate.class.php 第 404 行.
NOTIC: [8192] preg_replace(): The /e modifier is deprecated, use preg_replace_callback instead /Applications/MAMP/htdocs/rms/ThinkPHP/Lib/Template/ThinkTemplate.class.php 第 404 行.
NOTIC: [8192] preg_replace(): The /e modifier is deprecated, use preg_replace_callback instead /Applications/MAMP/htdocs/rms/ThinkPHP/Lib/Template/ThinkTemplate.class.php 第 404 行.
NOTIC: [8192] preg_replace(): The /e modifier is deprecated, use preg_replace_callback instead /Applications/MAMP/htdocs/rms/ThinkPHP/Lib/Template/ThinkTemplate.class.php 第 404 行.
NOTIC: [8192] preg_replace(): The /e modifier is deprecated, use preg_replace_callback instead /Applications/MAMP/htdocs/rms/ThinkPHP/Lib/Template/ThinkTemplate.class.php 第 399 行.
NOTIC: [8192] preg_replace(): The /e modifier is deprecated, use preg_replace_callback instead /Applications/MAMP/htdocs/rms/ThinkPHP/Lib/Template/ThinkTemplate.class.php 第 399 行.
NOTIC: [8192] preg_replace(): The /e modifier is deprecated, use preg_replace_callback instead /Applications/MAMP/htdocs/rms/ThinkPHP/Lib/Template/ThinkTemplate.class.php 第 399 行.
NOTIC: [8192] preg_replace(): The /e modifier is deprecated, use preg_replace_callback instead /Applications/MAMP/htdocs/rms/ThinkPHP/Lib/Template/ThinkTemplate.class.php 第 399 行.
NOTIC: [8192] preg_replace(): The /e modifier is deprecated, use preg_replace_callback instead /Applications/MAMP/htdocs/rms/ThinkPHP/Lib/Template/ThinkTemplate.class.php 第 399 行.
NOTIC: [8192] preg_replace(): The /e modifier is deprecated, use preg_replace_callback instead /Applications/MAMP/htdocs/rms/ThinkPHP/Lib/Template/ThinkTemplate.class.php 第 399 行.
NOTIC: [8192] preg_replace(): The /e modifier is deprecated, use preg_replace_callback instead /Applications/MAMP/htdocs/rms/ThinkPHP/Lib/Template/ThinkTemplate.class.php 第 404 行.
NOTIC: [8192] preg_replace(): The /e modifier is deprecated, use preg_replace_callback instead /Applications/MAMP/htdocs/rms/ThinkPHP/Lib/Template/ThinkTemplate.class.php 第 404 行.
NOTIC: [8192] preg_replace(): The /e modifier is deprecated, use preg_replace_callback instead /Applications/MAMP/htdocs/rms/ThinkPHP/Lib/Template/ThinkTemplate.class.php 第 404 行.
NOTIC: [8192] preg_replace(): The /e modifier is deprecated, use preg_replace_callback instead /Applications/MAMP/htdocs/rms/ThinkPHP/Lib/Template/ThinkTemplate.class.php 第 197 行.
NOTIC: [8192] preg_replace(): The /e modifier is deprecated, use preg_replace_callback instead /Applications/MAMP/htdocs/rms/ThinkPHP/Lib/Template/ThinkTemplate.class.php 第 137 行.
INFO: ParseTemplate Behavior ::run [ RunTime:0.035824s ]
INFO: [ view_parse ] --END-- [ RunTime:0.036026s ]
INFO: [ view_filter ] --START--
INFO: ContentReplace Behavior ::run [ RunTime:0.000811s ]
INFO: TokenBuild Behavior ::run [ RunTime:0.000664s ]
INFO: WriteHtmlCache Behavior ::run [ RunTime:0.000502s ]
INFO: ShowRuntime Behavior ::run [ RunTime:0.000839s ]
INFO: [ view_filter ] --END-- [ RunTime:0.003158s ]
INFO: [ view_end ] --START--
INFO: ShowPageTrace Behavior ::run [ RunTime:0.002229s ]
INFO: [ view_end ] --END-- [ RunTime:0.002356s ]

[ 2019-11-08T13:10:02+08:00 ] SQL: DiningSalepopupProductsview165WRITE的SQL：verify|N;userid|s:1:"3";userInfo|a:5:{s:6:"userid";s:1:"3";s:4:"name";s:5:"admin";s:8:"rolename";s:15:"系统管理员";s:8:"truename";s:15:"系统管理员";s:10:"department";s:0:"";}Noticepage|s:1:"1";YingshouInvoicelistviewpage|s:1:"1";searchTextPaymentMgr|s:0:"";PaymentMgrpage|s:1:"1";YingshouReportpage|s:1:"1";DiningSalepage|s:1:"1";
[ 2019-11-08T13:10:02+08:00 ] SQL: DiningSaleACTINO_NAME151READ的SQL：verify|N;userid|s:1:"3";userInfo|a:5:{s:6:"userid";s:1:"3";s:4:"name";s:5:"admin";s:8:"rolename";s:15:"系统管理员";s:8:"truename";s:15:"系统管理员";s:10:"department";s:0:"";}Noticepage|s:1:"1";YingshouInvoicelistviewpage|s:1:"1";searchTextPaymentMgr|s:0:"";PaymentMgrpage|s:1:"1";YingshouReportpage|s:1:"1";DiningSalepage|s:1:"1";
[ 2019-11-08T13:10:03+08:00 ] 0.0.0.0 /rms/index.php?s=/DiningSale/popupProductsview.html
INFO: [ route_check ] --START--
INFO: CheckRoute Behavior ::run [ RunTime:0.001092s ]
INFO: [ route_check ] --END-- [ RunTime:0.001868s ]
NOTIC: [8192] preg_replace(): The /e modifier is deprecated, use preg_replace_callback instead /Applications/MAMP/htdocs/rms/ThinkPHP/Lib/Core/Dispatcher.class.php 第 132 行.
INFO: [ app_begin ] --START--
INFO: ReadHtmlCache Behavior ::run [ RunTime:0.000974s ]
INFO: CheckLang Behavior ::run [ RunTime:0.001920s ]
INFO: [ app_begin ] --END-- [ RunTime:0.003294s ]
NOTIC: [8192] mysql_connect(): The mysql extension is deprecated and will be removed in the future: use mysqli or PDO instead /Applications/MAMP/htdocs/rms/ThinkPHP/Extend/Driver/Session/SessionDb.class.php 第 116 行.
NOTIC: [8] Use of undefined constant ACTINO_NAME - assumed 'ACTINO_NAME' /Applications/MAMP/htdocs/rms/ThinkPHP/Extend/Driver/Session/SessionDb.class.php 第 151 行.
NOTIC: [8] Use of undefined constant new_link - assumed 'new_link' /Applications/MAMP/htdocs/rms/ThinkPHP/Extend/Library/COM/Db/SystemDb.class.php 第 40 行.
NOTIC: [8192] mysql_connect(): The mysql extension is deprecated and will be removed in the future: use mysqli or PDO instead /Applications/MAMP/htdocs/rms/ThinkPHP/Extend/Library/COM/Db/SystemDb.class.php 第 40 行.
NOTIC: [8192] mysql_connect(): The mysql extension is deprecated and will be removed in the future: use mysqli or PDO instead /Applications/MAMP/htdocs/rms/ThinkPHP/Lib/Driver/Db/DbMysql.class.php 第 55 行.
SQL: SHOW COLUMNS FROM `rms_diningsale` [ RunTime:0.000437s ]
NOTIC: [8] Use of undefined constant new_link - assumed 'new_link' /Applications/MAMP/htdocs/rms/ThinkPHP/Extend/Library/COM/Db/SystemDb.class.php 第 40 行.
NOTIC: [8192] mysql_connect(): The mysql extension is deprecated and will be removed in the future: use mysqli or PDO instead /Applications/MAMP/htdocs/rms/ThinkPHP/Extend/Library/COM/Db/SystemDb.class.php 第 40 行.
SQL: SHOW COLUMNS FROM `rms_products` [ RunTime:0.001344s ]
NOTIC: [8] Undefined index: row /Applications/MAMP/htdocs/rms/rms/Lib/Action/DiningSaleAction.class.php 第 369 行.
NOTIC: [8192] preg_replace(): The /e modifier is deprecated, use preg_replace_callback instead /Applications/MAMP/htdocs/rms/ThinkPHP/Lib/Core/Db.class.php 第 606 行.
SQL: SELECT COUNT(*) AS tp_count FROM `rms_products` WHERE ( `domain` = 'localhost' ) LIMIT 1   [ RunTime:0.002908s ]
NOTIC: [8192] preg_replace(): The /e modifier is deprecated, use preg_replace_callback instead /Applications/MAMP/htdocs/rms/ThinkPHP/Lib/Core/Db.class.php 第 606 行.
SQL: SELECT `productsid`,`code`,`name`,`shortname`,`price`,`brief` FROM `rms_products` WHERE ( `domain` = 'localhost' ) ORDER BY productsid desc LIMIT 0,15   [ RunTime:0.002756s ]

[ 2019-11-08T13:10:03+08:00 ] SQL: DiningSalepopupProductsview165WRITE的SQL：verify|N;userid|s:1:"3";userInfo|a:5:{s:6:"userid";s:1:"3";s:4:"name";s:5:"admin";s:8:"rolename";s:15:"系统管理员";s:8:"truename";s:15:"系统管理员";s:10:"department";s:0:"";}Noticepage|s:1:"1";YingshouInvoicelistviewpage|s:1:"1";searchTextPaymentMgr|s:0:"";PaymentMgrpage|s:1:"1";YingshouReportpage|s:1:"1";DiningSalepage|s:1:"1";
[ 2019-11-08T13:18:50+08:00 ] SQL: YingshouReportACTINO_NAME151READ的SQL：verify|N;userid|s:1:"3";userInfo|a:5:{s:6:"userid";s:1:"3";s:4:"name";s:5:"admin";s:8:"rolename";s:15:"系统管理员";s:8:"truename";s:15:"系统管理员";s:10:"department";s:0:"";}Noticepage|s:1:"1";YingshouInvoicelistviewpage|s:1:"1";searchTextPaymentMgr|s:0:"";PaymentMgrpage|s:1:"1";YingshouReportpage|s:1:"1";DiningSalepage|s:1:"1";
[ 2019-11-08T13:18:50+08:00 ] 0.0.0.0 /rms/index.php?s=/YingshouReport/popupPaymentMgrview/company/%E6%80%BB%E9%83%A8&_=1573131509176
INFO: [ route_check ] --START--
INFO: CheckRoute Behavior ::run [ RunTime:0.002044s ]
INFO: [ route_check ] --END-- [ RunTime:0.002312s ]
NOTIC: [8192] preg_replace(): The /e modifier is deprecated, use preg_replace_callback instead /Applications/MAMP/htdocs/rms/ThinkPHP/Lib/Core/Dispatcher.class.php 第 132 行.
INFO: [ app_begin ] --START--
INFO: ReadHtmlCache Behavior ::run [ RunTime:0.001033s ]
INFO: CheckLang Behavior ::run [ RunTime:0.006814s ]
INFO: [ app_begin ] --END-- [ RunTime:0.008081s ]
NOTIC: [8192] mysql_connect(): The mysql extension is deprecated and will be removed in the future: use mysqli or PDO instead /Applications/MAMP/htdocs/rms/ThinkPHP/Extend/Driver/Session/SessionDb.class.php 第 116 行.
NOTIC: [8] Use of undefined constant ACTINO_NAME - assumed 'ACTINO_NAME' /Applications/MAMP/htdocs/rms/ThinkPHP/Extend/Driver/Session/SessionDb.class.php 第 151 行.
INFO: [ view_parse ] --START--
NOTIC: [8192] preg_replace(): The /e modifier is deprecated, use preg_replace_callback instead /Applications/MAMP/htdocs/rms/ThinkPHP/Lib/Template/ThinkTemplate.class.php 第 273 行.
NOTIC: [8192] preg_replace(): The /e modifier is deprecated, use preg_replace_callback instead /Applications/MAMP/htdocs/rms/ThinkPHP/Lib/Template/ThinkTemplate.class.php 第 168 行.
NOTIC: [8192] preg_replace(): The /e modifier is deprecated, use preg_replace_callback instead /Applications/MAMP/htdocs/rms/ThinkPHP/Lib/Template/ThinkTemplate.class.php 第 404 行.
NOTIC: [8192] preg_replace(): The /e modifier is deprecated, use preg_replace_callback instead /Applications/MAMP/htdocs/rms/ThinkPHP/Lib/Template/ThinkTemplate.class.php 第 404 行.
NOTIC: [8192] preg_replace(): The /e modifier is deprecated, use preg_replace_callback instead /Applications/MAMP/htdocs/rms/ThinkPHP/Lib/Template/ThinkTemplate.class.php 第 404 行.
NOTIC: [8192] preg_replace(): The /e modifier is deprecated, use preg_replace_callback instead /Applications/MAMP/htdocs/rms/ThinkPHP/Lib/Template/ThinkTemplate.class.php 第 404 行.
NOTIC: [8192] preg_replace(): The /e modifier is deprecated, use preg_replace_callback instead /Applications/MAMP/htdocs/rms/ThinkPHP/Lib/Template/ThinkTemplate.class.php 第 404 行.
NOTIC: [8192] preg_replace(): The /e modifier is deprecated, use preg_replace_callback instead /Applications/MAMP/htdocs/rms/ThinkPHP/Lib/Template/ThinkTemplate.class.php 第 404 行.
NOTIC: [8192] preg_replace(): The /e modifier is deprecated, use preg_replace_callback instead /Applications/MAMP/htdocs/rms/ThinkPHP/Lib/Template/ThinkTemplate.class.php 第 404 行.
NOTIC: [8192] preg_replace(): The /e modifier is deprecated, use preg_replace_callback instead /Applications/MAMP/htdocs/rms/ThinkPHP/Lib/Template/ThinkTemplate.class.php 第 404 行.
NOTIC: [8192] preg_replace(): The /e modifier is deprecated, use preg_replace_callback instead /Applications/MAMP/htdocs/rms/ThinkPHP/Lib/Template/ThinkTemplate.class.php 第 404 行.
NOTIC: [8192] preg_replace(): The /e modifier is deprecated, use preg_replace_callback instead /Applications/MAMP/htdocs/rms/ThinkPHP/Lib/Template/ThinkTemplate.class.php 第 404 行.
NOTIC: [8192] preg_replace(): The /e modifier is deprecated, use preg_replace_callback instead /Applications/MAMP/htdocs/rms/ThinkPHP/Lib/Template/ThinkTemplate.class.php 第 404 行.
NOTIC: [8192] preg_replace(): The /e modifier is deprecated, use preg_replace_callback instead /Applications/MAMP/htdocs/rms/ThinkPHP/Lib/Template/ThinkTemplate.class.php 第 404 行.
NOTIC: [8192] preg_replace(): The /e modifier is deprecated, use preg_replace_callback instead /Applications/MAMP/htdocs/rms/ThinkPHP/Lib/Template/ThinkTemplate.class.php 第 399 行.
NOTIC: [8192] preg_replace(): The /e modifier is deprecated, use preg_replace_callback instead /Applications/MAMP/htdocs/rms/ThinkPHP/Lib/Template/ThinkTemplate.class.php 第 399 行.
NOTIC: [8192] preg_replace(): The /e modifier is deprecated, use preg_replace_callback instead /Applications/MAMP/htdocs/rms/ThinkPHP/Lib/Template/ThinkTemplate.class.php 第 404 行.
NOTIC: [8192] preg_replace(): The /e modifier is deprecated, use preg_replace_callback instead /Applications/MAMP/htdocs/rms/ThinkPHP/Lib/Template/ThinkTemplate.class.php 第 404 行.
NOTIC: [8192] preg_replace(): The /e modifier is deprecated, use preg_replace_callback instead /Applications/MAMP/htdocs/rms/ThinkPHP/Lib/Template/ThinkTemplate.class.php 第 404 行.
NOTIC: [8192] preg_replace(): The /e modifier is deprecated, use preg_replace_callback instead /Applications/MAMP/htdocs/rms/ThinkPHP/Lib/Template/ThinkTemplate.class.php 第 399 行.
NOTIC: [8192] preg_replace(): The /e modifier is deprecated, use preg_replace_callback instead /Applications/MAMP/htdocs/rms/ThinkPHP/Lib/Template/ThinkTemplate.class.php 第 404 行.
NOTIC: [8192] preg_replace(): The /e modifier is deprecated, use preg_replace_callback instead /Applications/MAMP/htdocs/rms/ThinkPHP/Lib/Template/ThinkTemplate.class.php 第 404 行.
NOTIC: [8192] preg_replace(): The /e modifier is deprecated, use preg_replace_callback instead /Applications/MAMP/htdocs/rms/ThinkPHP/Lib/Template/ThinkTemplate.class.php 第 404 行.
NOTIC: [8192] preg_replace(): The /e modifier is deprecated, use preg_replace_callback instead /Applications/MAMP/htdocs/rms/ThinkPHP/Lib/Template/ThinkTemplate.class.php 第 404 行.
NOTIC: [8192] preg_replace(): The /e modifier is deprecated, use preg_replace_callback instead /Applications/MAMP/htdocs/rms/ThinkPHP/Lib/Template/ThinkTemplate.class.php 第 404 行.
NOTIC: [8192] preg_replace(): The /e modifier is deprecated, use preg_replace_callback instead /Applications/MAMP/htdocs/rms/ThinkPHP/Lib/Template/ThinkTemplate.class.php 第 404 行.
NOTIC: [8192] preg_replace(): The /e modifier is deprecated, use preg_replace_callback instead /Applications/MAMP/htdocs/rms/ThinkPHP/Lib/Template/ThinkTemplate.class.php 第 404 行.
NOTIC: [8192] preg_replace(): The /e modifier is deprecated, use preg_replace_callback instead /Applications/MAMP/htdocs/rms/ThinkPHP/Lib/Template/ThinkTemplate.class.php 第 404 行.
NOTIC: [8192] preg_replace(): The /e modifier is deprecated, use preg_replace_callback instead /Applications/MAMP/htdocs/rms/ThinkPHP/Lib/Template/ThinkTemplate.class.php 第 404 行.
NOTIC: [8192] preg_replace(): The /e modifier is deprecated, use preg_replace_callback instead /Applications/MAMP/htdocs/rms/ThinkPHP/Lib/Template/ThinkTemplate.class.php 第 404 行.
NOTIC: [8192] preg_replace(): The /e modifier is deprecated, use preg_replace_callback instead /Applications/MAMP/htdocs/rms/ThinkPHP/Lib/Template/ThinkTemplate.class.php 第 404 行.
NOTIC: [8192] preg_replace(): The /e modifier is deprecated, use preg_replace_callback instead /Applications/MAMP/htdocs/rms/ThinkPHP/Lib/Template/ThinkTemplate.class.php 第 404 行.
NOTIC: [8192] preg_replace(): The /e modifier is deprecated, use preg_replace_callback instead /Applications/MAMP/htdocs/rms/ThinkPHP/Lib/Template/ThinkTemplate.class.php 第 404 行.
NOTIC: [8192] preg_replace(): The /e modifier is deprecated, use preg_replace_callback instead /Applications/MAMP/htdocs/rms/ThinkPHP/Lib/Template/ThinkTemplate.class.php 第 404 行.
NOTIC: [8192] preg_replace(): The /e modifier is deprecated, use preg_replace_callback instead /Applications/MAMP/htdocs/rms/ThinkPHP/Lib/Template/ThinkTemplate.class.php 第 404 行.
NOTIC: [8192] preg_replace(): The /e modifier is deprecated, use preg_replace_callback instead /Applications/MAMP/htdocs/rms/ThinkPHP/Lib/Template/ThinkTemplate.class.php 第 404 行.
NOTIC: [8192] preg_replace(): The /e modifier is deprecated, use preg_replace_callback instead /Applications/MAMP/htdocs/rms/ThinkPHP/Lib/Template/ThinkTemplate.class.php 第 404 行.
NOTIC: [8192] preg_replace(): The /e modifier is deprecated, use preg_replace_callback instead /Applications/MAMP/htdocs/rms/ThinkPHP/Lib/Template/ThinkTemplate.class.php 第 404 行.
NOTIC: [8192] preg_replace(): The /e modifier is deprecated, use preg_replace_callback instead /Applications/MAMP/htdocs/rms/ThinkPHP/Lib/Template/ThinkTemplate.class.php 第 404 行.
NOTIC: [8192] preg_replace(): The /e modifier is deprecated, use preg_replace_callback instead /Applications/MAMP/htdocs/rms/ThinkPHP/Lib/Template/ThinkTemplate.class.php 第 404 行.
NOTIC: [8192] preg_replace(): The /e modifier is deprecated, use preg_replace_callback instead /Applications/MAMP/htdocs/rms/ThinkPHP/Lib/Template/ThinkTemplate.class.php 第 404 行.
NOTIC: [8192] preg_replace(): The /e modifier is deprecated, use preg_replace_callback instead /Applications/MAMP/htdocs/rms/ThinkPHP/Lib/Template/ThinkTemplate.class.php 第 404 行.
NOTIC: [8192] preg_replace(): The /e modifier is deprecated, use preg_replace_callback instead /Applications/MAMP/htdocs/rms/ThinkPHP/Lib/Template/ThinkTemplate.class.php 第 404 行.
NOTIC: [8192] preg_replace(): The /e modifier is deprecated, use preg_replace_callback instead /Applications/MAMP/htdocs/rms/ThinkPHP/Lib/Template/ThinkTemplate.class.php 第 404 行.
NOTIC: [8192] preg_replace(): The /e modifier is deprecated, use preg_replace_callback instead /Applications/MAMP/htdocs/rms/ThinkPHP/Lib/Template/ThinkTemplate.class.php 第 404 行.
NOTIC: [8192] preg_replace(): The /e modifier is deprecated, use preg_replace_callback instead /Applications/MAMP/htdocs/rms/ThinkPHP/Lib/Template/ThinkTemplate.class.php 第 404 行.
NOTIC: [8192] preg_replace(): The /e modifier is deprecated, use preg_replace_callback instead /Applications/MAMP/htdocs/rms/ThinkPHP/Lib/Template/ThinkTemplate.class.php 第 404 行.
NOTIC: [8192] preg_replace(): The /e modifier is deprecated, use preg_replace_callback instead /Applications/MAMP/htdocs/rms/ThinkPHP/Lib/Template/ThinkTemplate.class.php 第 404 行.
NOTIC: [8192] preg_replace(): The /e modifier is deprecated, use preg_replace_callback instead /Applications/MAMP/htdocs/rms/ThinkPHP/Lib/Template/ThinkTemplate.class.php 第 404 行.
NOTIC: [8192] preg_replace(): The /e modifier is deprecated, use preg_replace_callback instead /Applications/MAMP/htdocs/rms/ThinkPHP/Lib/Template/ThinkTemplate.class.php 第 404 行.
NOTIC: [8192] preg_replace(): The /e modifier is deprecated, use preg_replace_callback instead /Applications/MAMP/htdocs/rms/ThinkPHP/Lib/Template/ThinkTemplate.class.php 第 404 行.
NOTIC: [8192] preg_replace(): The /e modifier is deprecated, use preg_replace_callback instead /Applications/MAMP/htdocs/rms/ThinkPHP/Lib/Template/ThinkTemplate.class.php 第 404 行.
NOTIC: [8192] preg_replace(): The /e modifier is deprecated, use preg_replace_callback instead /Applications/MAMP/htdocs/rms/ThinkPHP/Lib/Template/ThinkTemplate.class.php 第 404 行.
NOTIC: [8192] preg_replace(): The /e modifier is deprecated, use preg_replace_callback instead /Applications/MAMP/htdocs/rms/ThinkPHP/Lib/Template/ThinkTemplate.class.php 第 404 行.
NOTIC: [8192] preg_replace(): The /e modifier is deprecated, use preg_replace_callback instead /Applications/MAMP/htdocs/rms/ThinkPHP/Lib/Template/ThinkTemplate.class.php 第 404 行.
NOTIC: [8192] preg_replace(): The /e modifier is deprecated, use preg_replace_callback instead /Applications/MAMP/htdocs/rms/ThinkPHP/Lib/Template/ThinkTemplate.class.php 第 404 行.
NOTIC: [8192] preg_replace(): The /e modifier is deprecated, use preg_replace_callback instead /Applications/MAMP/htdocs/rms/ThinkPHP/Lib/Template/ThinkTemplate.class.php 第 404 行.
NOTIC: [8192] preg_replace(): The /e modifier is deprecated, use preg_replace_callback instead /Applications/MAMP/htdocs/rms/ThinkPHP/Lib/Template/ThinkTemplate.class.php 第 404 行.
NOTIC: [8192] preg_replace(): The /e modifier is deprecated, use preg_replace_callback instead /Applications/MAMP/htdocs/rms/ThinkPHP/Lib/Template/ThinkTemplate.class.php 第 404 行.
NOTIC: [8192] preg_replace(): The /e modifier is deprecated, use preg_replace_callback instead /Applications/MAMP/htdocs/rms/ThinkPHP/Lib/Template/ThinkTemplate.class.php 第 404 行.
NOTIC: [8192] preg_replace(): The /e modifier is deprecated, use preg_replace_callback instead /Applications/MAMP/htdocs/rms/ThinkPHP/Lib/Template/ThinkTemplate.class.php 第 404 行.
NOTIC: [8192] preg_replace(): The /e modifier is deprecated, use preg_replace_callback instead /Applications/MAMP/htdocs/rms/ThinkPHP/Lib/Template/ThinkTemplate.class.php 第 404 行.
NOTIC: [8192] preg_replace(): The /e modifier is deprecated, use preg_replace_callback instead /Applications/MAMP/htdocs/rms/ThinkPHP/Lib/Template/ThinkTemplate.class.php 第 404 行.
NOTIC: [8192] preg_replace(): The /e modifier is deprecated, use preg_replace_callback instead /Applications/MAMP/htdocs/rms/ThinkPHP/Lib/Template/ThinkTemplate.class.php 第 404 行.
NOTIC: [8192] preg_replace(): The /e modifier is deprecated, use preg_replace_callback instead /Applications/MAMP/htdocs/rms/ThinkPHP/Lib/Template/ThinkTemplate.class.php 第 404 行.
NOTIC: [8192] preg_replace(): The /e modifier is deprecated, use preg_replace_callback instead /Applications/MAMP/htdocs/rms/ThinkPHP/Lib/Template/ThinkTemplate.class.php 第 404 行.
NOTIC: [8192] preg_replace(): The /e modifier is deprecated, use preg_replace_callback instead /Applications/MAMP/htdocs/rms/ThinkPHP/Lib/Template/ThinkTemplate.class.php 第 404 行.
NOTIC: [8192] preg_replace(): The /e modifier is deprecated, use preg_replace_callback instead /Applications/MAMP/htdocs/rms/ThinkPHP/Lib/Template/ThinkTemplate.class.php 第 404 行.
NOTIC: [8192] preg_replace(): The /e modifier is deprecated, use preg_replace_callback instead /Applications/MAMP/htdocs/rms/ThinkPHP/Lib/Template/ThinkTemplate.class.php 第 404 行.
NOTIC: [8192] preg_replace(): The /e modifier is deprecated, use preg_replace_callback instead /Applications/MAMP/htdocs/rms/ThinkPHP/Lib/Template/ThinkTemplate.class.php 第 404 行.
NOTIC: [8192] preg_replace(): The /e modifier is deprecated, use preg_replace_callback instead /Applications/MAMP/htdocs/rms/ThinkPHP/Lib/Template/ThinkTemplate.class.php 第 404 行.
NOTIC: [8192] preg_replace(): The /e modifier is deprecated, use preg_replace_callback instead /Applications/MAMP/htdocs/rms/ThinkPHP/Lib/Template/ThinkTemplate.class.php 第 404 行.
NOTIC: [8192] preg_replace(): The /e modifier is deprecated, use preg_replace_callback instead /Applications/MAMP/htdocs/rms/ThinkPHP/Lib/Template/ThinkTemplate.class.php 第 404 行.
NOTIC: [8192] preg_replace(): The /e modifier is deprecated, use preg_replace_callback instead /Applications/MAMP/htdocs/rms/ThinkPHP/Lib/Template/ThinkTemplate.class.php 第 404 行.
NOTIC: [8192] preg_replace(): The /e modifier is deprecated, use preg_replace_callback instead /Applications/MAMP/htdocs/rms/ThinkPHP/Lib/Template/ThinkTemplate.class.php 第 404 行.
NOTIC: [8192] preg_replace(): The /e modifier is deprecated, use preg_replace_callback instead /Applications/MAMP/htdocs/rms/ThinkPHP/Lib/Template/ThinkTemplate.class.php 第 404 行.
NOTIC: [8192] preg_replace(): The /e modifier is deprecated, use preg_replace_callback instead /Applications/MAMP/htdocs/rms/ThinkPHP/Lib/Template/ThinkTemplate.class.php 第 404 行.
NOTIC: [8192] preg_replace(): The /e modifier is deprecated, use preg_replace_callback instead /Applications/MAMP/htdocs/rms/ThinkPHP/Lib/Template/ThinkTemplate.class.php 第 404 行.
NOTIC: [8192] preg_replace(): The /e modifier is deprecated, use preg_replace_callback instead /Applications/MAMP/htdocs/rms/ThinkPHP/Lib/Template/ThinkTemplate.class.php 第 404 行.
NOTIC: [8192] preg_replace(): The /e modifier is deprecated, use preg_replace_callback instead /Applications/MAMP/htdocs/rms/ThinkPHP/Lib/Template/ThinkTemplate.class.php 第 404 行.
NOTIC: [8192] preg_replace(): The /e modifier is deprecated, use preg_replace_callback instead /Applications/MAMP/htdocs/rms/ThinkPHP/Lib/Template/ThinkTemplate.class.php 第 404 行.
NOTIC: [8192] preg_replace(): The /e modifier is deprecated, use preg_replace_callback instead /Applications/MAMP/htdocs/rms/ThinkPHP/Lib/Template/ThinkTemplate.class.php 第 404 行.
NOTIC: [8192] preg_replace(): The /e modifier is deprecated, use preg_replace_callback instead /Applications/MAMP/htdocs/rms/ThinkPHP/Lib/Template/ThinkTemplate.class.php 第 404 行.
NOTIC: [8192] preg_replace(): The /e modifier is deprecated, use preg_replace_callback instead /Applications/MAMP/htdocs/rms/ThinkPHP/Lib/Template/ThinkTemplate.class.php 第 404 行.
NOTIC: [8192] preg_replace(): The /e modifier is deprecated, use preg_replace_callback instead /Applications/MAMP/htdocs/rms/ThinkPHP/Lib/Template/ThinkTemplate.class.php 第 404 行.
NOTIC: [8192] preg_replace(): The /e modifier is deprecated, use preg_replace_callback instead /Applications/MAMP/htdocs/rms/ThinkPHP/Lib/Template/ThinkTemplate.class.php 第 404 行.
NOTIC: [8192] preg_replace(): The /e modifier is deprecated, use preg_replace_callback instead /Applications/MAMP/htdocs/rms/ThinkPHP/Lib/Template/ThinkTemplate.class.php 第 399 行.
NOTIC: [8192] preg_replace(): The /e modifier is deprecated, use preg_replace_callback instead /Applications/MAMP/htdocs/rms/ThinkPHP/Lib/Template/ThinkTemplate.class.php 第 399 行.
NOTIC: [8192] preg_replace(): The /e modifier is deprecated, use preg_replace_callback instead /Applications/MAMP/htdocs/rms/ThinkPHP/Lib/Template/ThinkTemplate.class.php 第 399 行.
NOTIC: [8192] preg_replace(): The /e modifier is deprecated, use preg_replace_callback instead /Applications/MAMP/htdocs/rms/ThinkPHP/Lib/Template/ThinkTemplate.class.php 第 399 行.
NOTIC: [8192] preg_replace(): The /e modifier is deprecated, use preg_replace_callback instead /Applications/MAMP/htdocs/rms/ThinkPHP/Lib/Template/ThinkTemplate.class.php 第 399 行.
NOTIC: [8192] preg_replace(): The /e modifier is deprecated, use preg_replace_callback instead /Applications/MAMP/htdocs/rms/ThinkPHP/Lib/Template/ThinkTemplate.class.php 第 399 行.
NOTIC: [8192] preg_replace(): The /e modifier is deprecated, use preg_replace_callback instead /Applications/MAMP/htdocs/rms/ThinkPHP/Lib/Template/ThinkTemplate.class.php 第 404 行.
NOTIC: [8192] preg_replace(): The /e modifier is deprecated, use preg_replace_callback instead /Applications/MAMP/htdocs/rms/ThinkPHP/Lib/Template/ThinkTemplate.class.php 第 404 行.
NOTIC: [8192] preg_replace(): The /e modifier is deprecated, use preg_replace_callback instead /Applications/MAMP/htdocs/rms/ThinkPHP/Lib/Template/ThinkTemplate.class.php 第 404 行.
NOTIC: [8192] preg_replace(): The /e modifier is deprecated, use preg_replace_callback instead /Applications/MAMP/htdocs/rms/ThinkPHP/Lib/Template/ThinkTemplate.class.php 第 197 行.
NOTIC: [8192] preg_replace(): The /e modifier is deprecated, use preg_replace_callback instead /Applications/MAMP/htdocs/rms/ThinkPHP/Lib/Template/ThinkTemplate.class.php 第 137 行.
INFO: ParseTemplate Behavior ::run [ RunTime:0.019140s ]
INFO: [ view_parse ] --END-- [ RunTime:0.019284s ]
INFO: [ view_filter ] --START--
INFO: ContentReplace Behavior ::run [ RunTime:0.000875s ]
INFO: TokenBuild Behavior ::run [ RunTime:0.000689s ]
INFO: WriteHtmlCache Behavior ::run [ RunTime:0.000584s ]
INFO: ShowRuntime Behavior ::run [ RunTime:0.000932s ]
INFO: [ view_filter ] --END-- [ RunTime:0.003392s ]
INFO: [ view_end ] --START--
INFO: ShowPageTrace Behavior ::run [ RunTime:0.001797s ]
INFO: [ view_end ] --END-- [ RunTime:0.001945s ]

[ 2019-11-08T13:18:50+08:00 ] SQL: YingshouReportpopupPaymentMgrview165WRITE的SQL：verify|N;userid|s:1:"3";userInfo|a:5:{s:6:"userid";s:1:"3";s:4:"name";s:5:"admin";s:8:"rolename";s:15:"系统管理员";s:8:"truename";s:15:"系统管理员";s:10:"department";s:0:"";}Noticepage|s:1:"1";YingshouInvoicelistviewpage|s:1:"1";searchTextPaymentMgr|s:0:"";PaymentMgrpage|s:1:"1";YingshouReportpage|s:1:"1";DiningSalepage|s:1:"1";
[ 2019-11-08T13:18:50+08:00 ] SQL: YingshouReportACTINO_NAME151READ的SQL：verify|N;userid|s:1:"3";userInfo|a:5:{s:6:"userid";s:1:"3";s:4:"name";s:5:"admin";s:8:"rolename";s:15:"系统管理员";s:8:"truename";s:15:"系统管理员";s:10:"department";s:0:"";}Noticepage|s:1:"1";YingshouInvoicelistviewpage|s:1:"1";searchTextPaymentMgr|s:0:"";PaymentMgrpage|s:1:"1";YingshouReportpage|s:1:"1";DiningSalepage|s:1:"1";
[ 2019-11-08T13:18:50+08:00 ] 0.0.0.0 /rms/index.php?s=/YingshouReport/getCompanyPayment/company/%E6%80%BB%E9%83%A8
INFO: [ route_check ] --START--
INFO: CheckRoute Behavior ::run [ RunTime:0.001584s ]
INFO: [ route_check ] --END-- [ RunTime:0.001853s ]
NOTIC: [8192] preg_replace(): The /e modifier is deprecated, use preg_replace_callback instead /Applications/MAMP/htdocs/rms/ThinkPHP/Lib/Core/Dispatcher.class.php 第 132 行.
INFO: [ app_begin ] --START--
INFO: ReadHtmlCache Behavior ::run [ RunTime:0.000698s ]
INFO: CheckLang Behavior ::run [ RunTime:0.001414s ]
INFO: [ app_begin ] --END-- [ RunTime:0.002253s ]
NOTIC: [8192] mysql_connect(): The mysql extension is deprecated and will be removed in the future: use mysqli or PDO instead /Applications/MAMP/htdocs/rms/ThinkPHP/Extend/Driver/Session/SessionDb.class.php 第 116 行.
NOTIC: [8] Use of undefined constant ACTINO_NAME - assumed 'ACTINO_NAME' /Applications/MAMP/htdocs/rms/ThinkPHP/Extend/Driver/Session/SessionDb.class.php 第 151 行.
NOTIC: [8] Use of undefined constant new_link - assumed 'new_link' /Applications/MAMP/htdocs/rms/ThinkPHP/Extend/Library/COM/Db/SystemDb.class.php 第 40 行.
NOTIC: [8192] mysql_connect(): The mysql extension is deprecated and will be removed in the future: use mysqli or PDO instead /Applications/MAMP/htdocs/rms/ThinkPHP/Extend/Library/COM/Db/SystemDb.class.php 第 40 行.
NOTIC: [8192] mysql_connect(): The mysql extension is deprecated and will be removed in the future: use mysqli or PDO instead /Applications/MAMP/htdocs/rms/ThinkPHP/Lib/Driver/Db/DbMysql.class.php 第 55 行.
SQL: SHOW COLUMNS FROM `rms_role_user` [ RunTime:0.006183s ]
NOTIC: [8192] preg_replace(): The /e modifier is deprecated, use preg_replace_callback instead /Applications/MAMP/htdocs/rms/ThinkPHP/Lib/Core/Db.class.php 第 606 行.
SQL: SELECT * FROM `rms_role_user` WHERE ( user_id=3 ) LIMIT 1   [ RunTime:0.002172s ]
NOTIC: [8] Use of undefined constant new_link - assumed 'new_link' /Applications/MAMP/htdocs/rms/ThinkPHP/Extend/Library/COM/Db/SystemDb.class.php 第 40 行.
NOTIC: [8192] mysql_connect(): The mysql extension is deprecated and will be removed in the future: use mysqli or PDO instead /Applications/MAMP/htdocs/rms/ThinkPHP/Extend/Library/COM/Db/SystemDb.class.php 第 40 行.
SQL: SHOW COLUMNS FROM `rms_access` [ RunTime:0.002837s ]
NOTIC: [8192] preg_replace(): The /e modifier is deprecated, use preg_replace_callback instead /Applications/MAMP/htdocs/rms/ThinkPHP/Lib/Core/Db.class.php 第 606 行.
SQL: SELECT `node_id` FROM `rms_access` WHERE ( `role_id` = 3 )  [ RunTime:0.000242s ]
NOTIC: [2] Invalid argument supplied for foreach() /Applications/MAMP/htdocs/rms/rms/Lib/Action/YingshouReportAction.class.php 第 2956 行.
NOTIC: [8] Use of undefined constant new_link - assumed 'new_link' /Applications/MAMP/htdocs/rms/ThinkPHP/Extend/Library/COM/Db/SystemDb.class.php 第 40 行.
NOTIC: [8192] mysql_connect(): The mysql extension is deprecated and will be removed in the future: use mysqli or PDO instead /Applications/MAMP/htdocs/rms/ThinkPHP/Extend/Library/COM/Db/SystemDb.class.php 第 40 行.
SQL: SHOW COLUMNS FROM `rms_node` [ RunTime:0.009901s ]
NOTIC: [8192] preg_replace(): The /e modifier is deprecated, use preg_replace_callback instead /Applications/MAMP/htdocs/rms/ThinkPHP/Lib/Core/Db.class.php 第 606 行.
SQL: SELECT * FROM `rms_node` WHERE ( name='companyRevpar' ) LIMIT 1   [ RunTime:0.000944s ]
NOTIC: [8] Undefined variable: accessArr /Applications/MAMP/htdocs/rms/rms/Lib/Action/YingshouReportAction.class.php 第 2964 行.
NOTIC: [2] in_array() expects parameter 2 to be array, null given /Applications/MAMP/htdocs/rms/rms/Lib/Action/YingshouReportAction.class.php 第 2964 行.
NOTIC: [8192] preg_replace(): The /e modifier is deprecated, use preg_replace_callback instead /Applications/MAMP/htdocs/rms/ThinkPHP/Lib/Core/Db.class.php 第 606 行.
SQL: SELECT * FROM `rms_node` WHERE ( name='financeRevpar' ) LIMIT 1   [ RunTime:0.000398s ]
NOTIC: [8] Undefined variable: accessArr /Applications/MAMP/htdocs/rms/rms/Lib/Action/YingshouReportAction.class.php 第 2971 行.
NOTIC: [2] in_array() expects parameter 2 to be array, null given /Applications/MAMP/htdocs/rms/rms/Lib/Action/YingshouReportAction.class.php 第 2971 行.
NOTIC: [8] Undefined variable: revparType /Applications/MAMP/htdocs/rms/rms/Lib/Action/YingshouReportAction.class.php 第 2975 行.
NOTIC: [8] Use of undefined constant new_link - assumed 'new_link' /Applications/MAMP/htdocs/rms/ThinkPHP/Extend/Library/COM/Db/SystemDb.class.php 第 40 行.
NOTIC: [8192] mysql_connect(): The mysql extension is deprecated and will be removed in the future: use mysqli or PDO instead /Applications/MAMP/htdocs/rms/ThinkPHP/Extend/Library/COM/Db/SystemDb.class.php 第 40 行.
SQL: SHOW COLUMNS FROM `rms_paymentmgr` [ RunTime:0.004515s ]
NOTIC: [8192] preg_replace(): The /e modifier is deprecated, use preg_replace_callback instead /Applications/MAMP/htdocs/rms/ThinkPHP/Lib/Core/Db.class.php 第 606 行.
SQL: SELECT * FROM `rms_paymentmgr` WHERE ( `domain` = 'localhost' )  [ RunTime:0.000355s ]
NOTIC: [8192] preg_replace(): The /e modifier is deprecated, use preg_replace_callback instead /Applications/MAMP/htdocs/rms/ThinkPHP/Lib/Core/Db.class.php 第 606 行.
SQL: SELECT * FROM `rms_paymentmgr` WHERE ( `company` = '总部' ) AND ( `domain` = 'localhost' )  [ RunTime:0.000336s ]

[ 2019-11-08T13:18:50+08:00 ] SQL: YingshouReportgetCompanyPayment165WRITE的SQL：verify|N;userid|s:1:"3";userInfo|a:5:{s:6:"userid";s:1:"3";s:4:"name";s:5:"admin";s:8:"rolename";s:15:"系统管理员";s:8:"truename";s:15:"系统管理员";s:10:"department";s:0:"";}Noticepage|s:1:"1";YingshouInvoicelistviewpage|s:1:"1";searchTextPaymentMgr|s:0:"";PaymentMgrpage|s:1:"1";YingshouReportpage|s:1:"1";DiningSalepage|s:1:"1";
