[ 2020-01-11T21:55:14+08:00 ] SQL: Loginagain165WRITE的SQL：
[ 2020-01-11T21:55:44+08:00 ] SQL: YingshouRoomServiceACTINO_NAME151READ的SQL：verify|N;userid|s:2:"32";userInfo|a:5:{s:6:"userid";s:2:"32";s:4:"name";s:9:"huainanjz";s:8:"rolename";s:9:"结账员";s:8:"truename";s:6:"怀南";s:10:"department";s:6:"怀南";}YingshouRoomServicelistviewpage|N;YingshouIncomeMgrlistviewpage|s:1:"0";YingshouInnerCarrylistviewpage|s:1:"1";searchTextPaymentMgr|s:0:"";PaymentMgrpage|s:1:"1";YingshouRevparMgrlistviewpage|s:1:"1";
[ 2020-01-11T21:55:45+08:00 ] 0.0.0.0 /rms/index.php?s=/YingshouRoomService/listview
INFO: [ route_check ] --START--
INFO: CheckRoute Behavior ::run [ RunTime:0.001348s ]
INFO: [ route_check ] --END-- [ RunTime:0.001619s ]
NOTIC: [8192] preg_replace(): The /e modifier is deprecated, use preg_replace_callback instead /Applications/MAMP/htdocs/rms/ThinkPHP/Lib/Core/Dispatcher.class.php 第 132 行.
INFO: [ app_begin ] --START--
INFO: ReadHtmlCache Behavior ::run [ RunTime:0.001117s ]
INFO: CheckLang Behavior ::run [ RunTime:0.003177s ]
INFO: [ app_begin ] --END-- [ RunTime:0.004534s ]
NOTIC: [8192] mysql_connect(): The mysql extension is deprecated and will be removed in the future: use mysqli or PDO instead /Applications/MAMP/htdocs/rms/ThinkPHP/Extend/Driver/Session/SessionDb.class.php 第 116 行.
NOTIC: [8] Use of undefined constant ACTINO_NAME - assumed 'ACTINO_NAME' /Applications/MAMP/htdocs/rms/ThinkPHP/Extend/Driver/Session/SessionDb.class.php 第 151 行.
NOTIC: [2048] Declaration of YingshouRoomServiceAction::get_slave_table() should be compatible with ModuleAction::get_slave_table($record) /Applications/MAMP/htdocs/rms/rms/Lib/Action/YingshouRoomServiceAction.class.php 第 11 行.
NOTIC: [8] Use of undefined constant new_link - assumed 'new_link' /Applications/MAMP/htdocs/rms/ThinkPHP/Extend/Library/COM/Db/SystemDb.class.php 第 40 行.
NOTIC: [8192] mysql_connect(): The mysql extension is deprecated and will be removed in the future: use mysqli or PDO instead /Applications/MAMP/htdocs/rms/ThinkPHP/Extend/Library/COM/Db/SystemDb.class.php 第 40 行.
NOTIC: [8192] mysql_connect(): The mysql extension is deprecated and will be removed in the future: use mysqli or PDO instead /Applications/MAMP/htdocs/rms/ThinkPHP/Lib/Driver/Db/DbMysql.class.php 第 55 行.
SQL: SHOW COLUMNS FROM `roomservice_` [ RunTime:0.003530s ]
ERR: 1146:Table 'rms.roomservice_' doesn't exist
 [ SQL语句 ] : SHOW COLUMNS FROM `roomservice_`
NOTIC: [8192] mysql_connect(): The mysql extension is deprecated and will be removed in the future: use mysqli or PDO instead /Applications/MAMP/htdocs/rms/ThinkPHP/Lib/Driver/Db/DbMysql.class.php 第 55 行.
SQL: SHOW COLUMNS FROM `roomservice_01` [ RunTime:0.000335s ]
ERR: 1146:Table 'rms_revenue_2020.roomservice_01' doesn't exist
 [ SQL语句 ] : SHOW COLUMNS FROM `roomservice_01`
NOTIC: [8192] preg_replace(): The /e modifier is deprecated, use preg_replace_callback instead /Applications/MAMP/htdocs/rms/ThinkPHP/Lib/Core/Db.class.php 第 606 行.
SQL: SELECT COUNT(*) AS tp_count FROM `roomservice_01` WHERE ( `date` = '2020-01-11' ) AND ( `ap` = '上午' ) AND ( `company` = '怀南' ) AND ( `domain` = 'localhost' ) LIMIT 1   [ RunTime:0.000764s ]
ERR: 1146:Table 'rms_revenue_2020.roomservice_01' doesn't exist
 [ SQL语句 ] : SELECT COUNT(*) AS tp_count FROM `roomservice_01` WHERE ( `date` = '2020-01-11' ) AND ( `ap` = '上午' ) AND ( `company` = '怀南' ) AND ( `domain` = 'localhost' ) LIMIT 1  
NOTIC: [8] Undefined index: page /Applications/MAMP/htdocs/rms/rms/Lib/Action/YingshouRoomServiceAction.class.php 第 104 行.
NOTIC: [8192] preg_replace(): The /e modifier is deprecated, use preg_replace_callback instead /Applications/MAMP/htdocs/rms/ThinkPHP/Lib/Core/Db.class.php 第 606 行.
SQL: SELECT `roomserviceid`,`name`,`totalmoney`,`jiezhangmoney`,`date`,`ap` FROM `roomservice_01` WHERE ( `date` = '2020-01-11' ) AND ( `ap` = '上午' ) AND ( `company` = '怀南' ) AND ( `domain` = 'localhost' ) ORDER BY  (totalmoney -jiezhangmoney) desc,name LIMIT 0,10   [ RunTime:0.000664s ]
ERR: 1146:Table 'rms_revenue_2020.roomservice_01' doesn't exist
 [ SQL语句 ] : SELECT `roomserviceid`,`name`,`totalmoney`,`jiezhangmoney`,`date`,`ap` FROM `roomservice_01` WHERE ( `date` = '2020-01-11' ) AND ( `ap` = '上午' ) AND ( `company` = '怀南' ) AND ( `domain` = 'localhost' ) ORDER BY  (totalmoney -jiezhangmoney) desc,name LIMIT 0,10  
NOTIC: [2] Invalid argument supplied for foreach() /Applications/MAMP/htdocs/rms/rms/Lib/Action/YingshouRoomServiceAction.class.php 第 125 行.

[ 2020-01-11T21:55:45+08:00 ] SQL: YingshouRoomServicelistview165WRITE的SQL：verify|N;userid|s:2:"32";userInfo|a:5:{s:6:"userid";s:2:"32";s:4:"name";s:9:"huainanjz";s:8:"rolename";s:9:"结账员";s:8:"truename";s:6:"怀南";s:10:"department";s:6:"怀南";}YingshouRoomServicelistviewpage|N;YingshouIncomeMgrlistviewpage|s:1:"0";YingshouInnerCarrylistviewpage|s:1:"1";searchTextPaymentMgr|s:0:"";PaymentMgrpage|s:1:"1";YingshouRevparMgrlistviewpage|s:1:"1";
[ 2020-01-11T21:56:08+08:00 ] SQL: YingshouRoomServiceACTINO_NAME151READ的SQL：verify|N;userid|s:2:"32";userInfo|a:5:{s:6:"userid";s:2:"32";s:4:"name";s:9:"huainanjz";s:8:"rolename";s:9:"结账员";s:8:"truename";s:6:"怀南";s:10:"department";s:6:"怀南";}YingshouRoomServicelistviewpage|N;YingshouIncomeMgrlistviewpage|s:1:"0";YingshouInnerCarrylistviewpage|s:1:"1";searchTextPaymentMgr|s:0:"";PaymentMgrpage|s:1:"1";YingshouRevparMgrlistviewpage|s:1:"1";
[ 2020-01-11T21:56:08+08:00 ] 0.0.0.0 /rms/index.php?s=/YingshouRoomService/listview
INFO: [ route_check ] --START--
INFO: CheckRoute Behavior ::run [ RunTime:0.000865s ]
INFO: [ route_check ] --END-- [ RunTime:0.001099s ]
NOTIC: [8192] preg_replace(): The /e modifier is deprecated, use preg_replace_callback instead /Applications/MAMP/htdocs/rms/ThinkPHP/Lib/Core/Dispatcher.class.php 第 132 行.
INFO: [ app_begin ] --START--
INFO: ReadHtmlCache Behavior ::run [ RunTime:0.000530s ]
INFO: CheckLang Behavior ::run [ RunTime:0.001100s ]
INFO: [ app_begin ] --END-- [ RunTime:0.001809s ]
NOTIC: [8192] mysql_connect(): The mysql extension is deprecated and will be removed in the future: use mysqli or PDO instead /Applications/MAMP/htdocs/rms/ThinkPHP/Extend/Driver/Session/SessionDb.class.php 第 116 行.
NOTIC: [8] Use of undefined constant ACTINO_NAME - assumed 'ACTINO_NAME' /Applications/MAMP/htdocs/rms/ThinkPHP/Extend/Driver/Session/SessionDb.class.php 第 151 行.
NOTIC: [2048] Declaration of YingshouRoomServiceAction::get_slave_table() should be compatible with ModuleAction::get_slave_table($record) /Applications/MAMP/htdocs/rms/rms/Lib/Action/YingshouRoomServiceAction.class.php 第 11 行.
NOTIC: [8] Use of undefined constant new_link - assumed 'new_link' /Applications/MAMP/htdocs/rms/ThinkPHP/Extend/Library/COM/Db/SystemDb.class.php 第 40 行.
NOTIC: [8192] mysql_connect(): The mysql extension is deprecated and will be removed in the future: use mysqli or PDO instead /Applications/MAMP/htdocs/rms/ThinkPHP/Extend/Library/COM/Db/SystemDb.class.php 第 40 行.
NOTIC: [8192] mysql_connect(): The mysql extension is deprecated and will be removed in the future: use mysqli or PDO instead /Applications/MAMP/htdocs/rms/ThinkPHP/Lib/Driver/Db/DbMysql.class.php 第 55 行.
SQL: SHOW COLUMNS FROM `roomservice_` [ RunTime:0.000319s ]
ERR: 1146:Table 'rms.roomservice_' doesn't exist
 [ SQL语句 ] : SHOW COLUMNS FROM `roomservice_`
NOTIC: [8192] mysql_connect(): The mysql extension is deprecated and will be removed in the future: use mysqli or PDO instead /Applications/MAMP/htdocs/rms/ThinkPHP/Lib/Driver/Db/DbMysql.class.php 第 55 行.
SQL: SHOW COLUMNS FROM `roomservice_01` [ RunTime:0.000316s ]
ERR: 1146:Table 'rms_revenue_2020.roomservice_01' doesn't exist
 [ SQL语句 ] : SHOW COLUMNS FROM `roomservice_01`
NOTIC: [8192] preg_replace(): The /e modifier is deprecated, use preg_replace_callback instead /Applications/MAMP/htdocs/rms/ThinkPHP/Lib/Core/Db.class.php 第 606 行.
SQL: SELECT COUNT(*) AS tp_count FROM `roomservice_01` WHERE ( `date` = '2020-01-10' ) AND ( `ap` = '上午' ) AND ( `company` = '怀南' ) AND ( `domain` = 'localhost' ) LIMIT 1   [ RunTime:0.000157s ]
ERR: 1146:Table 'rms_revenue_2020.roomservice_01' doesn't exist
 [ SQL语句 ] : SELECT COUNT(*) AS tp_count FROM `roomservice_01` WHERE ( `date` = '2020-01-10' ) AND ( `ap` = '上午' ) AND ( `company` = '怀南' ) AND ( `domain` = 'localhost' ) LIMIT 1  
NOTIC: [8] Undefined index: page /Applications/MAMP/htdocs/rms/rms/Lib/Action/YingshouRoomServiceAction.class.php 第 104 行.
NOTIC: [8192] preg_replace(): The /e modifier is deprecated, use preg_replace_callback instead /Applications/MAMP/htdocs/rms/ThinkPHP/Lib/Core/Db.class.php 第 606 行.
SQL: SELECT `roomserviceid`,`name`,`totalmoney`,`jiezhangmoney`,`date`,`ap` FROM `roomservice_01` WHERE ( `date` = '2020-01-10' ) AND ( `ap` = '上午' ) AND ( `company` = '怀南' ) AND ( `domain` = 'localhost' ) ORDER BY  (totalmoney -jiezhangmoney) desc,name LIMIT 0,10   [ RunTime:0.000173s ]
ERR: 1146:Table 'rms_revenue_2020.roomservice_01' doesn't exist
 [ SQL语句 ] : SELECT `roomserviceid`,`name`,`totalmoney`,`jiezhangmoney`,`date`,`ap` FROM `roomservice_01` WHERE ( `date` = '2020-01-10' ) AND ( `ap` = '上午' ) AND ( `company` = '怀南' ) AND ( `domain` = 'localhost' ) ORDER BY  (totalmoney -jiezhangmoney) desc,name LIMIT 0,10  
NOTIC: [2] Invalid argument supplied for foreach() /Applications/MAMP/htdocs/rms/rms/Lib/Action/YingshouRoomServiceAction.class.php 第 125 行.

[ 2020-01-11T21:56:08+08:00 ] SQL: YingshouRoomServicelistview165WRITE的SQL：verify|N;userid|s:2:"32";userInfo|a:5:{s:6:"userid";s:2:"32";s:4:"name";s:9:"huainanjz";s:8:"rolename";s:9:"结账员";s:8:"truename";s:6:"怀南";s:10:"department";s:6:"怀南";}YingshouRoomServicelistviewpage|N;YingshouIncomeMgrlistviewpage|s:1:"0";YingshouInnerCarrylistviewpage|s:1:"1";searchTextPaymentMgr|s:0:"";PaymentMgrpage|s:1:"1";YingshouRevparMgrlistviewpage|s:1:"1";
[ 2020-01-11T21:56:14+08:00 ] SQL: YingshouRoomServiceACTINO_NAME151READ的SQL：verify|N;userid|s:2:"32";userInfo|a:5:{s:6:"userid";s:2:"32";s:4:"name";s:9:"huainanjz";s:8:"rolename";s:9:"结账员";s:8:"truename";s:6:"怀南";s:10:"department";s:6:"怀南";}YingshouRoomServicelistviewpage|N;YingshouIncomeMgrlistviewpage|s:1:"1";
[ 2020-01-11T21:56:14+08:00 ] 0.0.0.0 /rms/index.php?s=/YingshouRoomService/listview
INFO: [ route_check ] --START--
INFO: CheckRoute Behavior ::run [ RunTime:0.000998s ]
INFO: [ route_check ] --END-- [ RunTime:0.001276s ]
NOTIC: [8192] preg_replace(): The /e modifier is deprecated, use preg_replace_callback instead /Applications/MAMP/htdocs/rms/ThinkPHP/Lib/Core/Dispatcher.class.php 第 132 行.
INFO: [ app_begin ] --START--
INFO: ReadHtmlCache Behavior ::run [ RunTime:0.000643s ]
INFO: CheckLang Behavior ::run [ RunTime:0.001176s ]
INFO: [ app_begin ] --END-- [ RunTime:0.002032s ]
NOTIC: [8192] mysql_connect(): The mysql extension is deprecated and will be removed in the future: use mysqli or PDO instead /Applications/MAMP/htdocs/rms/ThinkPHP/Extend/Driver/Session/SessionDb.class.php 第 116 行.
NOTIC: [8] Use of undefined constant ACTINO_NAME - assumed 'ACTINO_NAME' /Applications/MAMP/htdocs/rms/ThinkPHP/Extend/Driver/Session/SessionDb.class.php 第 151 行.
NOTIC: [2048] Declaration of YingshouRoomServiceAction::get_slave_table() should be compatible with ModuleAction::get_slave_table($record) /Applications/MAMP/htdocs/rms/rms/Lib/Action/YingshouRoomServiceAction.class.php 第 11 行.
NOTIC: [8] Use of undefined constant new_link - assumed 'new_link' /Applications/MAMP/htdocs/rms/ThinkPHP/Extend/Library/COM/Db/SystemDb.class.php 第 40 行.
NOTIC: [8192] mysql_connect(): The mysql extension is deprecated and will be removed in the future: use mysqli or PDO instead /Applications/MAMP/htdocs/rms/ThinkPHP/Extend/Library/COM/Db/SystemDb.class.php 第 40 行.
NOTIC: [8192] mysql_connect(): The mysql extension is deprecated and will be removed in the future: use mysqli or PDO instead /Applications/MAMP/htdocs/rms/ThinkPHP/Lib/Driver/Db/DbMysql.class.php 第 55 行.
SQL: SHOW COLUMNS FROM `roomservice_` [ RunTime:0.000260s ]
ERR: 1146:Table 'rms.roomservice_' doesn't exist
 [ SQL语句 ] : SHOW COLUMNS FROM `roomservice_`
NOTIC: [8192] mysql_connect(): The mysql extension is deprecated and will be removed in the future: use mysqli or PDO instead /Applications/MAMP/htdocs/rms/ThinkPHP/Lib/Driver/Db/DbMysql.class.php 第 55 行.
SQL: SHOW COLUMNS FROM `roomservice_01` [ RunTime:0.000261s ]
ERR: 1146:Table 'rms_revenue_2020.roomservice_01' doesn't exist
 [ SQL语句 ] : SHOW COLUMNS FROM `roomservice_01`
NOTIC: [8192] preg_replace(): The /e modifier is deprecated, use preg_replace_callback instead /Applications/MAMP/htdocs/rms/ThinkPHP/Lib/Core/Db.class.php 第 606 行.
SQL: SELECT COUNT(*) AS tp_count FROM `roomservice_01` WHERE ( `date` = '2020-01-08' ) AND ( `ap` = '上午' ) AND ( `company` = '怀南' ) AND ( `domain` = 'localhost' ) LIMIT 1   [ RunTime:0.000165s ]
ERR: 1146:Table 'rms_revenue_2020.roomservice_01' doesn't exist
 [ SQL语句 ] : SELECT COUNT(*) AS tp_count FROM `roomservice_01` WHERE ( `date` = '2020-01-08' ) AND ( `ap` = '上午' ) AND ( `company` = '怀南' ) AND ( `domain` = 'localhost' ) LIMIT 1  
NOTIC: [8] Undefined index: page /Applications/MAMP/htdocs/rms/rms/Lib/Action/YingshouRoomServiceAction.class.php 第 104 行.
NOTIC: [8192] preg_replace(): The /e modifier is deprecated, use preg_replace_callback instead /Applications/MAMP/htdocs/rms/ThinkPHP/Lib/Core/Db.class.php 第 606 行.
SQL: SELECT `roomserviceid`,`name`,`totalmoney`,`jiezhangmoney`,`date`,`ap` FROM `roomservice_01` WHERE ( `date` = '2020-01-08' ) AND ( `ap` = '上午' ) AND ( `company` = '怀南' ) AND ( `domain` = 'localhost' ) ORDER BY  (totalmoney -jiezhangmoney) desc,name LIMIT 0,16   [ RunTime:0.000257s ]
ERR: 1146:Table 'rms_revenue_2020.roomservice_01' doesn't exist
 [ SQL语句 ] : SELECT `roomserviceid`,`name`,`totalmoney`,`jiezhangmoney`,`date`,`ap` FROM `roomservice_01` WHERE ( `date` = '2020-01-08' ) AND ( `ap` = '上午' ) AND ( `company` = '怀南' ) AND ( `domain` = 'localhost' ) ORDER BY  (totalmoney -jiezhangmoney) desc,name LIMIT 0,16  
NOTIC: [2] Invalid argument supplied for foreach() /Applications/MAMP/htdocs/rms/rms/Lib/Action/YingshouRoomServiceAction.class.php 第 125 行.

[ 2020-01-11T21:56:14+08:00 ] SQL: YingshouRoomServicelistview165WRITE的SQL：verify|N;userid|s:2:"32";userInfo|a:5:{s:6:"userid";s:2:"32";s:4:"name";s:9:"huainanjz";s:8:"rolename";s:9:"结账员";s:8:"truename";s:6:"怀南";s:10:"department";s:6:"怀南";}YingshouRoomServicelistviewpage|N;YingshouIncomeMgrlistviewpage|s:1:"1";
[ 2020-01-11T21:56:44+08:00 ] SQL: YingshouRoomServiceACTINO_NAME151READ的SQL：verify|N;userid|s:2:"32";userInfo|a:5:{s:6:"userid";s:2:"32";s:4:"name";s:9:"huainanjz";s:8:"rolename";s:9:"结账员";s:8:"truename";s:6:"怀南";s:10:"department";s:6:"怀南";}YingshouRoomServicelistviewpage|N;YingshouIncomeMgrlistviewpage|s:1:"0";YingshouInnerCarrylistviewpage|s:1:"1";searchTextPaymentMgr|s:0:"";PaymentMgrpage|s:1:"1";YingshouRevparMgrlistviewpage|s:1:"1";
[ 2020-01-11T21:56:44+08:00 ] 0.0.0.0 /rms/index.php?s=/YingshouRoomService/listview
INFO: [ route_check ] --START--
INFO: CheckRoute Behavior ::run [ RunTime:0.001325s ]
INFO: [ route_check ] --END-- [ RunTime:0.001931s ]
NOTIC: [8192] preg_replace(): The /e modifier is deprecated, use preg_replace_callback instead /Applications/MAMP/htdocs/rms/ThinkPHP/Lib/Core/Dispatcher.class.php 第 132 行.
INFO: [ app_begin ] --START--
INFO: ReadHtmlCache Behavior ::run [ RunTime:0.002221s ]
INFO: CheckLang Behavior ::run [ RunTime:0.003485s ]
INFO: [ app_begin ] --END-- [ RunTime:0.005906s ]
NOTIC: [8192] mysql_connect(): The mysql extension is deprecated and will be removed in the future: use mysqli or PDO instead /Applications/MAMP/htdocs/rms/ThinkPHP/Extend/Driver/Session/SessionDb.class.php 第 116 行.
NOTIC: [8] Use of undefined constant ACTINO_NAME - assumed 'ACTINO_NAME' /Applications/MAMP/htdocs/rms/ThinkPHP/Extend/Driver/Session/SessionDb.class.php 第 151 行.
NOTIC: [2048] Declaration of YingshouRoomServiceAction::get_slave_table() should be compatible with ModuleAction::get_slave_table($record) /Applications/MAMP/htdocs/rms/rms/Lib/Action/YingshouRoomServiceAction.class.php 第 11 行.
NOTIC: [8] Use of undefined constant new_link - assumed 'new_link' /Applications/MAMP/htdocs/rms/ThinkPHP/Extend/Library/COM/Db/SystemDb.class.php 第 40 行.
NOTIC: [8192] mysql_connect(): The mysql extension is deprecated and will be removed in the future: use mysqli or PDO instead /Applications/MAMP/htdocs/rms/ThinkPHP/Extend/Library/COM/Db/SystemDb.class.php 第 40 行.
NOTIC: [8192] mysql_connect(): The mysql extension is deprecated and will be removed in the future: use mysqli or PDO instead /Applications/MAMP/htdocs/rms/ThinkPHP/Lib/Driver/Db/DbMysql.class.php 第 55 行.
SQL: SHOW COLUMNS FROM `roomservice_` [ RunTime:0.000278s ]
ERR: 1146:Table 'rms.roomservice_' doesn't exist
 [ SQL语句 ] : SHOW COLUMNS FROM `roomservice_`
NOTIC: [8192] mysql_connect(): The mysql extension is deprecated and will be removed in the future: use mysqli or PDO instead /Applications/MAMP/htdocs/rms/ThinkPHP/Lib/Driver/Db/DbMysql.class.php 第 55 行.
SQL: SHOW COLUMNS FROM `roomservice_01` [ RunTime:0.000258s ]
ERR: 1146:Table 'rms_revenue_2020.roomservice_01' doesn't exist
 [ SQL语句 ] : SHOW COLUMNS FROM `roomservice_01`
NOTIC: [8192] preg_replace(): The /e modifier is deprecated, use preg_replace_callback instead /Applications/MAMP/htdocs/rms/ThinkPHP/Lib/Core/Db.class.php 第 606 行.
SQL: SELECT COUNT(*) AS tp_count FROM `roomservice_01` WHERE ( `date` = '2020-01-11' ) AND ( `ap` = '上午' ) AND ( `company` = '怀南' ) AND ( `domain` = 'localhost' ) LIMIT 1   [ RunTime:0.000127s ]
ERR: 1146:Table 'rms_revenue_2020.roomservice_01' doesn't exist
 [ SQL语句 ] : SELECT COUNT(*) AS tp_count FROM `roomservice_01` WHERE ( `date` = '2020-01-11' ) AND ( `ap` = '上午' ) AND ( `company` = '怀南' ) AND ( `domain` = 'localhost' ) LIMIT 1  
NOTIC: [8] Undefined index: page /Applications/MAMP/htdocs/rms/rms/Lib/Action/YingshouRoomServiceAction.class.php 第 104 行.
NOTIC: [8192] preg_replace(): The /e modifier is deprecated, use preg_replace_callback instead /Applications/MAMP/htdocs/rms/ThinkPHP/Lib/Core/Db.class.php 第 606 行.
SQL: SELECT `roomserviceid`,`name`,`totalmoney`,`jiezhangmoney`,`date`,`ap` FROM `roomservice_01` WHERE ( `date` = '2020-01-11' ) AND ( `ap` = '上午' ) AND ( `company` = '怀南' ) AND ( `domain` = 'localhost' ) ORDER BY  (totalmoney -jiezhangmoney) desc,name LIMIT 0,10   [ RunTime:0.000184s ]
ERR: 1146:Table 'rms_revenue_2020.roomservice_01' doesn't exist
 [ SQL语句 ] : SELECT `roomserviceid`,`name`,`totalmoney`,`jiezhangmoney`,`date`,`ap` FROM `roomservice_01` WHERE ( `date` = '2020-01-11' ) AND ( `ap` = '上午' ) AND ( `company` = '怀南' ) AND ( `domain` = 'localhost' ) ORDER BY  (totalmoney -jiezhangmoney) desc,name LIMIT 0,10  
NOTIC: [2] Invalid argument supplied for foreach() /Applications/MAMP/htdocs/rms/rms/Lib/Action/YingshouRoomServiceAction.class.php 第 125 行.

[ 2020-01-11T21:56:44+08:00 ] SQL: YingshouRoomServicelistview165WRITE的SQL：verify|N;userid|s:2:"32";userInfo|a:5:{s:6:"userid";s:2:"32";s:4:"name";s:9:"huainanjz";s:8:"rolename";s:9:"结账员";s:8:"truename";s:6:"怀南";s:10:"department";s:6:"怀南";}YingshouRoomServicelistviewpage|N;YingshouIncomeMgrlistviewpage|s:1:"0";YingshouInnerCarrylistviewpage|s:1:"1";searchTextPaymentMgr|s:0:"";PaymentMgrpage|s:1:"1";YingshouRevparMgrlistviewpage|s:1:"1";
[ 2020-01-11T21:57:08+08:00 ] SQL: YingshouRoomServiceACTINO_NAME151READ的SQL：verify|N;userid|s:2:"32";userInfo|a:5:{s:6:"userid";s:2:"32";s:4:"name";s:9:"huainanjz";s:8:"rolename";s:9:"结账员";s:8:"truename";s:6:"怀南";s:10:"department";s:6:"怀南";}YingshouRoomServicelistviewpage|N;YingshouIncomeMgrlistviewpage|s:1:"0";YingshouInnerCarrylistviewpage|s:1:"1";searchTextPaymentMgr|s:0:"";PaymentMgrpage|s:1:"1";YingshouRevparMgrlistviewpage|s:1:"1";
[ 2020-01-11T21:57:08+08:00 ] 0.0.0.0 /rms/index.php?s=/YingshouRoomService/listview
INFO: [ route_check ] --START--
INFO: CheckRoute Behavior ::run [ RunTime:0.001105s ]
INFO: [ route_check ] --END-- [ RunTime:0.001335s ]
NOTIC: [8192] preg_replace(): The /e modifier is deprecated, use preg_replace_callback instead /Applications/MAMP/htdocs/rms/ThinkPHP/Lib/Core/Dispatcher.class.php 第 132 行.
INFO: [ app_begin ] --START--
INFO: ReadHtmlCache Behavior ::run [ RunTime:0.000548s ]
INFO: CheckLang Behavior ::run [ RunTime:0.001347s ]
INFO: [ app_begin ] --END-- [ RunTime:0.002082s ]
NOTIC: [8192] mysql_connect(): The mysql extension is deprecated and will be removed in the future: use mysqli or PDO instead /Applications/MAMP/htdocs/rms/ThinkPHP/Extend/Driver/Session/SessionDb.class.php 第 116 行.
NOTIC: [8] Use of undefined constant ACTINO_NAME - assumed 'ACTINO_NAME' /Applications/MAMP/htdocs/rms/ThinkPHP/Extend/Driver/Session/SessionDb.class.php 第 151 行.
NOTIC: [2048] Declaration of YingshouRoomServiceAction::get_slave_table() should be compatible with ModuleAction::get_slave_table($record) /Applications/MAMP/htdocs/rms/rms/Lib/Action/YingshouRoomServiceAction.class.php 第 11 行.
NOTIC: [8] Use of undefined constant new_link - assumed 'new_link' /Applications/MAMP/htdocs/rms/ThinkPHP/Extend/Library/COM/Db/SystemDb.class.php 第 40 行.
NOTIC: [8192] mysql_connect(): The mysql extension is deprecated and will be removed in the future: use mysqli or PDO instead /Applications/MAMP/htdocs/rms/ThinkPHP/Extend/Library/COM/Db/SystemDb.class.php 第 40 行.
NOTIC: [8192] mysql_connect(): The mysql extension is deprecated and will be removed in the future: use mysqli or PDO instead /Applications/MAMP/htdocs/rms/ThinkPHP/Lib/Driver/Db/DbMysql.class.php 第 55 行.
SQL: SHOW COLUMNS FROM `roomservice_` [ RunTime:0.000287s ]
ERR: 1146:Table 'rms.roomservice_' doesn't exist
 [ SQL语句 ] : SHOW COLUMNS FROM `roomservice_`
NOTIC: [8192] mysql_connect(): The mysql extension is deprecated and will be removed in the future: use mysqli or PDO instead /Applications/MAMP/htdocs/rms/ThinkPHP/Lib/Driver/Db/DbMysql.class.php 第 55 行.
SQL: SHOW COLUMNS FROM `roomservice_01` [ RunTime:0.000253s ]
ERR: 1146:Table 'rms_revenue_2020.roomservice_01' doesn't exist
 [ SQL语句 ] : SHOW COLUMNS FROM `roomservice_01`
NOTIC: [8192] preg_replace(): The /e modifier is deprecated, use preg_replace_callback instead /Applications/MAMP/htdocs/rms/ThinkPHP/Lib/Core/Db.class.php 第 606 行.
SQL: SELECT COUNT(*) AS tp_count FROM `roomservice_01` WHERE ( `date` = '2020-01-10' ) AND ( `ap` = '上午' ) AND ( `company` = '怀南' ) AND ( `domain` = 'localhost' ) LIMIT 1   [ RunTime:0.000163s ]
ERR: 1146:Table 'rms_revenue_2020.roomservice_01' doesn't exist
 [ SQL语句 ] : SELECT COUNT(*) AS tp_count FROM `roomservice_01` WHERE ( `date` = '2020-01-10' ) AND ( `ap` = '上午' ) AND ( `company` = '怀南' ) AND ( `domain` = 'localhost' ) LIMIT 1  
NOTIC: [8] Undefined index: page /Applications/MAMP/htdocs/rms/rms/Lib/Action/YingshouRoomServiceAction.class.php 第 104 行.
NOTIC: [8192] preg_replace(): The /e modifier is deprecated, use preg_replace_callback instead /Applications/MAMP/htdocs/rms/ThinkPHP/Lib/Core/Db.class.php 第 606 行.
SQL: SELECT `roomserviceid`,`name`,`totalmoney`,`jiezhangmoney`,`date`,`ap` FROM `roomservice_01` WHERE ( `date` = '2020-01-10' ) AND ( `ap` = '上午' ) AND ( `company` = '怀南' ) AND ( `domain` = 'localhost' ) ORDER BY  (totalmoney -jiezhangmoney) desc,name LIMIT 0,10   [ RunTime:0.000199s ]
ERR: 1146:Table 'rms_revenue_2020.roomservice_01' doesn't exist
 [ SQL语句 ] : SELECT `roomserviceid`,`name`,`totalmoney`,`jiezhangmoney`,`date`,`ap` FROM `roomservice_01` WHERE ( `date` = '2020-01-10' ) AND ( `ap` = '上午' ) AND ( `company` = '怀南' ) AND ( `domain` = 'localhost' ) ORDER BY  (totalmoney -jiezhangmoney) desc,name LIMIT 0,10  
NOTIC: [2] Invalid argument supplied for foreach() /Applications/MAMP/htdocs/rms/rms/Lib/Action/YingshouRoomServiceAction.class.php 第 125 行.

[ 2020-01-11T21:57:08+08:00 ] SQL: YingshouRoomServicelistview165WRITE的SQL：verify|N;userid|s:2:"32";userInfo|a:5:{s:6:"userid";s:2:"32";s:4:"name";s:9:"huainanjz";s:8:"rolename";s:9:"结账员";s:8:"truename";s:6:"怀南";s:10:"department";s:6:"怀南";}YingshouRoomServicelistviewpage|N;YingshouIncomeMgrlistviewpage|s:1:"0";YingshouInnerCarrylistviewpage|s:1:"1";searchTextPaymentMgr|s:0:"";PaymentMgrpage|s:1:"1";YingshouRevparMgrlistviewpage|s:1:"1";
[ 2020-01-11T21:57:14+08:00 ] SQL: YingshouRoomServiceACTINO_NAME151READ的SQL：verify|N;userid|s:2:"32";userInfo|a:5:{s:6:"userid";s:2:"32";s:4:"name";s:9:"huainanjz";s:8:"rolename";s:9:"结账员";s:8:"truename";s:6:"怀南";s:10:"department";s:6:"怀南";}YingshouRoomServicelistviewpage|N;YingshouIncomeMgrlistviewpage|s:1:"1";
[ 2020-01-11T21:57:14+08:00 ] 0.0.0.0 /rms/index.php?s=/YingshouRoomService/listview
INFO: [ route_check ] --START--
INFO: CheckRoute Behavior ::run [ RunTime:0.000879s ]
INFO: [ route_check ] --END-- [ RunTime:0.001126s ]
NOTIC: [8192] preg_replace(): The /e modifier is deprecated, use preg_replace_callback instead /Applications/MAMP/htdocs/rms/ThinkPHP/Lib/Core/Dispatcher.class.php 第 132 行.
INFO: [ app_begin ] --START--
INFO: ReadHtmlCache Behavior ::run [ RunTime:0.000541s ]
INFO: CheckLang Behavior ::run [ RunTime:0.001179s ]
INFO: [ app_begin ] --END-- [ RunTime:0.001903s ]
NOTIC: [8192] mysql_connect(): The mysql extension is deprecated and will be removed in the future: use mysqli or PDO instead /Applications/MAMP/htdocs/rms/ThinkPHP/Extend/Driver/Session/SessionDb.class.php 第 116 行.
NOTIC: [8] Use of undefined constant ACTINO_NAME - assumed 'ACTINO_NAME' /Applications/MAMP/htdocs/rms/ThinkPHP/Extend/Driver/Session/SessionDb.class.php 第 151 行.
NOTIC: [2048] Declaration of YingshouRoomServiceAction::get_slave_table() should be compatible with ModuleAction::get_slave_table($record) /Applications/MAMP/htdocs/rms/rms/Lib/Action/YingshouRoomServiceAction.class.php 第 11 行.
NOTIC: [8] Use of undefined constant new_link - assumed 'new_link' /Applications/MAMP/htdocs/rms/ThinkPHP/Extend/Library/COM/Db/SystemDb.class.php 第 40 行.
NOTIC: [8192] mysql_connect(): The mysql extension is deprecated and will be removed in the future: use mysqli or PDO instead /Applications/MAMP/htdocs/rms/ThinkPHP/Extend/Library/COM/Db/SystemDb.class.php 第 40 行.
NOTIC: [8192] mysql_connect(): The mysql extension is deprecated and will be removed in the future: use mysqli or PDO instead /Applications/MAMP/htdocs/rms/ThinkPHP/Lib/Driver/Db/DbMysql.class.php 第 55 行.
SQL: SHOW COLUMNS FROM `roomservice_` [ RunTime:0.000383s ]
ERR: 1146:Table 'rms.roomservice_' doesn't exist
 [ SQL语句 ] : SHOW COLUMNS FROM `roomservice_`
NOTIC: [8192] mysql_connect(): The mysql extension is deprecated and will be removed in the future: use mysqli or PDO instead /Applications/MAMP/htdocs/rms/ThinkPHP/Lib/Driver/Db/DbMysql.class.php 第 55 行.
SQL: SHOW COLUMNS FROM `roomservice_01` [ RunTime:0.000238s ]
ERR: 1146:Table 'rms_revenue_2020.roomservice_01' doesn't exist
 [ SQL语句 ] : SHOW COLUMNS FROM `roomservice_01`
NOTIC: [8192] preg_replace(): The /e modifier is deprecated, use preg_replace_callback instead /Applications/MAMP/htdocs/rms/ThinkPHP/Lib/Core/Db.class.php 第 606 行.
SQL: SELECT COUNT(*) AS tp_count FROM `roomservice_01` WHERE ( `date` = '2020-01-08' ) AND ( `ap` = '上午' ) AND ( `company` = '怀南' ) AND ( `domain` = 'localhost' ) LIMIT 1   [ RunTime:0.000146s ]
ERR: 1146:Table 'rms_revenue_2020.roomservice_01' doesn't exist
 [ SQL语句 ] : SELECT COUNT(*) AS tp_count FROM `roomservice_01` WHERE ( `date` = '2020-01-08' ) AND ( `ap` = '上午' ) AND ( `company` = '怀南' ) AND ( `domain` = 'localhost' ) LIMIT 1  
NOTIC: [8] Undefined index: page /Applications/MAMP/htdocs/rms/rms/Lib/Action/YingshouRoomServiceAction.class.php 第 104 行.
NOTIC: [8192] preg_replace(): The /e modifier is deprecated, use preg_replace_callback instead /Applications/MAMP/htdocs/rms/ThinkPHP/Lib/Core/Db.class.php 第 606 行.
SQL: SELECT `roomserviceid`,`name`,`totalmoney`,`jiezhangmoney`,`date`,`ap` FROM `roomservice_01` WHERE ( `date` = '2020-01-08' ) AND ( `ap` = '上午' ) AND ( `company` = '怀南' ) AND ( `domain` = 'localhost' ) ORDER BY  (totalmoney -jiezhangmoney) desc,name LIMIT 0,16   [ RunTime:0.000194s ]
ERR: 1146:Table 'rms_revenue_2020.roomservice_01' doesn't exist
 [ SQL语句 ] : SELECT `roomserviceid`,`name`,`totalmoney`,`jiezhangmoney`,`date`,`ap` FROM `roomservice_01` WHERE ( `date` = '2020-01-08' ) AND ( `ap` = '上午' ) AND ( `company` = '怀南' ) AND ( `domain` = 'localhost' ) ORDER BY  (totalmoney -jiezhangmoney) desc,name LIMIT 0,16  
NOTIC: [2] Invalid argument supplied for foreach() /Applications/MAMP/htdocs/rms/rms/Lib/Action/YingshouRoomServiceAction.class.php 第 125 行.

[ 2020-01-11T21:57:14+08:00 ] SQL: YingshouRoomServicelistview165WRITE的SQL：verify|N;userid|s:2:"32";userInfo|a:5:{s:6:"userid";s:2:"32";s:4:"name";s:9:"huainanjz";s:8:"rolename";s:9:"结账员";s:8:"truename";s:6:"怀南";s:10:"department";s:6:"怀南";}YingshouRoomServicelistviewpage|N;YingshouIncomeMgrlistviewpage|s:1:"1";
[ 2020-01-11T21:57:44+08:00 ] SQL: YingshouRoomServiceACTINO_NAME151READ的SQL：verify|N;userid|s:2:"32";userInfo|a:5:{s:6:"userid";s:2:"32";s:4:"name";s:9:"huainanjz";s:8:"rolename";s:9:"结账员";s:8:"truename";s:6:"怀南";s:10:"department";s:6:"怀南";}YingshouRoomServicelistviewpage|N;YingshouIncomeMgrlistviewpage|s:1:"0";YingshouInnerCarrylistviewpage|s:1:"1";searchTextPaymentMgr|s:0:"";PaymentMgrpage|s:1:"1";YingshouRevparMgrlistviewpage|s:1:"1";
[ 2020-01-11T21:57:44+08:00 ] 0.0.0.0 /rms/index.php?s=/YingshouRoomService/listview
INFO: [ route_check ] --START--
INFO: CheckRoute Behavior ::run [ RunTime:0.000986s ]
INFO: [ route_check ] --END-- [ RunTime:0.001221s ]
NOTIC: [8192] preg_replace(): The /e modifier is deprecated, use preg_replace_callback instead /Applications/MAMP/htdocs/rms/ThinkPHP/Lib/Core/Dispatcher.class.php 第 132 行.
INFO: [ app_begin ] --START--
INFO: ReadHtmlCache Behavior ::run [ RunTime:0.001356s ]
INFO: CheckLang Behavior ::run [ RunTime:0.002195s ]
INFO: [ app_begin ] --END-- [ RunTime:0.003758s ]
NOTIC: [8192] mysql_connect(): The mysql extension is deprecated and will be removed in the future: use mysqli or PDO instead /Applications/MAMP/htdocs/rms/ThinkPHP/Extend/Driver/Session/SessionDb.class.php 第 116 行.
NOTIC: [8] Use of undefined constant ACTINO_NAME - assumed 'ACTINO_NAME' /Applications/MAMP/htdocs/rms/ThinkPHP/Extend/Driver/Session/SessionDb.class.php 第 151 行.
NOTIC: [2048] Declaration of YingshouRoomServiceAction::get_slave_table() should be compatible with ModuleAction::get_slave_table($record) /Applications/MAMP/htdocs/rms/rms/Lib/Action/YingshouRoomServiceAction.class.php 第 11 行.
NOTIC: [8] Use of undefined constant new_link - assumed 'new_link' /Applications/MAMP/htdocs/rms/ThinkPHP/Extend/Library/COM/Db/SystemDb.class.php 第 40 行.
NOTIC: [8192] mysql_connect(): The mysql extension is deprecated and will be removed in the future: use mysqli or PDO instead /Applications/MAMP/htdocs/rms/ThinkPHP/Extend/Library/COM/Db/SystemDb.class.php 第 40 行.
NOTIC: [8192] mysql_connect(): The mysql extension is deprecated and will be removed in the future: use mysqli or PDO instead /Applications/MAMP/htdocs/rms/ThinkPHP/Lib/Driver/Db/DbMysql.class.php 第 55 行.
SQL: SHOW COLUMNS FROM `roomservice_` [ RunTime:0.000293s ]
ERR: 1146:Table 'rms.roomservice_' doesn't exist
 [ SQL语句 ] : SHOW COLUMNS FROM `roomservice_`
NOTIC: [8192] mysql_connect(): The mysql extension is deprecated and will be removed in the future: use mysqli or PDO instead /Applications/MAMP/htdocs/rms/ThinkPHP/Lib/Driver/Db/DbMysql.class.php 第 55 行.
SQL: SHOW COLUMNS FROM `roomservice_01` [ RunTime:0.000229s ]
ERR: 1146:Table 'rms_revenue_2020.roomservice_01' doesn't exist
 [ SQL语句 ] : SHOW COLUMNS FROM `roomservice_01`
NOTIC: [8192] preg_replace(): The /e modifier is deprecated, use preg_replace_callback instead /Applications/MAMP/htdocs/rms/ThinkPHP/Lib/Core/Db.class.php 第 606 行.
SQL: SELECT COUNT(*) AS tp_count FROM `roomservice_01` WHERE ( `date` = '2020-01-11' ) AND ( `ap` = '上午' ) AND ( `company` = '怀南' ) AND ( `domain` = 'localhost' ) LIMIT 1   [ RunTime:0.000141s ]
ERR: 1146:Table 'rms_revenue_2020.roomservice_01' doesn't exist
 [ SQL语句 ] : SELECT COUNT(*) AS tp_count FROM `roomservice_01` WHERE ( `date` = '2020-01-11' ) AND ( `ap` = '上午' ) AND ( `company` = '怀南' ) AND ( `domain` = 'localhost' ) LIMIT 1  
NOTIC: [8] Undefined index: page /Applications/MAMP/htdocs/rms/rms/Lib/Action/YingshouRoomServiceAction.class.php 第 104 行.
NOTIC: [8192] preg_replace(): The /e modifier is deprecated, use preg_replace_callback instead /Applications/MAMP/htdocs/rms/ThinkPHP/Lib/Core/Db.class.php 第 606 行.
SQL: SELECT `roomserviceid`,`name`,`totalmoney`,`jiezhangmoney`,`date`,`ap` FROM `roomservice_01` WHERE ( `date` = '2020-01-11' ) AND ( `ap` = '上午' ) AND ( `company` = '怀南' ) AND ( `domain` = 'localhost' ) ORDER BY  (totalmoney -jiezhangmoney) desc,name LIMIT 0,10   [ RunTime:0.000255s ]
ERR: 1146:Table 'rms_revenue_2020.roomservice_01' doesn't exist
 [ SQL语句 ] : SELECT `roomserviceid`,`name`,`totalmoney`,`jiezhangmoney`,`date`,`ap` FROM `roomservice_01` WHERE ( `date` = '2020-01-11' ) AND ( `ap` = '上午' ) AND ( `company` = '怀南' ) AND ( `domain` = 'localhost' ) ORDER BY  (totalmoney -jiezhangmoney) desc,name LIMIT 0,10  
NOTIC: [2] Invalid argument supplied for foreach() /Applications/MAMP/htdocs/rms/rms/Lib/Action/YingshouRoomServiceAction.class.php 第 125 行.

[ 2020-01-11T21:57:44+08:00 ] SQL: YingshouRoomServicelistview165WRITE的SQL：verify|N;userid|s:2:"32";userInfo|a:5:{s:6:"userid";s:2:"32";s:4:"name";s:9:"huainanjz";s:8:"rolename";s:9:"结账员";s:8:"truename";s:6:"怀南";s:10:"department";s:6:"怀南";}YingshouRoomServicelistviewpage|N;YingshouIncomeMgrlistviewpage|s:1:"0";YingshouInnerCarrylistviewpage|s:1:"1";searchTextPaymentMgr|s:0:"";PaymentMgrpage|s:1:"1";YingshouRevparMgrlistviewpage|s:1:"1";
[ 2020-01-11T21:58:08+08:00 ] SQL: YingshouRoomServiceACTINO_NAME151READ的SQL：verify|N;userid|s:2:"32";userInfo|a:5:{s:6:"userid";s:2:"32";s:4:"name";s:9:"huainanjz";s:8:"rolename";s:9:"结账员";s:8:"truename";s:6:"怀南";s:10:"department";s:6:"怀南";}YingshouRoomServicelistviewpage|N;YingshouIncomeMgrlistviewpage|s:1:"0";YingshouInnerCarrylistviewpage|s:1:"1";searchTextPaymentMgr|s:0:"";PaymentMgrpage|s:1:"1";YingshouRevparMgrlistviewpage|s:1:"1";
[ 2020-01-11T21:58:08+08:00 ] 0.0.0.0 /rms/index.php?s=/YingshouRoomService/listview
INFO: [ route_check ] --START--
INFO: CheckRoute Behavior ::run [ RunTime:0.000952s ]
INFO: [ route_check ] --END-- [ RunTime:0.001131s ]
NOTIC: [8192] preg_replace(): The /e modifier is deprecated, use preg_replace_callback instead /Applications/MAMP/htdocs/rms/ThinkPHP/Lib/Core/Dispatcher.class.php 第 132 行.
INFO: [ app_begin ] --START--
INFO: ReadHtmlCache Behavior ::run [ RunTime:0.000552s ]
INFO: CheckLang Behavior ::run [ RunTime:0.001147s ]
INFO: [ app_begin ] --END-- [ RunTime:0.001881s ]
NOTIC: [8192] mysql_connect(): The mysql extension is deprecated and will be removed in the future: use mysqli or PDO instead /Applications/MAMP/htdocs/rms/ThinkPHP/Extend/Driver/Session/SessionDb.class.php 第 116 行.
NOTIC: [8] Use of undefined constant ACTINO_NAME - assumed 'ACTINO_NAME' /Applications/MAMP/htdocs/rms/ThinkPHP/Extend/Driver/Session/SessionDb.class.php 第 151 行.
NOTIC: [2048] Declaration of YingshouRoomServiceAction::get_slave_table() should be compatible with ModuleAction::get_slave_table($record) /Applications/MAMP/htdocs/rms/rms/Lib/Action/YingshouRoomServiceAction.class.php 第 11 行.
NOTIC: [8] Use of undefined constant new_link - assumed 'new_link' /Applications/MAMP/htdocs/rms/ThinkPHP/Extend/Library/COM/Db/SystemDb.class.php 第 40 行.
NOTIC: [8192] mysql_connect(): The mysql extension is deprecated and will be removed in the future: use mysqli or PDO instead /Applications/MAMP/htdocs/rms/ThinkPHP/Extend/Library/COM/Db/SystemDb.class.php 第 40 行.
NOTIC: [8192] mysql_connect(): The mysql extension is deprecated and will be removed in the future: use mysqli or PDO instead /Applications/MAMP/htdocs/rms/ThinkPHP/Lib/Driver/Db/DbMysql.class.php 第 55 行.
SQL: SHOW COLUMNS FROM `roomservice_` [ RunTime:0.000250s ]
ERR: 1146:Table 'rms.roomservice_' doesn't exist
 [ SQL语句 ] : SHOW COLUMNS FROM `roomservice_`
NOTIC: [8192] mysql_connect(): The mysql extension is deprecated and will be removed in the future: use mysqli or PDO instead /Applications/MAMP/htdocs/rms/ThinkPHP/Lib/Driver/Db/DbMysql.class.php 第 55 行.
SQL: SHOW COLUMNS FROM `roomservice_01` [ RunTime:0.000209s ]
ERR: 1146:Table 'rms_revenue_2020.roomservice_01' doesn't exist
 [ SQL语句 ] : SHOW COLUMNS FROM `roomservice_01`
NOTIC: [8192] preg_replace(): The /e modifier is deprecated, use preg_replace_callback instead /Applications/MAMP/htdocs/rms/ThinkPHP/Lib/Core/Db.class.php 第 606 行.
SQL: SELECT COUNT(*) AS tp_count FROM `roomservice_01` WHERE ( `date` = '2020-01-10' ) AND ( `ap` = '上午' ) AND ( `company` = '怀南' ) AND ( `domain` = 'localhost' ) LIMIT 1   [ RunTime:0.000141s ]
ERR: 1146:Table 'rms_revenue_2020.roomservice_01' doesn't exist
 [ SQL语句 ] : SELECT COUNT(*) AS tp_count FROM `roomservice_01` WHERE ( `date` = '2020-01-10' ) AND ( `ap` = '上午' ) AND ( `company` = '怀南' ) AND ( `domain` = 'localhost' ) LIMIT 1  
NOTIC: [8] Undefined index: page /Applications/MAMP/htdocs/rms/rms/Lib/Action/YingshouRoomServiceAction.class.php 第 104 行.
NOTIC: [8192] preg_replace(): The /e modifier is deprecated, use preg_replace_callback instead /Applications/MAMP/htdocs/rms/ThinkPHP/Lib/Core/Db.class.php 第 606 行.
SQL: SELECT `roomserviceid`,`name`,`totalmoney`,`jiezhangmoney`,`date`,`ap` FROM `roomservice_01` WHERE ( `date` = '2020-01-10' ) AND ( `ap` = '上午' ) AND ( `company` = '怀南' ) AND ( `domain` = 'localhost' ) ORDER BY  (totalmoney -jiezhangmoney) desc,name LIMIT 0,10   [ RunTime:0.000250s ]
ERR: 1146:Table 'rms_revenue_2020.roomservice_01' doesn't exist
 [ SQL语句 ] : SELECT `roomserviceid`,`name`,`totalmoney`,`jiezhangmoney`,`date`,`ap` FROM `roomservice_01` WHERE ( `date` = '2020-01-10' ) AND ( `ap` = '上午' ) AND ( `company` = '怀南' ) AND ( `domain` = 'localhost' ) ORDER BY  (totalmoney -jiezhangmoney) desc,name LIMIT 0,10  
NOTIC: [2] Invalid argument supplied for foreach() /Applications/MAMP/htdocs/rms/rms/Lib/Action/YingshouRoomServiceAction.class.php 第 125 行.

[ 2020-01-11T21:58:08+08:00 ] SQL: YingshouRoomServicelistview165WRITE的SQL：verify|N;userid|s:2:"32";userInfo|a:5:{s:6:"userid";s:2:"32";s:4:"name";s:9:"huainanjz";s:8:"rolename";s:9:"结账员";s:8:"truename";s:6:"怀南";s:10:"department";s:6:"怀南";}YingshouRoomServicelistviewpage|N;YingshouIncomeMgrlistviewpage|s:1:"0";YingshouInnerCarrylistviewpage|s:1:"1";searchTextPaymentMgr|s:0:"";PaymentMgrpage|s:1:"1";YingshouRevparMgrlistviewpage|s:1:"1";
[ 2020-01-11T21:58:14+08:00 ] SQL: YingshouRoomServiceACTINO_NAME151READ的SQL：verify|N;userid|s:2:"32";userInfo|a:5:{s:6:"userid";s:2:"32";s:4:"name";s:9:"huainanjz";s:8:"rolename";s:9:"结账员";s:8:"truename";s:6:"怀南";s:10:"department";s:6:"怀南";}YingshouRoomServicelistviewpage|N;YingshouIncomeMgrlistviewpage|s:1:"1";
[ 2020-01-11T21:58:14+08:00 ] 0.0.0.0 /rms/index.php?s=/YingshouRoomService/listview
INFO: [ route_check ] --START--
INFO: CheckRoute Behavior ::run [ RunTime:0.000929s ]
INFO: [ route_check ] --END-- [ RunTime:0.001094s ]
NOTIC: [8192] preg_replace(): The /e modifier is deprecated, use preg_replace_callback instead /Applications/MAMP/htdocs/rms/ThinkPHP/Lib/Core/Dispatcher.class.php 第 132 行.
INFO: [ app_begin ] --START--
INFO: ReadHtmlCache Behavior ::run [ RunTime:0.000519s ]
INFO: CheckLang Behavior ::run [ RunTime:0.001317s ]
INFO: [ app_begin ] --END-- [ RunTime:0.002021s ]
NOTIC: [8192] mysql_connect(): The mysql extension is deprecated and will be removed in the future: use mysqli or PDO instead /Applications/MAMP/htdocs/rms/ThinkPHP/Extend/Driver/Session/SessionDb.class.php 第 116 行.
NOTIC: [8] Use of undefined constant ACTINO_NAME - assumed 'ACTINO_NAME' /Applications/MAMP/htdocs/rms/ThinkPHP/Extend/Driver/Session/SessionDb.class.php 第 151 行.
NOTIC: [2048] Declaration of YingshouRoomServiceAction::get_slave_table() should be compatible with ModuleAction::get_slave_table($record) /Applications/MAMP/htdocs/rms/rms/Lib/Action/YingshouRoomServiceAction.class.php 第 11 行.
NOTIC: [8] Use of undefined constant new_link - assumed 'new_link' /Applications/MAMP/htdocs/rms/ThinkPHP/Extend/Library/COM/Db/SystemDb.class.php 第 40 行.
NOTIC: [8192] mysql_connect(): The mysql extension is deprecated and will be removed in the future: use mysqli or PDO instead /Applications/MAMP/htdocs/rms/ThinkPHP/Extend/Library/COM/Db/SystemDb.class.php 第 40 行.
NOTIC: [8192] mysql_connect(): The mysql extension is deprecated and will be removed in the future: use mysqli or PDO instead /Applications/MAMP/htdocs/rms/ThinkPHP/Lib/Driver/Db/DbMysql.class.php 第 55 行.
SQL: SHOW COLUMNS FROM `roomservice_` [ RunTime:0.000291s ]
ERR: 1146:Table 'rms.roomservice_' doesn't exist
 [ SQL语句 ] : SHOW COLUMNS FROM `roomservice_`
NOTIC: [8192] mysql_connect(): The mysql extension is deprecated and will be removed in the future: use mysqli or PDO instead /Applications/MAMP/htdocs/rms/ThinkPHP/Lib/Driver/Db/DbMysql.class.php 第 55 行.
SQL: SHOW COLUMNS FROM `roomservice_01` [ RunTime:0.000271s ]
ERR: 1146:Table 'rms_revenue_2020.roomservice_01' doesn't exist
 [ SQL语句 ] : SHOW COLUMNS FROM `roomservice_01`
NOTIC: [8192] preg_replace(): The /e modifier is deprecated, use preg_replace_callback instead /Applications/MAMP/htdocs/rms/ThinkPHP/Lib/Core/Db.class.php 第 606 行.
SQL: SELECT COUNT(*) AS tp_count FROM `roomservice_01` WHERE ( `date` = '2020-01-08' ) AND ( `ap` = '上午' ) AND ( `company` = '怀南' ) AND ( `domain` = 'localhost' ) LIMIT 1   [ RunTime:0.000160s ]
ERR: 1146:Table 'rms_revenue_2020.roomservice_01' doesn't exist
 [ SQL语句 ] : SELECT COUNT(*) AS tp_count FROM `roomservice_01` WHERE ( `date` = '2020-01-08' ) AND ( `ap` = '上午' ) AND ( `company` = '怀南' ) AND ( `domain` = 'localhost' ) LIMIT 1  
NOTIC: [8] Undefined index: page /Applications/MAMP/htdocs/rms/rms/Lib/Action/YingshouRoomServiceAction.class.php 第 104 行.
NOTIC: [8192] preg_replace(): The /e modifier is deprecated, use preg_replace_callback instead /Applications/MAMP/htdocs/rms/ThinkPHP/Lib/Core/Db.class.php 第 606 行.
SQL: SELECT `roomserviceid`,`name`,`totalmoney`,`jiezhangmoney`,`date`,`ap` FROM `roomservice_01` WHERE ( `date` = '2020-01-08' ) AND ( `ap` = '上午' ) AND ( `company` = '怀南' ) AND ( `domain` = 'localhost' ) ORDER BY  (totalmoney -jiezhangmoney) desc,name LIMIT 0,16   [ RunTime:0.000400s ]
ERR: 1146:Table 'rms_revenue_2020.roomservice_01' doesn't exist
 [ SQL语句 ] : SELECT `roomserviceid`,`name`,`totalmoney`,`jiezhangmoney`,`date`,`ap` FROM `roomservice_01` WHERE ( `date` = '2020-01-08' ) AND ( `ap` = '上午' ) AND ( `company` = '怀南' ) AND ( `domain` = 'localhost' ) ORDER BY  (totalmoney -jiezhangmoney) desc,name LIMIT 0,16  
NOTIC: [2] Invalid argument supplied for foreach() /Applications/MAMP/htdocs/rms/rms/Lib/Action/YingshouRoomServiceAction.class.php 第 125 行.

[ 2020-01-11T21:58:14+08:00 ] SQL: YingshouRoomServicelistview165WRITE的SQL：verify|N;userid|s:2:"32";userInfo|a:5:{s:6:"userid";s:2:"32";s:4:"name";s:9:"huainanjz";s:8:"rolename";s:9:"结账员";s:8:"truename";s:6:"怀南";s:10:"department";s:6:"怀南";}YingshouRoomServicelistviewpage|N;YingshouIncomeMgrlistviewpage|s:1:"1";
[ 2020-01-11T21:58:44+08:00 ] SQL: YingshouRoomServiceACTINO_NAME151READ的SQL：verify|N;userid|s:2:"32";userInfo|a:5:{s:6:"userid";s:2:"32";s:4:"name";s:9:"huainanjz";s:8:"rolename";s:9:"结账员";s:8:"truename";s:6:"怀南";s:10:"department";s:6:"怀南";}YingshouRoomServicelistviewpage|N;YingshouIncomeMgrlistviewpage|s:1:"0";YingshouInnerCarrylistviewpage|s:1:"1";searchTextPaymentMgr|s:0:"";PaymentMgrpage|s:1:"1";YingshouRevparMgrlistviewpage|s:1:"1";
[ 2020-01-11T21:58:45+08:00 ] 0.0.0.0 /rms/index.php?s=/YingshouRoomService/listview
INFO: [ route_check ] --START--
INFO: CheckRoute Behavior ::run [ RunTime:0.021537s ]
INFO: [ route_check ] --END-- [ RunTime:0.025277s ]
NOTIC: [8192] preg_replace(): The /e modifier is deprecated, use preg_replace_callback instead /Applications/MAMP/htdocs/rms/ThinkPHP/Lib/Core/Dispatcher.class.php 第 132 行.
INFO: [ app_begin ] --START--
INFO: ReadHtmlCache Behavior ::run [ RunTime:0.003700s ]
INFO: CheckLang Behavior ::run [ RunTime:0.007533s ]
INFO: [ app_begin ] --END-- [ RunTime:0.011879s ]
NOTIC: [8192] mysql_connect(): The mysql extension is deprecated and will be removed in the future: use mysqli or PDO instead /Applications/MAMP/htdocs/rms/ThinkPHP/Extend/Driver/Session/SessionDb.class.php 第 116 行.
NOTIC: [8] Use of undefined constant ACTINO_NAME - assumed 'ACTINO_NAME' /Applications/MAMP/htdocs/rms/ThinkPHP/Extend/Driver/Session/SessionDb.class.php 第 151 行.
NOTIC: [2048] Declaration of YingshouRoomServiceAction::get_slave_table() should be compatible with ModuleAction::get_slave_table($record) /Applications/MAMP/htdocs/rms/rms/Lib/Action/YingshouRoomServiceAction.class.php 第 11 行.
NOTIC: [8] Use of undefined constant new_link - assumed 'new_link' /Applications/MAMP/htdocs/rms/ThinkPHP/Extend/Library/COM/Db/SystemDb.class.php 第 40 行.
NOTIC: [8192] mysql_connect(): The mysql extension is deprecated and will be removed in the future: use mysqli or PDO instead /Applications/MAMP/htdocs/rms/ThinkPHP/Extend/Library/COM/Db/SystemDb.class.php 第 40 行.
NOTIC: [8192] mysql_connect(): The mysql extension is deprecated and will be removed in the future: use mysqli or PDO instead /Applications/MAMP/htdocs/rms/ThinkPHP/Lib/Driver/Db/DbMysql.class.php 第 55 行.
SQL: SHOW COLUMNS FROM `roomservice_` [ RunTime:0.000898s ]
ERR: 1146:Table 'rms.roomservice_' doesn't exist
 [ SQL语句 ] : SHOW COLUMNS FROM `roomservice_`
NOTIC: [8192] mysql_connect(): The mysql extension is deprecated and will be removed in the future: use mysqli or PDO instead /Applications/MAMP/htdocs/rms/ThinkPHP/Lib/Driver/Db/DbMysql.class.php 第 55 行.
SQL: SHOW COLUMNS FROM `roomservice_01` [ RunTime:0.000865s ]
ERR: 1146:Table 'rms_revenue_2020.roomservice_01' doesn't exist
 [ SQL语句 ] : SHOW COLUMNS FROM `roomservice_01`
NOTIC: [8192] preg_replace(): The /e modifier is deprecated, use preg_replace_callback instead /Applications/MAMP/htdocs/rms/ThinkPHP/Lib/Core/Db.class.php 第 606 行.
SQL: SELECT COUNT(*) AS tp_count FROM `roomservice_01` WHERE ( `date` = '2020-01-11' ) AND ( `ap` = '上午' ) AND ( `company` = '怀南' ) AND ( `domain` = 'localhost' ) LIMIT 1   [ RunTime:0.000270s ]
ERR: 1146:Table 'rms_revenue_2020.roomservice_01' doesn't exist
 [ SQL语句 ] : SELECT COUNT(*) AS tp_count FROM `roomservice_01` WHERE ( `date` = '2020-01-11' ) AND ( `ap` = '上午' ) AND ( `company` = '怀南' ) AND ( `domain` = 'localhost' ) LIMIT 1  
NOTIC: [8] Undefined index: page /Applications/MAMP/htdocs/rms/rms/Lib/Action/YingshouRoomServiceAction.class.php 第 104 行.
NOTIC: [8192] preg_replace(): The /e modifier is deprecated, use preg_replace_callback instead /Applications/MAMP/htdocs/rms/ThinkPHP/Lib/Core/Db.class.php 第 606 行.
SQL: SELECT `roomserviceid`,`name`,`totalmoney`,`jiezhangmoney`,`date`,`ap` FROM `roomservice_01` WHERE ( `date` = '2020-01-11' ) AND ( `ap` = '上午' ) AND ( `company` = '怀南' ) AND ( `domain` = 'localhost' ) ORDER BY  (totalmoney -jiezhangmoney) desc,name LIMIT 0,10   [ RunTime:0.000299s ]
ERR: 1146:Table 'rms_revenue_2020.roomservice_01' doesn't exist
 [ SQL语句 ] : SELECT `roomserviceid`,`name`,`totalmoney`,`jiezhangmoney`,`date`,`ap` FROM `roomservice_01` WHERE ( `date` = '2020-01-11' ) AND ( `ap` = '上午' ) AND ( `company` = '怀南' ) AND ( `domain` = 'localhost' ) ORDER BY  (totalmoney -jiezhangmoney) desc,name LIMIT 0,10  
NOTIC: [2] Invalid argument supplied for foreach() /Applications/MAMP/htdocs/rms/rms/Lib/Action/YingshouRoomServiceAction.class.php 第 125 行.

[ 2020-01-11T21:58:45+08:00 ] SQL: YingshouRoomServicelistview165WRITE的SQL：verify|N;userid|s:2:"32";userInfo|a:5:{s:6:"userid";s:2:"32";s:4:"name";s:9:"huainanjz";s:8:"rolename";s:9:"结账员";s:8:"truename";s:6:"怀南";s:10:"department";s:6:"怀南";}YingshouRoomServicelistviewpage|N;YingshouIncomeMgrlistviewpage|s:1:"0";YingshouInnerCarrylistviewpage|s:1:"1";searchTextPaymentMgr|s:0:"";PaymentMgrpage|s:1:"1";YingshouRevparMgrlistviewpage|s:1:"1";
[ 2020-01-11T21:59:09+08:00 ] SQL: YingshouRoomServiceACTINO_NAME151READ的SQL：verify|N;userid|s:2:"32";userInfo|a:5:{s:6:"userid";s:2:"32";s:4:"name";s:9:"huainanjz";s:8:"rolename";s:9:"结账员";s:8:"truename";s:6:"怀南";s:10:"department";s:6:"怀南";}YingshouRoomServicelistviewpage|N;YingshouIncomeMgrlistviewpage|s:1:"0";YingshouInnerCarrylistviewpage|s:1:"1";searchTextPaymentMgr|s:0:"";PaymentMgrpage|s:1:"1";YingshouRevparMgrlistviewpage|s:1:"1";
[ 2020-01-11T21:59:09+08:00 ] 0.0.0.0 /rms/index.php?s=/YingshouRoomService/listview
INFO: [ route_check ] --START--
INFO: CheckRoute Behavior ::run [ RunTime:0.001223s ]
INFO: [ route_check ] --END-- [ RunTime:0.001390s ]
NOTIC: [8192] preg_replace(): The /e modifier is deprecated, use preg_replace_callback instead /Applications/MAMP/htdocs/rms/ThinkPHP/Lib/Core/Dispatcher.class.php 第 132 行.
INFO: [ app_begin ] --START--
INFO: ReadHtmlCache Behavior ::run [ RunTime:0.000998s ]
INFO: CheckLang Behavior ::run [ RunTime:0.005592s ]
INFO: [ app_begin ] --END-- [ RunTime:0.008450s ]
NOTIC: [8192] mysql_connect(): The mysql extension is deprecated and will be removed in the future: use mysqli or PDO instead /Applications/MAMP/htdocs/rms/ThinkPHP/Extend/Driver/Session/SessionDb.class.php 第 116 行.
NOTIC: [8] Use of undefined constant ACTINO_NAME - assumed 'ACTINO_NAME' /Applications/MAMP/htdocs/rms/ThinkPHP/Extend/Driver/Session/SessionDb.class.php 第 151 行.
NOTIC: [2048] Declaration of YingshouRoomServiceAction::get_slave_table() should be compatible with ModuleAction::get_slave_table($record) /Applications/MAMP/htdocs/rms/rms/Lib/Action/YingshouRoomServiceAction.class.php 第 11 行.
NOTIC: [8] Use of undefined constant new_link - assumed 'new_link' /Applications/MAMP/htdocs/rms/ThinkPHP/Extend/Library/COM/Db/SystemDb.class.php 第 40 行.
NOTIC: [8192] mysql_connect(): The mysql extension is deprecated and will be removed in the future: use mysqli or PDO instead /Applications/MAMP/htdocs/rms/ThinkPHP/Extend/Library/COM/Db/SystemDb.class.php 第 40 行.
NOTIC: [8192] mysql_connect(): The mysql extension is deprecated and will be removed in the future: use mysqli or PDO instead /Applications/MAMP/htdocs/rms/ThinkPHP/Lib/Driver/Db/DbMysql.class.php 第 55 行.
SQL: SHOW COLUMNS FROM `roomservice_` [ RunTime:0.000804s ]
ERR: 1146:Table 'rms.roomservice_' doesn't exist
 [ SQL语句 ] : SHOW COLUMNS FROM `roomservice_`
NOTIC: [8192] mysql_connect(): The mysql extension is deprecated and will be removed in the future: use mysqli or PDO instead /Applications/MAMP/htdocs/rms/ThinkPHP/Lib/Driver/Db/DbMysql.class.php 第 55 行.
SQL: SHOW COLUMNS FROM `roomservice_01` [ RunTime:0.000484s ]
ERR: 1146:Table 'rms_revenue_2020.roomservice_01' doesn't exist
 [ SQL语句 ] : SHOW COLUMNS FROM `roomservice_01`
NOTIC: [8192] preg_replace(): The /e modifier is deprecated, use preg_replace_callback instead /Applications/MAMP/htdocs/rms/ThinkPHP/Lib/Core/Db.class.php 第 606 行.
SQL: SELECT COUNT(*) AS tp_count FROM `roomservice_01` WHERE ( `date` = '2020-01-10' ) AND ( `ap` = '上午' ) AND ( `company` = '怀南' ) AND ( `domain` = 'localhost' ) LIMIT 1   [ RunTime:0.000231s ]
ERR: 1146:Table 'rms_revenue_2020.roomservice_01' doesn't exist
 [ SQL语句 ] : SELECT COUNT(*) AS tp_count FROM `roomservice_01` WHERE ( `date` = '2020-01-10' ) AND ( `ap` = '上午' ) AND ( `company` = '怀南' ) AND ( `domain` = 'localhost' ) LIMIT 1  
NOTIC: [8] Undefined index: page /Applications/MAMP/htdocs/rms/rms/Lib/Action/YingshouRoomServiceAction.class.php 第 104 行.
NOTIC: [8192] preg_replace(): The /e modifier is deprecated, use preg_replace_callback instead /Applications/MAMP/htdocs/rms/ThinkPHP/Lib/Core/Db.class.php 第 606 行.
SQL: SELECT `roomserviceid`,`name`,`totalmoney`,`jiezhangmoney`,`date`,`ap` FROM `roomservice_01` WHERE ( `date` = '2020-01-10' ) AND ( `ap` = '上午' ) AND ( `company` = '怀南' ) AND ( `domain` = 'localhost' ) ORDER BY  (totalmoney -jiezhangmoney) desc,name LIMIT 0,10   [ RunTime:0.000280s ]
ERR: 1146:Table 'rms_revenue_2020.roomservice_01' doesn't exist
 [ SQL语句 ] : SELECT `roomserviceid`,`name`,`totalmoney`,`jiezhangmoney`,`date`,`ap` FROM `roomservice_01` WHERE ( `date` = '2020-01-10' ) AND ( `ap` = '上午' ) AND ( `company` = '怀南' ) AND ( `domain` = 'localhost' ) ORDER BY  (totalmoney -jiezhangmoney) desc,name LIMIT 0,10  
NOTIC: [2] Invalid argument supplied for foreach() /Applications/MAMP/htdocs/rms/rms/Lib/Action/YingshouRoomServiceAction.class.php 第 125 行.

[ 2020-01-11T21:59:09+08:00 ] SQL: YingshouRoomServicelistview165WRITE的SQL：verify|N;userid|s:2:"32";userInfo|a:5:{s:6:"userid";s:2:"32";s:4:"name";s:9:"huainanjz";s:8:"rolename";s:9:"结账员";s:8:"truename";s:6:"怀南";s:10:"department";s:6:"怀南";}YingshouRoomServicelistviewpage|N;YingshouIncomeMgrlistviewpage|s:1:"0";YingshouInnerCarrylistviewpage|s:1:"1";searchTextPaymentMgr|s:0:"";PaymentMgrpage|s:1:"1";YingshouRevparMgrlistviewpage|s:1:"1";
[ 2020-01-11T21:59:14+08:00 ] SQL: YingshouRoomServiceACTINO_NAME151READ的SQL：verify|N;userid|s:2:"32";userInfo|a:5:{s:6:"userid";s:2:"32";s:4:"name";s:9:"huainanjz";s:8:"rolename";s:9:"结账员";s:8:"truename";s:6:"怀南";s:10:"department";s:6:"怀南";}YingshouRoomServicelistviewpage|N;YingshouIncomeMgrlistviewpage|s:1:"1";
[ 2020-01-11T21:59:14+08:00 ] 0.0.0.0 /rms/index.php?s=/YingshouRoomService/listview
INFO: [ route_check ] --START--
INFO: CheckRoute Behavior ::run [ RunTime:0.001860s ]
INFO: [ route_check ] --END-- [ RunTime:0.002088s ]
NOTIC: [8192] preg_replace(): The /e modifier is deprecated, use preg_replace_callback instead /Applications/MAMP/htdocs/rms/ThinkPHP/Lib/Core/Dispatcher.class.php 第 132 行.
INFO: [ app_begin ] --START--
INFO: ReadHtmlCache Behavior ::run [ RunTime:0.001099s ]
INFO: CheckLang Behavior ::run [ RunTime:0.001162s ]
INFO: [ app_begin ] --END-- [ RunTime:0.002451s ]
NOTIC: [8192] mysql_connect(): The mysql extension is deprecated and will be removed in the future: use mysqli or PDO instead /Applications/MAMP/htdocs/rms/ThinkPHP/Extend/Driver/Session/SessionDb.class.php 第 116 行.
NOTIC: [8] Use of undefined constant ACTINO_NAME - assumed 'ACTINO_NAME' /Applications/MAMP/htdocs/rms/ThinkPHP/Extend/Driver/Session/SessionDb.class.php 第 151 行.
NOTIC: [2048] Declaration of YingshouRoomServiceAction::get_slave_table() should be compatible with ModuleAction::get_slave_table($record) /Applications/MAMP/htdocs/rms/rms/Lib/Action/YingshouRoomServiceAction.class.php 第 11 行.
NOTIC: [8] Use of undefined constant new_link - assumed 'new_link' /Applications/MAMP/htdocs/rms/ThinkPHP/Extend/Library/COM/Db/SystemDb.class.php 第 40 行.
NOTIC: [8192] mysql_connect(): The mysql extension is deprecated and will be removed in the future: use mysqli or PDO instead /Applications/MAMP/htdocs/rms/ThinkPHP/Extend/Library/COM/Db/SystemDb.class.php 第 40 行.
NOTIC: [8192] mysql_connect(): The mysql extension is deprecated and will be removed in the future: use mysqli or PDO instead /Applications/MAMP/htdocs/rms/ThinkPHP/Lib/Driver/Db/DbMysql.class.php 第 55 行.
SQL: SHOW COLUMNS FROM `roomservice_` [ RunTime:0.000302s ]
ERR: 1146:Table 'rms.roomservice_' doesn't exist
 [ SQL语句 ] : SHOW COLUMNS FROM `roomservice_`
NOTIC: [8192] mysql_connect(): The mysql extension is deprecated and will be removed in the future: use mysqli or PDO instead /Applications/MAMP/htdocs/rms/ThinkPHP/Lib/Driver/Db/DbMysql.class.php 第 55 行.
SQL: SHOW COLUMNS FROM `roomservice_01` [ RunTime:0.000264s ]
ERR: 1146:Table 'rms_revenue_2020.roomservice_01' doesn't exist
 [ SQL语句 ] : SHOW COLUMNS FROM `roomservice_01`
NOTIC: [8192] preg_replace(): The /e modifier is deprecated, use preg_replace_callback instead /Applications/MAMP/htdocs/rms/ThinkPHP/Lib/Core/Db.class.php 第 606 行.
SQL: SELECT COUNT(*) AS tp_count FROM `roomservice_01` WHERE ( `date` = '2020-01-08' ) AND ( `ap` = '上午' ) AND ( `company` = '怀南' ) AND ( `domain` = 'localhost' ) LIMIT 1   [ RunTime:0.000141s ]
ERR: 1146:Table 'rms_revenue_2020.roomservice_01' doesn't exist
 [ SQL语句 ] : SELECT COUNT(*) AS tp_count FROM `roomservice_01` WHERE ( `date` = '2020-01-08' ) AND ( `ap` = '上午' ) AND ( `company` = '怀南' ) AND ( `domain` = 'localhost' ) LIMIT 1  
NOTIC: [8] Undefined index: page /Applications/MAMP/htdocs/rms/rms/Lib/Action/YingshouRoomServiceAction.class.php 第 104 行.
NOTIC: [8192] preg_replace(): The /e modifier is deprecated, use preg_replace_callback instead /Applications/MAMP/htdocs/rms/ThinkPHP/Lib/Core/Db.class.php 第 606 行.
SQL: SELECT `roomserviceid`,`name`,`totalmoney`,`jiezhangmoney`,`date`,`ap` FROM `roomservice_01` WHERE ( `date` = '2020-01-08' ) AND ( `ap` = '上午' ) AND ( `company` = '怀南' ) AND ( `domain` = 'localhost' ) ORDER BY  (totalmoney -jiezhangmoney) desc,name LIMIT 0,16   [ RunTime:0.000244s ]
ERR: 1146:Table 'rms_revenue_2020.roomservice_01' doesn't exist
 [ SQL语句 ] : SELECT `roomserviceid`,`name`,`totalmoney`,`jiezhangmoney`,`date`,`ap` FROM `roomservice_01` WHERE ( `date` = '2020-01-08' ) AND ( `ap` = '上午' ) AND ( `company` = '怀南' ) AND ( `domain` = 'localhost' ) ORDER BY  (totalmoney -jiezhangmoney) desc,name LIMIT 0,16  
NOTIC: [2] Invalid argument supplied for foreach() /Applications/MAMP/htdocs/rms/rms/Lib/Action/YingshouRoomServiceAction.class.php 第 125 行.

[ 2020-01-11T21:59:14+08:00 ] SQL: YingshouRoomServicelistview165WRITE的SQL：verify|N;userid|s:2:"32";userInfo|a:5:{s:6:"userid";s:2:"32";s:4:"name";s:9:"huainanjz";s:8:"rolename";s:9:"结账员";s:8:"truename";s:6:"怀南";s:10:"department";s:6:"怀南";}YingshouRoomServicelistviewpage|N;YingshouIncomeMgrlistviewpage|s:1:"1";
[ 2020-01-11T21:59:44+08:00 ] SQL: YingshouRoomServiceACTINO_NAME151READ的SQL：verify|N;userid|s:2:"32";userInfo|a:5:{s:6:"userid";s:2:"32";s:4:"name";s:9:"huainanjz";s:8:"rolename";s:9:"结账员";s:8:"truename";s:6:"怀南";s:10:"department";s:6:"怀南";}YingshouRoomServicelistviewpage|N;YingshouIncomeMgrlistviewpage|s:1:"0";YingshouInnerCarrylistviewpage|s:1:"1";searchTextPaymentMgr|s:0:"";PaymentMgrpage|s:1:"1";YingshouRevparMgrlistviewpage|s:1:"1";
[ 2020-01-11T21:59:44+08:00 ] 0.0.0.0 /rms/index.php?s=/YingshouRoomService/listview
INFO: [ route_check ] --START--
INFO: CheckRoute Behavior ::run [ RunTime:0.002241s ]
INFO: [ route_check ] --END-- [ RunTime:0.002917s ]
NOTIC: [8192] preg_replace(): The /e modifier is deprecated, use preg_replace_callback instead /Applications/MAMP/htdocs/rms/ThinkPHP/Lib/Core/Dispatcher.class.php 第 132 行.
INFO: [ app_begin ] --START--
INFO: ReadHtmlCache Behavior ::run [ RunTime:0.001014s ]
INFO: CheckLang Behavior ::run [ RunTime:0.003469s ]
INFO: [ app_begin ] --END-- [ RunTime:0.004833s ]
NOTIC: [8192] mysql_connect(): The mysql extension is deprecated and will be removed in the future: use mysqli or PDO instead /Applications/MAMP/htdocs/rms/ThinkPHP/Extend/Driver/Session/SessionDb.class.php 第 116 行.
NOTIC: [8] Use of undefined constant ACTINO_NAME - assumed 'ACTINO_NAME' /Applications/MAMP/htdocs/rms/ThinkPHP/Extend/Driver/Session/SessionDb.class.php 第 151 行.
NOTIC: [2048] Declaration of YingshouRoomServiceAction::get_slave_table() should be compatible with ModuleAction::get_slave_table($record) /Applications/MAMP/htdocs/rms/rms/Lib/Action/YingshouRoomServiceAction.class.php 第 11 行.
NOTIC: [8] Use of undefined constant new_link - assumed 'new_link' /Applications/MAMP/htdocs/rms/ThinkPHP/Extend/Library/COM/Db/SystemDb.class.php 第 40 行.
NOTIC: [8192] mysql_connect(): The mysql extension is deprecated and will be removed in the future: use mysqli or PDO instead /Applications/MAMP/htdocs/rms/ThinkPHP/Extend/Library/COM/Db/SystemDb.class.php 第 40 行.
NOTIC: [8192] mysql_connect(): The mysql extension is deprecated and will be removed in the future: use mysqli or PDO instead /Applications/MAMP/htdocs/rms/ThinkPHP/Lib/Driver/Db/DbMysql.class.php 第 55 行.
SQL: SHOW COLUMNS FROM `roomservice_` [ RunTime:0.000421s ]
ERR: 1146:Table 'rms.roomservice_' doesn't exist
 [ SQL语句 ] : SHOW COLUMNS FROM `roomservice_`
NOTIC: [8192] mysql_connect(): The mysql extension is deprecated and will be removed in the future: use mysqli or PDO instead /Applications/MAMP/htdocs/rms/ThinkPHP/Lib/Driver/Db/DbMysql.class.php 第 55 行.
SQL: SHOW COLUMNS FROM `roomservice_01` [ RunTime:0.000237s ]
ERR: 1146:Table 'rms_revenue_2020.roomservice_01' doesn't exist
 [ SQL语句 ] : SHOW COLUMNS FROM `roomservice_01`
NOTIC: [8192] preg_replace(): The /e modifier is deprecated, use preg_replace_callback instead /Applications/MAMP/htdocs/rms/ThinkPHP/Lib/Core/Db.class.php 第 606 行.
SQL: SELECT COUNT(*) AS tp_count FROM `roomservice_01` WHERE ( `date` = '2020-01-11' ) AND ( `ap` = '上午' ) AND ( `company` = '怀南' ) AND ( `domain` = 'localhost' ) LIMIT 1   [ RunTime:0.000146s ]
ERR: 1146:Table 'rms_revenue_2020.roomservice_01' doesn't exist
 [ SQL语句 ] : SELECT COUNT(*) AS tp_count FROM `roomservice_01` WHERE ( `date` = '2020-01-11' ) AND ( `ap` = '上午' ) AND ( `company` = '怀南' ) AND ( `domain` = 'localhost' ) LIMIT 1  
NOTIC: [8] Undefined index: page /Applications/MAMP/htdocs/rms/rms/Lib/Action/YingshouRoomServiceAction.class.php 第 104 行.
NOTIC: [8192] preg_replace(): The /e modifier is deprecated, use preg_replace_callback instead /Applications/MAMP/htdocs/rms/ThinkPHP/Lib/Core/Db.class.php 第 606 行.
SQL: SELECT `roomserviceid`,`name`,`totalmoney`,`jiezhangmoney`,`date`,`ap` FROM `roomservice_01` WHERE ( `date` = '2020-01-11' ) AND ( `ap` = '上午' ) AND ( `company` = '怀南' ) AND ( `domain` = 'localhost' ) ORDER BY  (totalmoney -jiezhangmoney) desc,name LIMIT 0,10   [ RunTime:0.000186s ]
ERR: 1146:Table 'rms_revenue_2020.roomservice_01' doesn't exist
 [ SQL语句 ] : SELECT `roomserviceid`,`name`,`totalmoney`,`jiezhangmoney`,`date`,`ap` FROM `roomservice_01` WHERE ( `date` = '2020-01-11' ) AND ( `ap` = '上午' ) AND ( `company` = '怀南' ) AND ( `domain` = 'localhost' ) ORDER BY  (totalmoney -jiezhangmoney) desc,name LIMIT 0,10  
NOTIC: [2] Invalid argument supplied for foreach() /Applications/MAMP/htdocs/rms/rms/Lib/Action/YingshouRoomServiceAction.class.php 第 125 行.

[ 2020-01-11T21:59:44+08:00 ] SQL: YingshouRoomServicelistview165WRITE的SQL：verify|N;userid|s:2:"32";userInfo|a:5:{s:6:"userid";s:2:"32";s:4:"name";s:9:"huainanjz";s:8:"rolename";s:9:"结账员";s:8:"truename";s:6:"怀南";s:10:"department";s:6:"怀南";}YingshouRoomServicelistviewpage|N;YingshouIncomeMgrlistviewpage|s:1:"0";YingshouInnerCarrylistviewpage|s:1:"1";searchTextPaymentMgr|s:0:"";PaymentMgrpage|s:1:"1";YingshouRevparMgrlistviewpage|s:1:"1";
[ 2020-01-11T22:00:08+08:00 ] SQL: YingshouRoomServiceACTINO_NAME151READ的SQL：verify|N;userid|s:2:"32";userInfo|a:5:{s:6:"userid";s:2:"32";s:4:"name";s:9:"huainanjz";s:8:"rolename";s:9:"结账员";s:8:"truename";s:6:"怀南";s:10:"department";s:6:"怀南";}YingshouRoomServicelistviewpage|N;YingshouIncomeMgrlistviewpage|s:1:"0";YingshouInnerCarrylistviewpage|s:1:"1";searchTextPaymentMgr|s:0:"";PaymentMgrpage|s:1:"1";YingshouRevparMgrlistviewpage|s:1:"1";
[ 2020-01-11T22:00:08+08:00 ] 0.0.0.0 /rms/index.php?s=/YingshouRoomService/listview
INFO: [ route_check ] --START--
INFO: CheckRoute Behavior ::run [ RunTime:0.001461s ]
INFO: [ route_check ] --END-- [ RunTime:0.001660s ]
NOTIC: [8192] preg_replace(): The /e modifier is deprecated, use preg_replace_callback instead /Applications/MAMP/htdocs/rms/ThinkPHP/Lib/Core/Dispatcher.class.php 第 132 行.
INFO: [ app_begin ] --START--
INFO: ReadHtmlCache Behavior ::run [ RunTime:0.001211s ]
INFO: CheckLang Behavior ::run [ RunTime:0.002517s ]
INFO: [ app_begin ] --END-- [ RunTime:0.003991s ]
NOTIC: [8192] mysql_connect(): The mysql extension is deprecated and will be removed in the future: use mysqli or PDO instead /Applications/MAMP/htdocs/rms/ThinkPHP/Extend/Driver/Session/SessionDb.class.php 第 116 行.
NOTIC: [8] Use of undefined constant ACTINO_NAME - assumed 'ACTINO_NAME' /Applications/MAMP/htdocs/rms/ThinkPHP/Extend/Driver/Session/SessionDb.class.php 第 151 行.
NOTIC: [2048] Declaration of YingshouRoomServiceAction::get_slave_table() should be compatible with ModuleAction::get_slave_table($record) /Applications/MAMP/htdocs/rms/rms/Lib/Action/YingshouRoomServiceAction.class.php 第 11 行.
NOTIC: [8] Use of undefined constant new_link - assumed 'new_link' /Applications/MAMP/htdocs/rms/ThinkPHP/Extend/Library/COM/Db/SystemDb.class.php 第 40 行.
NOTIC: [8192] mysql_connect(): The mysql extension is deprecated and will be removed in the future: use mysqli or PDO instead /Applications/MAMP/htdocs/rms/ThinkPHP/Extend/Library/COM/Db/SystemDb.class.php 第 40 行.
NOTIC: [8192] mysql_connect(): The mysql extension is deprecated and will be removed in the future: use mysqli or PDO instead /Applications/MAMP/htdocs/rms/ThinkPHP/Lib/Driver/Db/DbMysql.class.php 第 55 行.
SQL: SHOW COLUMNS FROM `roomservice_` [ RunTime:0.000321s ]
ERR: 1146:Table 'rms.roomservice_' doesn't exist
 [ SQL语句 ] : SHOW COLUMNS FROM `roomservice_`
NOTIC: [8192] mysql_connect(): The mysql extension is deprecated and will be removed in the future: use mysqli or PDO instead /Applications/MAMP/htdocs/rms/ThinkPHP/Lib/Driver/Db/DbMysql.class.php 第 55 行.
SQL: SHOW COLUMNS FROM `roomservice_01` [ RunTime:0.000250s ]
ERR: 1146:Table 'rms_revenue_2020.roomservice_01' doesn't exist
 [ SQL语句 ] : SHOW COLUMNS FROM `roomservice_01`
NOTIC: [8192] preg_replace(): The /e modifier is deprecated, use preg_replace_callback instead /Applications/MAMP/htdocs/rms/ThinkPHP/Lib/Core/Db.class.php 第 606 行.
SQL: SELECT COUNT(*) AS tp_count FROM `roomservice_01` WHERE ( `date` = '2020-01-10' ) AND ( `ap` = '上午' ) AND ( `company` = '怀南' ) AND ( `domain` = 'localhost' ) LIMIT 1   [ RunTime:0.000168s ]
ERR: 1146:Table 'rms_revenue_2020.roomservice_01' doesn't exist
 [ SQL语句 ] : SELECT COUNT(*) AS tp_count FROM `roomservice_01` WHERE ( `date` = '2020-01-10' ) AND ( `ap` = '上午' ) AND ( `company` = '怀南' ) AND ( `domain` = 'localhost' ) LIMIT 1  
NOTIC: [8] Undefined index: page /Applications/MAMP/htdocs/rms/rms/Lib/Action/YingshouRoomServiceAction.class.php 第 104 行.
NOTIC: [8192] preg_replace(): The /e modifier is deprecated, use preg_replace_callback instead /Applications/MAMP/htdocs/rms/ThinkPHP/Lib/Core/Db.class.php 第 606 行.
SQL: SELECT `roomserviceid`,`name`,`totalmoney`,`jiezhangmoney`,`date`,`ap` FROM `roomservice_01` WHERE ( `date` = '2020-01-10' ) AND ( `ap` = '上午' ) AND ( `company` = '怀南' ) AND ( `domain` = 'localhost' ) ORDER BY  (totalmoney -jiezhangmoney) desc,name LIMIT 0,10   [ RunTime:0.000252s ]
ERR: 1146:Table 'rms_revenue_2020.roomservice_01' doesn't exist
 [ SQL语句 ] : SELECT `roomserviceid`,`name`,`totalmoney`,`jiezhangmoney`,`date`,`ap` FROM `roomservice_01` WHERE ( `date` = '2020-01-10' ) AND ( `ap` = '上午' ) AND ( `company` = '怀南' ) AND ( `domain` = 'localhost' ) ORDER BY  (totalmoney -jiezhangmoney) desc,name LIMIT 0,10  
NOTIC: [2] Invalid argument supplied for foreach() /Applications/MAMP/htdocs/rms/rms/Lib/Action/YingshouRoomServiceAction.class.php 第 125 行.

[ 2020-01-11T22:00:08+08:00 ] SQL: YingshouRoomServicelistview165WRITE的SQL：verify|N;userid|s:2:"32";userInfo|a:5:{s:6:"userid";s:2:"32";s:4:"name";s:9:"huainanjz";s:8:"rolename";s:9:"结账员";s:8:"truename";s:6:"怀南";s:10:"department";s:6:"怀南";}YingshouRoomServicelistviewpage|N;YingshouIncomeMgrlistviewpage|s:1:"0";YingshouInnerCarrylistviewpage|s:1:"1";searchTextPaymentMgr|s:0:"";PaymentMgrpage|s:1:"1";YingshouRevparMgrlistviewpage|s:1:"1";
[ 2020-01-11T22:00:14+08:00 ] SQL: YingshouRoomServiceACTINO_NAME151READ的SQL：verify|N;userid|s:2:"32";userInfo|a:5:{s:6:"userid";s:2:"32";s:4:"name";s:9:"huainanjz";s:8:"rolename";s:9:"结账员";s:8:"truename";s:6:"怀南";s:10:"department";s:6:"怀南";}YingshouRoomServicelistviewpage|N;YingshouIncomeMgrlistviewpage|s:1:"1";
[ 2020-01-11T22:00:14+08:00 ] 0.0.0.0 /rms/index.php?s=/YingshouRoomService/listview
INFO: [ route_check ] --START--
INFO: CheckRoute Behavior ::run [ RunTime:0.000831s ]
INFO: [ route_check ] --END-- [ RunTime:0.000987s ]
NOTIC: [8192] preg_replace(): The /e modifier is deprecated, use preg_replace_callback instead /Applications/MAMP/htdocs/rms/ThinkPHP/Lib/Core/Dispatcher.class.php 第 132 行.
INFO: [ app_begin ] --START--
INFO: ReadHtmlCache Behavior ::run [ RunTime:0.000530s ]
INFO: CheckLang Behavior ::run [ RunTime:0.001439s ]
INFO: [ app_begin ] --END-- [ RunTime:0.002235s ]
NOTIC: [8192] mysql_connect(): The mysql extension is deprecated and will be removed in the future: use mysqli or PDO instead /Applications/MAMP/htdocs/rms/ThinkPHP/Extend/Driver/Session/SessionDb.class.php 第 116 行.
NOTIC: [8] Use of undefined constant ACTINO_NAME - assumed 'ACTINO_NAME' /Applications/MAMP/htdocs/rms/ThinkPHP/Extend/Driver/Session/SessionDb.class.php 第 151 行.
NOTIC: [2048] Declaration of YingshouRoomServiceAction::get_slave_table() should be compatible with ModuleAction::get_slave_table($record) /Applications/MAMP/htdocs/rms/rms/Lib/Action/YingshouRoomServiceAction.class.php 第 11 行.
NOTIC: [8] Use of undefined constant new_link - assumed 'new_link' /Applications/MAMP/htdocs/rms/ThinkPHP/Extend/Library/COM/Db/SystemDb.class.php 第 40 行.
NOTIC: [8192] mysql_connect(): The mysql extension is deprecated and will be removed in the future: use mysqli or PDO instead /Applications/MAMP/htdocs/rms/ThinkPHP/Extend/Library/COM/Db/SystemDb.class.php 第 40 行.
NOTIC: [8192] mysql_connect(): The mysql extension is deprecated and will be removed in the future: use mysqli or PDO instead /Applications/MAMP/htdocs/rms/ThinkPHP/Lib/Driver/Db/DbMysql.class.php 第 55 行.
SQL: SHOW COLUMNS FROM `roomservice_` [ RunTime:0.000330s ]
ERR: 1146:Table 'rms.roomservice_' doesn't exist
 [ SQL语句 ] : SHOW COLUMNS FROM `roomservice_`
NOTIC: [8192] mysql_connect(): The mysql extension is deprecated and will be removed in the future: use mysqli or PDO instead /Applications/MAMP/htdocs/rms/ThinkPHP/Lib/Driver/Db/DbMysql.class.php 第 55 行.
SQL: SHOW COLUMNS FROM `roomservice_01` [ RunTime:0.000227s ]
ERR: 1146:Table 'rms_revenue_2020.roomservice_01' doesn't exist
 [ SQL语句 ] : SHOW COLUMNS FROM `roomservice_01`
NOTIC: [8192] preg_replace(): The /e modifier is deprecated, use preg_replace_callback instead /Applications/MAMP/htdocs/rms/ThinkPHP/Lib/Core/Db.class.php 第 606 行.
SQL: SELECT COUNT(*) AS tp_count FROM `roomservice_01` WHERE ( `date` = '2020-01-08' ) AND ( `ap` = '上午' ) AND ( `company` = '怀南' ) AND ( `domain` = 'localhost' ) LIMIT 1   [ RunTime:0.000141s ]
ERR: 1146:Table 'rms_revenue_2020.roomservice_01' doesn't exist
 [ SQL语句 ] : SELECT COUNT(*) AS tp_count FROM `roomservice_01` WHERE ( `date` = '2020-01-08' ) AND ( `ap` = '上午' ) AND ( `company` = '怀南' ) AND ( `domain` = 'localhost' ) LIMIT 1  
NOTIC: [8] Undefined index: page /Applications/MAMP/htdocs/rms/rms/Lib/Action/YingshouRoomServiceAction.class.php 第 104 行.
NOTIC: [8192] preg_replace(): The /e modifier is deprecated, use preg_replace_callback instead /Applications/MAMP/htdocs/rms/ThinkPHP/Lib/Core/Db.class.php 第 606 行.
SQL: SELECT `roomserviceid`,`name`,`totalmoney`,`jiezhangmoney`,`date`,`ap` FROM `roomservice_01` WHERE ( `date` = '2020-01-08' ) AND ( `ap` = '上午' ) AND ( `company` = '怀南' ) AND ( `domain` = 'localhost' ) ORDER BY  (totalmoney -jiezhangmoney) desc,name LIMIT 0,16   [ RunTime:0.000138s ]
ERR: 1146:Table 'rms_revenue_2020.roomservice_01' doesn't exist
 [ SQL语句 ] : SELECT `roomserviceid`,`name`,`totalmoney`,`jiezhangmoney`,`date`,`ap` FROM `roomservice_01` WHERE ( `date` = '2020-01-08' ) AND ( `ap` = '上午' ) AND ( `company` = '怀南' ) AND ( `domain` = 'localhost' ) ORDER BY  (totalmoney -jiezhangmoney) desc,name LIMIT 0,16  
NOTIC: [2] Invalid argument supplied for foreach() /Applications/MAMP/htdocs/rms/rms/Lib/Action/YingshouRoomServiceAction.class.php 第 125 行.

[ 2020-01-11T22:00:14+08:00 ] SQL: YingshouRoomServicelistview165WRITE的SQL：verify|N;userid|s:2:"32";userInfo|a:5:{s:6:"userid";s:2:"32";s:4:"name";s:9:"huainanjz";s:8:"rolename";s:9:"结账员";s:8:"truename";s:6:"怀南";s:10:"department";s:6:"怀南";}YingshouRoomServicelistviewpage|N;YingshouIncomeMgrlistviewpage|s:1:"1";
[ 2020-01-11T22:00:44+08:00 ] SQL: YingshouRoomServiceACTINO_NAME151READ的SQL：verify|N;userid|s:2:"32";userInfo|a:5:{s:6:"userid";s:2:"32";s:4:"name";s:9:"huainanjz";s:8:"rolename";s:9:"结账员";s:8:"truename";s:6:"怀南";s:10:"department";s:6:"怀南";}YingshouRoomServicelistviewpage|N;YingshouIncomeMgrlistviewpage|s:1:"0";YingshouInnerCarrylistviewpage|s:1:"1";searchTextPaymentMgr|s:0:"";PaymentMgrpage|s:1:"1";YingshouRevparMgrlistviewpage|s:1:"1";
[ 2020-01-11T22:00:44+08:00 ] 0.0.0.0 /rms/index.php?s=/YingshouRoomService/listview
INFO: [ route_check ] --START--
INFO: CheckRoute Behavior ::run [ RunTime:0.001406s ]
INFO: [ route_check ] --END-- [ RunTime:0.001666s ]
NOTIC: [8192] preg_replace(): The /e modifier is deprecated, use preg_replace_callback instead /Applications/MAMP/htdocs/rms/ThinkPHP/Lib/Core/Dispatcher.class.php 第 132 行.
INFO: [ app_begin ] --START--
INFO: ReadHtmlCache Behavior ::run [ RunTime:0.000864s ]
INFO: CheckLang Behavior ::run [ RunTime:0.003755s ]
INFO: [ app_begin ] --END-- [ RunTime:0.004868s ]
NOTIC: [8192] mysql_connect(): The mysql extension is deprecated and will be removed in the future: use mysqli or PDO instead /Applications/MAMP/htdocs/rms/ThinkPHP/Extend/Driver/Session/SessionDb.class.php 第 116 行.
NOTIC: [8] Use of undefined constant ACTINO_NAME - assumed 'ACTINO_NAME' /Applications/MAMP/htdocs/rms/ThinkPHP/Extend/Driver/Session/SessionDb.class.php 第 151 行.
NOTIC: [2048] Declaration of YingshouRoomServiceAction::get_slave_table() should be compatible with ModuleAction::get_slave_table($record) /Applications/MAMP/htdocs/rms/rms/Lib/Action/YingshouRoomServiceAction.class.php 第 11 行.
NOTIC: [8] Use of undefined constant new_link - assumed 'new_link' /Applications/MAMP/htdocs/rms/ThinkPHP/Extend/Library/COM/Db/SystemDb.class.php 第 40 行.
NOTIC: [8192] mysql_connect(): The mysql extension is deprecated and will be removed in the future: use mysqli or PDO instead /Applications/MAMP/htdocs/rms/ThinkPHP/Extend/Library/COM/Db/SystemDb.class.php 第 40 行.
NOTIC: [8192] mysql_connect(): The mysql extension is deprecated and will be removed in the future: use mysqli or PDO instead /Applications/MAMP/htdocs/rms/ThinkPHP/Lib/Driver/Db/DbMysql.class.php 第 55 行.
SQL: SHOW COLUMNS FROM `roomservice_` [ RunTime:0.000281s ]
ERR: 1146:Table 'rms.roomservice_' doesn't exist
 [ SQL语句 ] : SHOW COLUMNS FROM `roomservice_`
NOTIC: [8192] mysql_connect(): The mysql extension is deprecated and will be removed in the future: use mysqli or PDO instead /Applications/MAMP/htdocs/rms/ThinkPHP/Lib/Driver/Db/DbMysql.class.php 第 55 行.
SQL: SHOW COLUMNS FROM `roomservice_01` [ RunTime:0.000267s ]
ERR: 1146:Table 'rms_revenue_2020.roomservice_01' doesn't exist
 [ SQL语句 ] : SHOW COLUMNS FROM `roomservice_01`
NOTIC: [8192] preg_replace(): The /e modifier is deprecated, use preg_replace_callback instead /Applications/MAMP/htdocs/rms/ThinkPHP/Lib/Core/Db.class.php 第 606 行.
SQL: SELECT COUNT(*) AS tp_count FROM `roomservice_01` WHERE ( `date` = '2020-01-11' ) AND ( `ap` = '上午' ) AND ( `company` = '怀南' ) AND ( `domain` = 'localhost' ) LIMIT 1   [ RunTime:0.000142s ]
ERR: 1146:Table 'rms_revenue_2020.roomservice_01' doesn't exist
 [ SQL语句 ] : SELECT COUNT(*) AS tp_count FROM `roomservice_01` WHERE ( `date` = '2020-01-11' ) AND ( `ap` = '上午' ) AND ( `company` = '怀南' ) AND ( `domain` = 'localhost' ) LIMIT 1  
NOTIC: [8] Undefined index: page /Applications/MAMP/htdocs/rms/rms/Lib/Action/YingshouRoomServiceAction.class.php 第 104 行.
NOTIC: [8192] preg_replace(): The /e modifier is deprecated, use preg_replace_callback instead /Applications/MAMP/htdocs/rms/ThinkPHP/Lib/Core/Db.class.php 第 606 行.
SQL: SELECT `roomserviceid`,`name`,`totalmoney`,`jiezhangmoney`,`date`,`ap` FROM `roomservice_01` WHERE ( `date` = '2020-01-11' ) AND ( `ap` = '上午' ) AND ( `company` = '怀南' ) AND ( `domain` = 'localhost' ) ORDER BY  (totalmoney -jiezhangmoney) desc,name LIMIT 0,10   [ RunTime:0.000181s ]
ERR: 1146:Table 'rms_revenue_2020.roomservice_01' doesn't exist
 [ SQL语句 ] : SELECT `roomserviceid`,`name`,`totalmoney`,`jiezhangmoney`,`date`,`ap` FROM `roomservice_01` WHERE ( `date` = '2020-01-11' ) AND ( `ap` = '上午' ) AND ( `company` = '怀南' ) AND ( `domain` = 'localhost' ) ORDER BY  (totalmoney -jiezhangmoney) desc,name LIMIT 0,10  
NOTIC: [2] Invalid argument supplied for foreach() /Applications/MAMP/htdocs/rms/rms/Lib/Action/YingshouRoomServiceAction.class.php 第 125 行.

[ 2020-01-11T22:00:44+08:00 ] SQL: YingshouRoomServicelistview165WRITE的SQL：verify|N;userid|s:2:"32";userInfo|a:5:{s:6:"userid";s:2:"32";s:4:"name";s:9:"huainanjz";s:8:"rolename";s:9:"结账员";s:8:"truename";s:6:"怀南";s:10:"department";s:6:"怀南";}YingshouRoomServicelistviewpage|N;YingshouIncomeMgrlistviewpage|s:1:"0";YingshouInnerCarrylistviewpage|s:1:"1";searchTextPaymentMgr|s:0:"";PaymentMgrpage|s:1:"1";YingshouRevparMgrlistviewpage|s:1:"1";
[ 2020-01-11T22:01:09+08:00 ] SQL: YingshouRoomServiceACTINO_NAME151READ的SQL：verify|N;userid|s:2:"32";userInfo|a:5:{s:6:"userid";s:2:"32";s:4:"name";s:9:"huainanjz";s:8:"rolename";s:9:"结账员";s:8:"truename";s:6:"怀南";s:10:"department";s:6:"怀南";}YingshouRoomServicelistviewpage|N;YingshouIncomeMgrlistviewpage|s:1:"0";YingshouInnerCarrylistviewpage|s:1:"1";searchTextPaymentMgr|s:0:"";PaymentMgrpage|s:1:"1";YingshouRevparMgrlistviewpage|s:1:"1";
[ 2020-01-11T22:01:09+08:00 ] 0.0.0.0 /rms/index.php?s=/YingshouRoomService/listview
INFO: [ route_check ] --START--
INFO: CheckRoute Behavior ::run [ RunTime:0.001152s ]
INFO: [ route_check ] --END-- [ RunTime:0.001331s ]
NOTIC: [8192] preg_replace(): The /e modifier is deprecated, use preg_replace_callback instead /Applications/MAMP/htdocs/rms/ThinkPHP/Lib/Core/Dispatcher.class.php 第 132 行.
INFO: [ app_begin ] --START--
INFO: ReadHtmlCache Behavior ::run [ RunTime:0.000812s ]
INFO: CheckLang Behavior ::run [ RunTime:0.002820s ]
INFO: [ app_begin ] --END-- [ RunTime:0.003934s ]
NOTIC: [8192] mysql_connect(): The mysql extension is deprecated and will be removed in the future: use mysqli or PDO instead /Applications/MAMP/htdocs/rms/ThinkPHP/Extend/Driver/Session/SessionDb.class.php 第 116 行.
NOTIC: [8] Use of undefined constant ACTINO_NAME - assumed 'ACTINO_NAME' /Applications/MAMP/htdocs/rms/ThinkPHP/Extend/Driver/Session/SessionDb.class.php 第 151 行.
NOTIC: [2048] Declaration of YingshouRoomServiceAction::get_slave_table() should be compatible with ModuleAction::get_slave_table($record) /Applications/MAMP/htdocs/rms/rms/Lib/Action/YingshouRoomServiceAction.class.php 第 11 行.
NOTIC: [8] Use of undefined constant new_link - assumed 'new_link' /Applications/MAMP/htdocs/rms/ThinkPHP/Extend/Library/COM/Db/SystemDb.class.php 第 40 行.
NOTIC: [8192] mysql_connect(): The mysql extension is deprecated and will be removed in the future: use mysqli or PDO instead /Applications/MAMP/htdocs/rms/ThinkPHP/Extend/Library/COM/Db/SystemDb.class.php 第 40 行.
NOTIC: [8192] mysql_connect(): The mysql extension is deprecated and will be removed in the future: use mysqli or PDO instead /Applications/MAMP/htdocs/rms/ThinkPHP/Lib/Driver/Db/DbMysql.class.php 第 55 行.
SQL: SHOW COLUMNS FROM `roomservice_` [ RunTime:0.000277s ]
ERR: 1146:Table 'rms.roomservice_' doesn't exist
 [ SQL语句 ] : SHOW COLUMNS FROM `roomservice_`
NOTIC: [8192] mysql_connect(): The mysql extension is deprecated and will be removed in the future: use mysqli or PDO instead /Applications/MAMP/htdocs/rms/ThinkPHP/Lib/Driver/Db/DbMysql.class.php 第 55 行.
SQL: SHOW COLUMNS FROM `roomservice_01` [ RunTime:0.000219s ]
ERR: 1146:Table 'rms_revenue_2020.roomservice_01' doesn't exist
 [ SQL语句 ] : SHOW COLUMNS FROM `roomservice_01`
NOTIC: [8192] preg_replace(): The /e modifier is deprecated, use preg_replace_callback instead /Applications/MAMP/htdocs/rms/ThinkPHP/Lib/Core/Db.class.php 第 606 行.
SQL: SELECT COUNT(*) AS tp_count FROM `roomservice_01` WHERE ( `date` = '2020-01-10' ) AND ( `ap` = '上午' ) AND ( `company` = '怀南' ) AND ( `domain` = 'localhost' ) LIMIT 1   [ RunTime:0.000221s ]
ERR: 1146:Table 'rms_revenue_2020.roomservice_01' doesn't exist
 [ SQL语句 ] : SELECT COUNT(*) AS tp_count FROM `roomservice_01` WHERE ( `date` = '2020-01-10' ) AND ( `ap` = '上午' ) AND ( `company` = '怀南' ) AND ( `domain` = 'localhost' ) LIMIT 1  
NOTIC: [8] Undefined index: page /Applications/MAMP/htdocs/rms/rms/Lib/Action/YingshouRoomServiceAction.class.php 第 104 行.
NOTIC: [8192] preg_replace(): The /e modifier is deprecated, use preg_replace_callback instead /Applications/MAMP/htdocs/rms/ThinkPHP/Lib/Core/Db.class.php 第 606 行.
SQL: SELECT `roomserviceid`,`name`,`totalmoney`,`jiezhangmoney`,`date`,`ap` FROM `roomservice_01` WHERE ( `date` = '2020-01-10' ) AND ( `ap` = '上午' ) AND ( `company` = '怀南' ) AND ( `domain` = 'localhost' ) ORDER BY  (totalmoney -jiezhangmoney) desc,name LIMIT 0,10   [ RunTime:0.000212s ]
ERR: 1146:Table 'rms_revenue_2020.roomservice_01' doesn't exist
 [ SQL语句 ] : SELECT `roomserviceid`,`name`,`totalmoney`,`jiezhangmoney`,`date`,`ap` FROM `roomservice_01` WHERE ( `date` = '2020-01-10' ) AND ( `ap` = '上午' ) AND ( `company` = '怀南' ) AND ( `domain` = 'localhost' ) ORDER BY  (totalmoney -jiezhangmoney) desc,name LIMIT 0,10  
NOTIC: [2] Invalid argument supplied for foreach() /Applications/MAMP/htdocs/rms/rms/Lib/Action/YingshouRoomServiceAction.class.php 第 125 行.

[ 2020-01-11T22:01:09+08:00 ] SQL: YingshouRoomServicelistview165WRITE的SQL：verify|N;userid|s:2:"32";userInfo|a:5:{s:6:"userid";s:2:"32";s:4:"name";s:9:"huainanjz";s:8:"rolename";s:9:"结账员";s:8:"truename";s:6:"怀南";s:10:"department";s:6:"怀南";}YingshouRoomServicelistviewpage|N;YingshouIncomeMgrlistviewpage|s:1:"0";YingshouInnerCarrylistviewpage|s:1:"1";searchTextPaymentMgr|s:0:"";PaymentMgrpage|s:1:"1";YingshouRevparMgrlistviewpage|s:1:"1";
[ 2020-01-11T22:01:14+08:00 ] SQL: YingshouRoomServiceACTINO_NAME151READ的SQL：verify|N;userid|s:2:"32";userInfo|a:5:{s:6:"userid";s:2:"32";s:4:"name";s:9:"huainanjz";s:8:"rolename";s:9:"结账员";s:8:"truename";s:6:"怀南";s:10:"department";s:6:"怀南";}YingshouRoomServicelistviewpage|N;YingshouIncomeMgrlistviewpage|s:1:"1";
[ 2020-01-11T22:01:14+08:00 ] 0.0.0.0 /rms/index.php?s=/YingshouRoomService/listview
INFO: [ route_check ] --START--
INFO: CheckRoute Behavior ::run [ RunTime:0.000873s ]
INFO: [ route_check ] --END-- [ RunTime:0.001068s ]
NOTIC: [8192] preg_replace(): The /e modifier is deprecated, use preg_replace_callback instead /Applications/MAMP/htdocs/rms/ThinkPHP/Lib/Core/Dispatcher.class.php 第 132 行.
INFO: [ app_begin ] --START--
INFO: ReadHtmlCache Behavior ::run [ RunTime:0.000553s ]
INFO: CheckLang Behavior ::run [ RunTime:0.001125s ]
INFO: [ app_begin ] --END-- [ RunTime:0.001855s ]
NOTIC: [8192] mysql_connect(): The mysql extension is deprecated and will be removed in the future: use mysqli or PDO instead /Applications/MAMP/htdocs/rms/ThinkPHP/Extend/Driver/Session/SessionDb.class.php 第 116 行.
NOTIC: [8] Use of undefined constant ACTINO_NAME - assumed 'ACTINO_NAME' /Applications/MAMP/htdocs/rms/ThinkPHP/Extend/Driver/Session/SessionDb.class.php 第 151 行.
NOTIC: [2048] Declaration of YingshouRoomServiceAction::get_slave_table() should be compatible with ModuleAction::get_slave_table($record) /Applications/MAMP/htdocs/rms/rms/Lib/Action/YingshouRoomServiceAction.class.php 第 11 行.
NOTIC: [8] Use of undefined constant new_link - assumed 'new_link' /Applications/MAMP/htdocs/rms/ThinkPHP/Extend/Library/COM/Db/SystemDb.class.php 第 40 行.
NOTIC: [8192] mysql_connect(): The mysql extension is deprecated and will be removed in the future: use mysqli or PDO instead /Applications/MAMP/htdocs/rms/ThinkPHP/Extend/Library/COM/Db/SystemDb.class.php 第 40 行.
NOTIC: [8192] mysql_connect(): The mysql extension is deprecated and will be removed in the future: use mysqli or PDO instead /Applications/MAMP/htdocs/rms/ThinkPHP/Lib/Driver/Db/DbMysql.class.php 第 55 行.
SQL: SHOW COLUMNS FROM `roomservice_` [ RunTime:0.000288s ]
ERR: 1146:Table 'rms.roomservice_' doesn't exist
 [ SQL语句 ] : SHOW COLUMNS FROM `roomservice_`
NOTIC: [8192] mysql_connect(): The mysql extension is deprecated and will be removed in the future: use mysqli or PDO instead /Applications/MAMP/htdocs/rms/ThinkPHP/Lib/Driver/Db/DbMysql.class.php 第 55 行.
SQL: SHOW COLUMNS FROM `roomservice_01` [ RunTime:0.000337s ]
ERR: 1146:Table 'rms_revenue_2020.roomservice_01' doesn't exist
 [ SQL语句 ] : SHOW COLUMNS FROM `roomservice_01`
NOTIC: [8192] preg_replace(): The /e modifier is deprecated, use preg_replace_callback instead /Applications/MAMP/htdocs/rms/ThinkPHP/Lib/Core/Db.class.php 第 606 行.
SQL: SELECT COUNT(*) AS tp_count FROM `roomservice_01` WHERE ( `date` = '2020-01-08' ) AND ( `ap` = '上午' ) AND ( `company` = '怀南' ) AND ( `domain` = 'localhost' ) LIMIT 1   [ RunTime:0.000164s ]
ERR: 1146:Table 'rms_revenue_2020.roomservice_01' doesn't exist
 [ SQL语句 ] : SELECT COUNT(*) AS tp_count FROM `roomservice_01` WHERE ( `date` = '2020-01-08' ) AND ( `ap` = '上午' ) AND ( `company` = '怀南' ) AND ( `domain` = 'localhost' ) LIMIT 1  
NOTIC: [8] Undefined index: page /Applications/MAMP/htdocs/rms/rms/Lib/Action/YingshouRoomServiceAction.class.php 第 104 行.
NOTIC: [8192] preg_replace(): The /e modifier is deprecated, use preg_replace_callback instead /Applications/MAMP/htdocs/rms/ThinkPHP/Lib/Core/Db.class.php 第 606 行.
SQL: SELECT `roomserviceid`,`name`,`totalmoney`,`jiezhangmoney`,`date`,`ap` FROM `roomservice_01` WHERE ( `date` = '2020-01-08' ) AND ( `ap` = '上午' ) AND ( `company` = '怀南' ) AND ( `domain` = 'localhost' ) ORDER BY  (totalmoney -jiezhangmoney) desc,name LIMIT 0,16   [ RunTime:0.000155s ]
ERR: 1146:Table 'rms_revenue_2020.roomservice_01' doesn't exist
 [ SQL语句 ] : SELECT `roomserviceid`,`name`,`totalmoney`,`jiezhangmoney`,`date`,`ap` FROM `roomservice_01` WHERE ( `date` = '2020-01-08' ) AND ( `ap` = '上午' ) AND ( `company` = '怀南' ) AND ( `domain` = 'localhost' ) ORDER BY  (totalmoney -jiezhangmoney) desc,name LIMIT 0,16  
NOTIC: [2] Invalid argument supplied for foreach() /Applications/MAMP/htdocs/rms/rms/Lib/Action/YingshouRoomServiceAction.class.php 第 125 行.

[ 2020-01-11T22:01:14+08:00 ] SQL: YingshouRoomServicelistview165WRITE的SQL：verify|N;userid|s:2:"32";userInfo|a:5:{s:6:"userid";s:2:"32";s:4:"name";s:9:"huainanjz";s:8:"rolename";s:9:"结账员";s:8:"truename";s:6:"怀南";s:10:"department";s:6:"怀南";}YingshouRoomServicelistviewpage|N;YingshouIncomeMgrlistviewpage|s:1:"1";
