[ 2020-01-17T14:20:20+08:00 ] SQL: Headerindex165WRITE的SQL：verify|N;userid|s:1:"3";userInfo|a:5:{s:6:"userid";s:1:"3";s:4:"name";s:5:"admin";s:8:"rolename";s:15:"系统管理员";s:8:"truename";s:15:"系统管理员";s:10:"department";s:0:"";}Noticepage|s:1:"1";YingshouRevparMgrlistviewpage|s:1:"1";searchTextElectronInvoiceReport|s:0:"";searchTextPaymentMgr|s:0:"";PaymentMgrpage|s:1:"1";
[ 2020-01-17T14:20:20+08:00 ] SQL: NoticeACTINO_NAME151READ的SQL：verify|N;userid|s:1:"3";userInfo|a:5:{s:6:"userid";s:1:"3";s:4:"name";s:5:"admin";s:8:"rolename";s:15:"系统管理员";s:8:"truename";s:15:"系统管理员";s:10:"department";s:0:"";}Noticepage|s:1:"1";YingshouRevparMgrlistviewpage|s:1:"1";searchTextElectronInvoiceReport|s:0:"";searchTextPaymentMgr|s:0:"";PaymentMgrpage|s:1:"1";
[ 2020-01-17T14:20:20+08:00 ] 0.0.0.0 /rms/index.php?s=/Notice/listview.html
INFO: [ route_check ] --START--
INFO: CheckRoute Behavior ::run [ RunTime:0.000573s ]
INFO: [ route_check ] --END-- [ RunTime:0.000674s ]
NOTIC: [8192] preg_replace(): The /e modifier is deprecated, use preg_replace_callback instead /Applications/MAMP/htdocs/rms/ThinkPHP/Lib/Core/Dispatcher.class.php 第 132 行.
INFO: [ app_begin ] --START--
INFO: ReadHtmlCache Behavior ::run [ RunTime:0.000457s ]
INFO: CheckLang Behavior ::run [ RunTime:0.000894s ]
INFO: [ app_begin ] --END-- [ RunTime:0.001487s ]
NOTIC: [8192] mysql_connect(): The mysql extension is deprecated and will be removed in the future: use mysqli or PDO instead /Applications/MAMP/htdocs/rms/ThinkPHP/Extend/Driver/Session/SessionDb.class.php 第 116 行.
NOTIC: [8] Use of undefined constant ACTINO_NAME - assumed 'ACTINO_NAME' /Applications/MAMP/htdocs/rms/ThinkPHP/Extend/Driver/Session/SessionDb.class.php 第 151 行.
NOTIC: [8] Use of undefined constant new_link - assumed 'new_link' /Applications/MAMP/htdocs/rms/ThinkPHP/Extend/Library/COM/Db/SystemDb.class.php 第 40 行.
NOTIC: [8192] mysql_connect(): The mysql extension is deprecated and will be removed in the future: use mysqli or PDO instead /Applications/MAMP/htdocs/rms/ThinkPHP/Extend/Library/COM/Db/SystemDb.class.php 第 40 行.
NOTIC: [8192] mysql_connect(): The mysql extension is deprecated and will be removed in the future: use mysqli or PDO instead /Applications/MAMP/htdocs/rms/ThinkPHP/Lib/Driver/Db/DbMysql.class.php 第 55 行.
SQL: SHOW COLUMNS FROM `rms_notice` [ RunTime:0.000559s ]
NOTIC: [8] Undefined index: searchText /Applications/MAMP/htdocs/rms/rms/Lib/Action/ModuleAction.class.php 第 64 行.
NOTIC: [8] Undefined index: searchTextNotice /Applications/MAMP/htdocs/rms/rms/Lib/Action/ModuleAction.class.php 第 74 行.
NOTIC: [8192] preg_replace(): The /e modifier is deprecated, use preg_replace_callback instead /Applications/MAMP/htdocs/rms/ThinkPHP/Lib/Core/Db.class.php 第 606 行.
SQL: SELECT COUNT(*) AS tp_count FROM `rms_notice` WHERE ( `domain` = 'localhost' ) LIMIT 1   [ RunTime:0.000226s ]
NOTIC: [2] Invalid argument supplied for foreach() /Applications/MAMP/htdocs/rms/rms/Lib/Action/ModuleAction.class.php 第 129 行.
NOTIC: [8192] preg_replace(): The /e modifier is deprecated, use preg_replace_callback instead /Applications/MAMP/htdocs/rms/ThinkPHP/Lib/Core/Db.class.php 第 606 行.
SQL: SELECT `noticeid`,`content` FROM `rms_notice` WHERE ( `domain` = 'localhost' ) ORDER BY noticeid  desc LIMIT 0,19   [ RunTime:0.000263s ]

[ 2020-01-17T14:20:20+08:00 ] SQL: Noticelistview165WRITE的SQL：verify|N;userid|s:1:"3";userInfo|a:5:{s:6:"userid";s:1:"3";s:4:"name";s:5:"admin";s:8:"rolename";s:15:"系统管理员";s:8:"truename";s:15:"系统管理员";s:10:"department";s:0:"";}Noticepage|s:1:"1";YingshouRevparMgrlistviewpage|s:1:"1";searchTextElectronInvoiceReport|s:0:"";searchTextPaymentMgr|s:0:"";PaymentMgrpage|s:1:"1";
[ 2020-01-17T14:20:20+08:00 ] SQL: NoticeACTINO_NAME151READ的SQL：verify|N;userid|s:1:"3";userInfo|a:5:{s:6:"userid";s:1:"3";s:4:"name";s:5:"admin";s:8:"rolename";s:15:"系统管理员";s:8:"truename";s:15:"系统管理员";s:10:"department";s:0:"";}Noticepage|s:1:"1";YingshouRevparMgrlistviewpage|s:1:"1";searchTextElectronInvoiceReport|s:0:"";searchTextPaymentMgr|s:0:"";PaymentMgrpage|s:1:"1";
[ 2020-01-17T14:20:20+08:00 ] 0.0.0.0 /rms/index.php?s=/Notice/listview.html
INFO: [ route_check ] --START--
INFO: CheckRoute Behavior ::run [ RunTime:0.001211s ]
INFO: [ route_check ] --END-- [ RunTime:0.001361s ]
NOTIC: [8192] preg_replace(): The /e modifier is deprecated, use preg_replace_callback instead /Applications/MAMP/htdocs/rms/ThinkPHP/Lib/Core/Dispatcher.class.php 第 132 行.
INFO: [ app_begin ] --START--
INFO: ReadHtmlCache Behavior ::run [ RunTime:0.000420s ]
INFO: CheckLang Behavior ::run [ RunTime:0.000749s ]
INFO: [ app_begin ] --END-- [ RunTime:0.001287s ]
NOTIC: [8192] mysql_connect(): The mysql extension is deprecated and will be removed in the future: use mysqli or PDO instead /Applications/MAMP/htdocs/rms/ThinkPHP/Extend/Driver/Session/SessionDb.class.php 第 116 行.
NOTIC: [8] Use of undefined constant ACTINO_NAME - assumed 'ACTINO_NAME' /Applications/MAMP/htdocs/rms/ThinkPHP/Extend/Driver/Session/SessionDb.class.php 第 151 行.
NOTIC: [8] Use of undefined constant new_link - assumed 'new_link' /Applications/MAMP/htdocs/rms/ThinkPHP/Extend/Library/COM/Db/SystemDb.class.php 第 40 行.
NOTIC: [8192] mysql_connect(): The mysql extension is deprecated and will be removed in the future: use mysqli or PDO instead /Applications/MAMP/htdocs/rms/ThinkPHP/Extend/Library/COM/Db/SystemDb.class.php 第 40 行.
NOTIC: [8192] mysql_connect(): The mysql extension is deprecated and will be removed in the future: use mysqli or PDO instead /Applications/MAMP/htdocs/rms/ThinkPHP/Lib/Driver/Db/DbMysql.class.php 第 55 行.
SQL: SHOW COLUMNS FROM `rms_notice` [ RunTime:0.000702s ]
NOTIC: [8] Undefined index: searchText /Applications/MAMP/htdocs/rms/rms/Lib/Action/ModuleAction.class.php 第 64 行.
NOTIC: [8] Undefined index: searchTextNotice /Applications/MAMP/htdocs/rms/rms/Lib/Action/ModuleAction.class.php 第 74 行.
NOTIC: [8192] preg_replace(): The /e modifier is deprecated, use preg_replace_callback instead /Applications/MAMP/htdocs/rms/ThinkPHP/Lib/Core/Db.class.php 第 606 行.
SQL: SELECT COUNT(*) AS tp_count FROM `rms_notice` WHERE ( `domain` = 'localhost' ) LIMIT 1   [ RunTime:0.000286s ]
NOTIC: [2] Invalid argument supplied for foreach() /Applications/MAMP/htdocs/rms/rms/Lib/Action/ModuleAction.class.php 第 129 行.
NOTIC: [8192] preg_replace(): The /e modifier is deprecated, use preg_replace_callback instead /Applications/MAMP/htdocs/rms/ThinkPHP/Lib/Core/Db.class.php 第 606 行.
SQL: SELECT `noticeid`,`content` FROM `rms_notice` WHERE ( `domain` = 'localhost' ) ORDER BY noticeid  desc LIMIT 0,19   [ RunTime:0.000483s ]

[ 2020-01-17T14:20:20+08:00 ] SQL: Noticelistview165WRITE的SQL：verify|N;userid|s:1:"3";userInfo|a:5:{s:6:"userid";s:1:"3";s:4:"name";s:5:"admin";s:8:"rolename";s:15:"系统管理员";s:8:"truename";s:15:"系统管理员";s:10:"department";s:0:"";}Noticepage|s:1:"1";YingshouRevparMgrlistviewpage|s:1:"1";searchTextElectronInvoiceReport|s:0:"";searchTextPaymentMgr|s:0:"";PaymentMgrpage|s:1:"1";
[ 2020-01-17T14:20:24+08:00 ] SQL: YingshouRevparMgrACTINO_NAME151READ的SQL：verify|N;userid|s:1:"3";userInfo|a:5:{s:6:"userid";s:1:"3";s:4:"name";s:5:"admin";s:8:"rolename";s:15:"系统管理员";s:8:"truename";s:15:"系统管理员";s:10:"department";s:0:"";}Noticepage|s:1:"1";YingshouRevparMgrlistviewpage|s:1:"1";searchTextElectronInvoiceReport|s:0:"";searchTextPaymentMgr|s:0:"";PaymentMgrpage|s:1:"1";
[ 2020-01-17T14:20:25+08:00 ] 0.0.0.0 /rms/index.php?s=/YingshouRevparMgr/index/delsession/del&_=1579242019953
INFO: [ route_check ] --START--
INFO: CheckRoute Behavior ::run [ RunTime:0.000547s ]
INFO: [ route_check ] --END-- [ RunTime:0.000653s ]
NOTIC: [8192] preg_replace(): The /e modifier is deprecated, use preg_replace_callback instead /Applications/MAMP/htdocs/rms/ThinkPHP/Lib/Core/Dispatcher.class.php 第 132 行.
INFO: [ app_begin ] --START--
INFO: ReadHtmlCache Behavior ::run [ RunTime:0.000489s ]
INFO: CheckLang Behavior ::run [ RunTime:0.001609s ]
INFO: [ app_begin ] --END-- [ RunTime:0.002327s ]
NOTIC: [8192] mysql_connect(): The mysql extension is deprecated and will be removed in the future: use mysqli or PDO instead /Applications/MAMP/htdocs/rms/ThinkPHP/Extend/Driver/Session/SessionDb.class.php 第 116 行.
NOTIC: [8] Use of undefined constant ACTINO_NAME - assumed 'ACTINO_NAME' /Applications/MAMP/htdocs/rms/ThinkPHP/Extend/Driver/Session/SessionDb.class.php 第 151 行.
NOTIC: [8] Use of undefined constant new_link - assumed 'new_link' /Applications/MAMP/htdocs/rms/ThinkPHP/Extend/Library/COM/Db/SystemDb.class.php 第 40 行.
NOTIC: [8192] mysql_connect(): The mysql extension is deprecated and will be removed in the future: use mysqli or PDO instead /Applications/MAMP/htdocs/rms/ThinkPHP/Extend/Library/COM/Db/SystemDb.class.php 第 40 行.
NOTIC: [8192] mysql_connect(): The mysql extension is deprecated and will be removed in the future: use mysqli or PDO instead /Applications/MAMP/htdocs/rms/ThinkPHP/Lib/Driver/Db/DbMysql.class.php 第 55 行.
SQL: SHOW COLUMNS FROM `revparmgr_` [ RunTime:0.000405s ]
ERR: 1146:Table 'rms.revparmgr_' doesn't exist
 [ SQL语句 ] : SHOW COLUMNS FROM `revparmgr_`
NOTIC: [8] Undefined index: getDate /Applications/MAMP/htdocs/rms/rms/Lib/Action/YingshouRevparMgrAction.class.php 第 351 行.
NOTIC: [8] Undefined index: getAp /Applications/MAMP/htdocs/rms/rms/Lib/Action/YingshouRevparMgrAction.class.php 第 353 行.
NOTIC: [8] Undefined index: companyArr /Applications/MAMP/htdocs/rms/rms/Lib/Action/YingshouRevparMgrAction.class.php 第 355 行.
NOTIC: [8] Use of undefined constant new_link - assumed 'new_link' /Applications/MAMP/htdocs/rms/ThinkPHP/Extend/Library/COM/Db/SystemDb.class.php 第 40 行.
NOTIC: [8192] mysql_connect(): The mysql extension is deprecated and will be removed in the future: use mysqli or PDO instead /Applications/MAMP/htdocs/rms/ThinkPHP/Extend/Library/COM/Db/SystemDb.class.php 第 40 行.
SQL: SHOW COLUMNS FROM `rms_role_user` [ RunTime:0.000466s ]
NOTIC: [8192] preg_replace(): The /e modifier is deprecated, use preg_replace_callback instead /Applications/MAMP/htdocs/rms/ThinkPHP/Lib/Core/Db.class.php 第 606 行.
SQL: SELECT * FROM `rms_role_user` WHERE ( user_id=3 ) LIMIT 1   [ RunTime:0.000197s ]
NOTIC: [8] Use of undefined constant new_link - assumed 'new_link' /Applications/MAMP/htdocs/rms/ThinkPHP/Extend/Library/COM/Db/SystemDb.class.php 第 40 行.
NOTIC: [8192] mysql_connect(): The mysql extension is deprecated and will be removed in the future: use mysqli or PDO instead /Applications/MAMP/htdocs/rms/ThinkPHP/Extend/Library/COM/Db/SystemDb.class.php 第 40 行.
SQL: SHOW COLUMNS FROM `rms_access` [ RunTime:0.000685s ]
NOTIC: [8192] preg_replace(): The /e modifier is deprecated, use preg_replace_callback instead /Applications/MAMP/htdocs/rms/ThinkPHP/Lib/Core/Db.class.php 第 606 行.
SQL: SELECT `node_id` FROM `rms_access` WHERE ( `role_id` = 3 )  [ RunTime:0.000181s ]
NOTIC: [2] Invalid argument supplied for foreach() /Applications/MAMP/htdocs/rms/rms/Lib/Action/YingshouRevparMgrAction.class.php 第 1726 行.
NOTIC: [8] Use of undefined constant new_link - assumed 'new_link' /Applications/MAMP/htdocs/rms/ThinkPHP/Extend/Library/COM/Db/SystemDb.class.php 第 40 行.
NOTIC: [8192] mysql_connect(): The mysql extension is deprecated and will be removed in the future: use mysqli or PDO instead /Applications/MAMP/htdocs/rms/ThinkPHP/Extend/Library/COM/Db/SystemDb.class.php 第 40 行.
SQL: SHOW COLUMNS FROM `rms_node` [ RunTime:0.000548s ]
NOTIC: [8192] preg_replace(): The /e modifier is deprecated, use preg_replace_callback instead /Applications/MAMP/htdocs/rms/ThinkPHP/Lib/Core/Db.class.php 第 606 行.
SQL: SELECT * FROM `rms_node` WHERE ( name='companyRevpar' ) LIMIT 1   [ RunTime:0.000200s ]
NOTIC: [8] Undefined variable: accessArr /Applications/MAMP/htdocs/rms/rms/Lib/Action/YingshouRevparMgrAction.class.php 第 1734 行.
NOTIC: [2] in_array() expects parameter 2 to be array, null given /Applications/MAMP/htdocs/rms/rms/Lib/Action/YingshouRevparMgrAction.class.php 第 1734 行.
NOTIC: [8192] preg_replace(): The /e modifier is deprecated, use preg_replace_callback instead /Applications/MAMP/htdocs/rms/ThinkPHP/Lib/Core/Db.class.php 第 606 行.
SQL: SELECT * FROM `rms_node` WHERE ( name='financeRevpar' ) LIMIT 1   [ RunTime:0.000160s ]
NOTIC: [8] Undefined variable: accessArr /Applications/MAMP/htdocs/rms/rms/Lib/Action/YingshouRevparMgrAction.class.php 第 1741 行.
NOTIC: [2] in_array() expects parameter 2 to be array, null given /Applications/MAMP/htdocs/rms/rms/Lib/Action/YingshouRevparMgrAction.class.php 第 1741 行.
NOTIC: [8] Undefined variable: revparType /Applications/MAMP/htdocs/rms/rms/Lib/Action/YingshouRevparMgrAction.class.php 第 1745 行.
INFO: [ view_parse ] --START--
NOTIC: [8192] preg_replace(): The /e modifier is deprecated, use preg_replace_callback instead /Applications/MAMP/htdocs/rms/ThinkPHP/Lib/Template/ThinkTemplate.class.php 第 273 行.
NOTIC: [8192] preg_replace(): The /e modifier is deprecated, use preg_replace_callback instead /Applications/MAMP/htdocs/rms/ThinkPHP/Lib/Template/ThinkTemplate.class.php 第 168 行.
NOTIC: [8192] preg_replace(): The /e modifier is deprecated, use preg_replace_callback instead /Applications/MAMP/htdocs/rms/ThinkPHP/Lib/Template/ThinkTemplate.class.php 第 399 行.
NOTIC: [8192] preg_replace(): The /e modifier is deprecated, use preg_replace_callback instead /Applications/MAMP/htdocs/rms/ThinkPHP/Lib/Template/ThinkTemplate.class.php 第 399 行.
NOTIC: [8192] preg_replace(): The /e modifier is deprecated, use preg_replace_callback instead /Applications/MAMP/htdocs/rms/ThinkPHP/Lib/Template/ThinkTemplate.class.php 第 399 行.
NOTIC: [8192] preg_replace(): The /e modifier is deprecated, use preg_replace_callback instead /Applications/MAMP/htdocs/rms/ThinkPHP/Lib/Template/ThinkTemplate.class.php 第 404 行.
NOTIC: [8192] preg_replace(): The /e modifier is deprecated, use preg_replace_callback instead /Applications/MAMP/htdocs/rms/ThinkPHP/Lib/Template/ThinkTemplate.class.php 第 404 行.
NOTIC: [8192] preg_replace(): The /e modifier is deprecated, use preg_replace_callback instead /Applications/MAMP/htdocs/rms/ThinkPHP/Lib/Template/ThinkTemplate.class.php 第 404 行.
NOTIC: [8192] preg_replace(): The /e modifier is deprecated, use preg_replace_callback instead /Applications/MAMP/htdocs/rms/ThinkPHP/Lib/Template/ThinkTemplate.class.php 第 404 行.
NOTIC: [8192] preg_replace(): The /e modifier is deprecated, use preg_replace_callback instead /Applications/MAMP/htdocs/rms/ThinkPHP/Lib/Template/ThinkTemplate.class.php 第 404 行.
NOTIC: [8192] preg_replace(): The /e modifier is deprecated, use preg_replace_callback instead /Applications/MAMP/htdocs/rms/ThinkPHP/Lib/Template/ThinkTemplate.class.php 第 404 行.
NOTIC: [8192] preg_replace(): The /e modifier is deprecated, use preg_replace_callback instead /Applications/MAMP/htdocs/rms/ThinkPHP/Lib/Template/ThinkTemplate.class.php 第 404 行.
NOTIC: [8192] preg_replace(): The /e modifier is deprecated, use preg_replace_callback instead /Applications/MAMP/htdocs/rms/ThinkPHP/Lib/Template/ThinkTemplate.class.php 第 404 行.
NOTIC: [8192] preg_replace(): The /e modifier is deprecated, use preg_replace_callback instead /Applications/MAMP/htdocs/rms/ThinkPHP/Lib/Template/ThinkTemplate.class.php 第 404 行.
NOTIC: [8192] preg_replace(): The /e modifier is deprecated, use preg_replace_callback instead /Applications/MAMP/htdocs/rms/ThinkPHP/Lib/Template/ThinkTemplate.class.php 第 404 行.
NOTIC: [8192] preg_replace(): The /e modifier is deprecated, use preg_replace_callback instead /Applications/MAMP/htdocs/rms/ThinkPHP/Lib/Template/ThinkTemplate.class.php 第 404 行.
NOTIC: [8192] preg_replace(): The /e modifier is deprecated, use preg_replace_callback instead /Applications/MAMP/htdocs/rms/ThinkPHP/Lib/Template/ThinkTemplate.class.php 第 404 行.
NOTIC: [8192] preg_replace(): The /e modifier is deprecated, use preg_replace_callback instead /Applications/MAMP/htdocs/rms/ThinkPHP/Lib/Template/ThinkTemplate.class.php 第 399 行.
NOTIC: [8192] preg_replace(): The /e modifier is deprecated, use preg_replace_callback instead /Applications/MAMP/htdocs/rms/ThinkPHP/Lib/Template/ThinkTemplate.class.php 第 399 行.
NOTIC: [8192] preg_replace(): The /e modifier is deprecated, use preg_replace_callback instead /Applications/MAMP/htdocs/rms/ThinkPHP/Lib/Template/ThinkTemplate.class.php 第 404 行.
NOTIC: [8192] preg_replace(): The /e modifier is deprecated, use preg_replace_callback instead /Applications/MAMP/htdocs/rms/ThinkPHP/Lib/Template/ThinkTemplate.class.php 第 404 行.
NOTIC: [8192] preg_replace(): The /e modifier is deprecated, use preg_replace_callback instead /Applications/MAMP/htdocs/rms/ThinkPHP/Lib/Template/ThinkTemplate.class.php 第 404 行.
NOTIC: [8192] preg_replace(): The /e modifier is deprecated, use preg_replace_callback instead /Applications/MAMP/htdocs/rms/ThinkPHP/Lib/Template/ThinkTemplate.class.php 第 399 行.
NOTIC: [8192] preg_replace(): The /e modifier is deprecated, use preg_replace_callback instead /Applications/MAMP/htdocs/rms/ThinkPHP/Lib/Template/ThinkTemplate.class.php 第 404 行.
NOTIC: [8192] preg_replace(): The /e modifier is deprecated, use preg_replace_callback instead /Applications/MAMP/htdocs/rms/ThinkPHP/Lib/Template/ThinkTemplate.class.php 第 404 行.
NOTIC: [8192] preg_replace(): The /e modifier is deprecated, use preg_replace_callback instead /Applications/MAMP/htdocs/rms/ThinkPHP/Lib/Template/ThinkTemplate.class.php 第 404 行.
NOTIC: [8192] preg_replace(): The /e modifier is deprecated, use preg_replace_callback instead /Applications/MAMP/htdocs/rms/ThinkPHP/Lib/Template/ThinkTemplate.class.php 第 404 行.
NOTIC: [8192] preg_replace(): The /e modifier is deprecated, use preg_replace_callback instead /Applications/MAMP/htdocs/rms/ThinkPHP/Lib/Template/ThinkTemplate.class.php 第 404 行.
NOTIC: [8192] preg_replace(): The /e modifier is deprecated, use preg_replace_callback instead /Applications/MAMP/htdocs/rms/ThinkPHP/Lib/Template/ThinkTemplate.class.php 第 404 行.
NOTIC: [8192] preg_replace(): The /e modifier is deprecated, use preg_replace_callback instead /Applications/MAMP/htdocs/rms/ThinkPHP/Lib/Template/ThinkTemplate.class.php 第 404 行.
NOTIC: [8192] preg_replace(): The /e modifier is deprecated, use preg_replace_callback instead /Applications/MAMP/htdocs/rms/ThinkPHP/Lib/Template/ThinkTemplate.class.php 第 404 行.
NOTIC: [8192] preg_replace(): The /e modifier is deprecated, use preg_replace_callback instead /Applications/MAMP/htdocs/rms/ThinkPHP/Lib/Template/ThinkTemplate.class.php 第 404 行.
NOTIC: [8192] preg_replace(): The /e modifier is deprecated, use preg_replace_callback instead /Applications/MAMP/htdocs/rms/ThinkPHP/Lib/Template/ThinkTemplate.class.php 第 404 行.
NOTIC: [8192] preg_replace(): The /e modifier is deprecated, use preg_replace_callback instead /Applications/MAMP/htdocs/rms/ThinkPHP/Lib/Template/ThinkTemplate.class.php 第 404 行.
NOTIC: [8192] preg_replace(): The /e modifier is deprecated, use preg_replace_callback instead /Applications/MAMP/htdocs/rms/ThinkPHP/Lib/Template/ThinkTemplate.class.php 第 404 行.
NOTIC: [8192] preg_replace(): The /e modifier is deprecated, use preg_replace_callback instead /Applications/MAMP/htdocs/rms/ThinkPHP/Lib/Template/ThinkTemplate.class.php 第 404 行.
NOTIC: [8192] preg_replace(): The /e modifier is deprecated, use preg_replace_callback instead /Applications/MAMP/htdocs/rms/ThinkPHP/Lib/Template/ThinkTemplate.class.php 第 404 行.
NOTIC: [8192] preg_replace(): The /e modifier is deprecated, use preg_replace_callback instead /Applications/MAMP/htdocs/rms/ThinkPHP/Lib/Template/ThinkTemplate.class.php 第 404 行.
NOTIC: [8192] preg_replace(): The /e modifier is deprecated, use preg_replace_callback instead /Applications/MAMP/htdocs/rms/ThinkPHP/Lib/Template/ThinkTemplate.class.php 第 404 行.
NOTIC: [8192] preg_replace(): The /e modifier is deprecated, use preg_replace_callback instead /Applications/MAMP/htdocs/rms/ThinkPHP/Lib/Template/ThinkTemplate.class.php 第 404 行.
NOTIC: [8192] preg_replace(): The /e modifier is deprecated, use preg_replace_callback instead /Applications/MAMP/htdocs/rms/ThinkPHP/Lib/Template/ThinkTemplate.class.php 第 404 行.
NOTIC: [8192] preg_replace(): The /e modifier is deprecated, use preg_replace_callback instead /Applications/MAMP/htdocs/rms/ThinkPHP/Lib/Template/ThinkTemplate.class.php 第 404 行.
NOTIC: [8192] preg_replace(): The /e modifier is deprecated, use preg_replace_callback instead /Applications/MAMP/htdocs/rms/ThinkPHP/Lib/Template/ThinkTemplate.class.php 第 404 行.
NOTIC: [8192] preg_replace(): The /e modifier is deprecated, use preg_replace_callback instead /Applications/MAMP/htdocs/rms/ThinkPHP/Lib/Template/ThinkTemplate.class.php 第 404 行.
NOTIC: [8192] preg_replace(): The /e modifier is deprecated, use preg_replace_callback instead /Applications/MAMP/htdocs/rms/ThinkPHP/Lib/Template/ThinkTemplate.class.php 第 404 行.
NOTIC: [8192] preg_replace(): The /e modifier is deprecated, use preg_replace_callback instead /Applications/MAMP/htdocs/rms/ThinkPHP/Lib/Template/ThinkTemplate.class.php 第 404 行.
NOTIC: [8192] preg_replace(): The /e modifier is deprecated, use preg_replace_callback instead /Applications/MAMP/htdocs/rms/ThinkPHP/Lib/Template/ThinkTemplate.class.php 第 404 行.
NOTIC: [8192] preg_replace(): The /e modifier is deprecated, use preg_replace_callback instead /Applications/MAMP/htdocs/rms/ThinkPHP/Lib/Template/ThinkTemplate.class.php 第 404 行.
NOTIC: [8192] preg_replace(): The /e modifier is deprecated, use preg_replace_callback instead /Applications/MAMP/htdocs/rms/ThinkPHP/Lib/Template/ThinkTemplate.class.php 第 404 行.
NOTIC: [8192] preg_replace(): The /e modifier is deprecated, use preg_replace_callback instead /Applications/MAMP/htdocs/rms/ThinkPHP/Lib/Template/ThinkTemplate.class.php 第 404 行.
NOTIC: [8192] preg_replace(): The /e modifier is deprecated, use preg_replace_callback instead /Applications/MAMP/htdocs/rms/ThinkPHP/Lib/Template/ThinkTemplate.class.php 第 404 行.
NOTIC: [8192] preg_replace(): The /e modifier is deprecated, use preg_replace_callback instead /Applications/MAMP/htdocs/rms/ThinkPHP/Lib/Template/ThinkTemplate.class.php 第 404 行.
NOTIC: [8192] preg_replace(): The /e modifier is deprecated, use preg_replace_callback instead /Applications/MAMP/htdocs/rms/ThinkPHP/Lib/Template/ThinkTemplate.class.php 第 404 行.
NOTIC: [8192] preg_replace(): The /e modifier is deprecated, use preg_replace_callback instead /Applications/MAMP/htdocs/rms/ThinkPHP/Lib/Template/ThinkTemplate.class.php 第 404 行.
NOTIC: [8192] preg_replace(): The /e modifier is deprecated, use preg_replace_callback instead /Applications/MAMP/htdocs/rms/ThinkPHP/Lib/Template/ThinkTemplate.class.php 第 404 行.
NOTIC: [8192] preg_replace(): The /e modifier is deprecated, use preg_replace_callback instead /Applications/MAMP/htdocs/rms/ThinkPHP/Lib/Template/ThinkTemplate.class.php 第 404 行.
NOTIC: [8192] preg_replace(): The /e modifier is deprecated, use preg_replace_callback instead /Applications/MAMP/htdocs/rms/ThinkPHP/Lib/Template/ThinkTemplate.class.php 第 404 行.
NOTIC: [8192] preg_replace(): The /e modifier is deprecated, use preg_replace_callback instead /Applications/MAMP/htdocs/rms/ThinkPHP/Lib/Template/ThinkTemplate.class.php 第 404 行.
NOTIC: [8192] preg_replace(): The /e modifier is deprecated, use preg_replace_callback instead /Applications/MAMP/htdocs/rms/ThinkPHP/Lib/Template/ThinkTemplate.class.php 第 404 行.
NOTIC: [8192] preg_replace(): The /e modifier is deprecated, use preg_replace_callback instead /Applications/MAMP/htdocs/rms/ThinkPHP/Lib/Template/ThinkTemplate.class.php 第 404 行.
NOTIC: [8192] preg_replace(): The /e modifier is deprecated, use preg_replace_callback instead /Applications/MAMP/htdocs/rms/ThinkPHP/Lib/Template/ThinkTemplate.class.php 第 404 行.
NOTIC: [8192] preg_replace(): The /e modifier is deprecated, use preg_replace_callback instead /Applications/MAMP/htdocs/rms/ThinkPHP/Lib/Template/ThinkTemplate.class.php 第 404 行.
NOTIC: [8192] preg_replace(): The /e modifier is deprecated, use preg_replace_callback instead /Applications/MAMP/htdocs/rms/ThinkPHP/Lib/Template/ThinkTemplate.class.php 第 404 行.
NOTIC: [8192] preg_replace(): The /e modifier is deprecated, use preg_replace_callback instead /Applications/MAMP/htdocs/rms/ThinkPHP/Lib/Template/ThinkTemplate.class.php 第 404 行.
NOTIC: [8192] preg_replace(): The /e modifier is deprecated, use preg_replace_callback instead /Applications/MAMP/htdocs/rms/ThinkPHP/Lib/Template/ThinkTemplate.class.php 第 404 行.
NOTIC: [8192] preg_replace(): The /e modifier is deprecated, use preg_replace_callback instead /Applications/MAMP/htdocs/rms/ThinkPHP/Lib/Template/ThinkTemplate.class.php 第 404 行.
NOTIC: [8192] preg_replace(): The /e modifier is deprecated, use preg_replace_callback instead /Applications/MAMP/htdocs/rms/ThinkPHP/Lib/Template/ThinkTemplate.class.php 第 404 行.
NOTIC: [8192] preg_replace(): The /e modifier is deprecated, use preg_replace_callback instead /Applications/MAMP/htdocs/rms/ThinkPHP/Lib/Template/ThinkTemplate.class.php 第 404 行.
NOTIC: [8192] preg_replace(): The /e modifier is deprecated, use preg_replace_callback instead /Applications/MAMP/htdocs/rms/ThinkPHP/Lib/Template/ThinkTemplate.class.php 第 404 行.
NOTIC: [8192] preg_replace(): The /e modifier is deprecated, use preg_replace_callback instead /Applications/MAMP/htdocs/rms/ThinkPHP/Lib/Template/ThinkTemplate.class.php 第 404 行.
NOTIC: [8192] preg_replace(): The /e modifier is deprecated, use preg_replace_callback instead /Applications/MAMP/htdocs/rms/ThinkPHP/Lib/Template/ThinkTemplate.class.php 第 404 行.
NOTIC: [8192] preg_replace(): The /e modifier is deprecated, use preg_replace_callback instead /Applications/MAMP/htdocs/rms/ThinkPHP/Lib/Template/ThinkTemplate.class.php 第 404 行.
NOTIC: [8192] preg_replace(): The /e modifier is deprecated, use preg_replace_callback instead /Applications/MAMP/htdocs/rms/ThinkPHP/Lib/Template/ThinkTemplate.class.php 第 404 行.
NOTIC: [8192] preg_replace(): The /e modifier is deprecated, use preg_replace_callback instead /Applications/MAMP/htdocs/rms/ThinkPHP/Lib/Template/ThinkTemplate.class.php 第 404 行.
NOTIC: [8192] preg_replace(): The /e modifier is deprecated, use preg_replace_callback instead /Applications/MAMP/htdocs/rms/ThinkPHP/Lib/Template/ThinkTemplate.class.php 第 404 行.
NOTIC: [8192] preg_replace(): The /e modifier is deprecated, use preg_replace_callback instead /Applications/MAMP/htdocs/rms/ThinkPHP/Lib/Template/ThinkTemplate.class.php 第 404 行.
NOTIC: [8192] preg_replace(): The /e modifier is deprecated, use preg_replace_callback instead /Applications/MAMP/htdocs/rms/ThinkPHP/Lib/Template/ThinkTemplate.class.php 第 404 行.
NOTIC: [8192] preg_replace(): The /e modifier is deprecated, use preg_replace_callback instead /Applications/MAMP/htdocs/rms/ThinkPHP/Lib/Template/ThinkTemplate.class.php 第 404 行.
NOTIC: [8192] preg_replace(): The /e modifier is deprecated, use preg_replace_callback instead /Applications/MAMP/htdocs/rms/ThinkPHP/Lib/Template/ThinkTemplate.class.php 第 404 行.
NOTIC: [8192] preg_replace(): The /e modifier is deprecated, use preg_replace_callback instead /Applications/MAMP/htdocs/rms/ThinkPHP/Lib/Template/ThinkTemplate.class.php 第 404 行.
NOTIC: [8192] preg_replace(): The /e modifier is deprecated, use preg_replace_callback instead /Applications/MAMP/htdocs/rms/ThinkPHP/Lib/Template/ThinkTemplate.class.php 第 404 行.
NOTIC: [8192] preg_replace(): The /e modifier is deprecated, use preg_replace_callback instead /Applications/MAMP/htdocs/rms/ThinkPHP/Lib/Template/ThinkTemplate.class.php 第 404 行.
NOTIC: [8192] preg_replace(): The /e modifier is deprecated, use preg_replace_callback instead /Applications/MAMP/htdocs/rms/ThinkPHP/Lib/Template/ThinkTemplate.class.php 第 404 行.
NOTIC: [8192] preg_replace(): The /e modifier is deprecated, use preg_replace_callback instead /Applications/MAMP/htdocs/rms/ThinkPHP/Lib/Template/ThinkTemplate.class.php 第 404 行.
NOTIC: [8192] preg_replace(): The /e modifier is deprecated, use preg_replace_callback instead /Applications/MAMP/htdocs/rms/ThinkPHP/Lib/Template/ThinkTemplate.class.php 第 404 行.
NOTIC: [8192] preg_replace(): The /e modifier is deprecated, use preg_replace_callback instead /Applications/MAMP/htdocs/rms/ThinkPHP/Lib/Template/ThinkTemplate.class.php 第 404 行.
NOTIC: [8192] preg_replace(): The /e modifier is deprecated, use preg_replace_callback instead /Applications/MAMP/htdocs/rms/ThinkPHP/Lib/Template/ThinkTemplate.class.php 第 404 行.
NOTIC: [8192] preg_replace(): The /e modifier is deprecated, use preg_replace_callback instead /Applications/MAMP/htdocs/rms/ThinkPHP/Lib/Template/ThinkTemplate.class.php 第 404 行.
NOTIC: [8192] preg_replace(): The /e modifier is deprecated, use preg_replace_callback instead /Applications/MAMP/htdocs/rms/ThinkPHP/Lib/Template/ThinkTemplate.class.php 第 404 行.
NOTIC: [8192] preg_replace(): The /e modifier is deprecated, use preg_replace_callback instead /Applications/MAMP/htdocs/rms/ThinkPHP/Lib/Template/ThinkTemplate.class.php 第 399 行.
NOTIC: [8192] preg_replace(): The /e modifier is deprecated, use preg_replace_callback instead /Applications/MAMP/htdocs/rms/ThinkPHP/Lib/Template/ThinkTemplate.class.php 第 399 行.
NOTIC: [8192] preg_replace(): The /e modifier is deprecated, use preg_replace_callback instead /Applications/MAMP/htdocs/rms/ThinkPHP/Lib/Template/ThinkTemplate.class.php 第 399 行.
NOTIC: [8192] preg_replace(): The /e modifier is deprecated, use preg_replace_callback instead /Applications/MAMP/htdocs/rms/ThinkPHP/Lib/Template/ThinkTemplate.class.php 第 399 行.
NOTIC: [8192] preg_replace(): The /e modifier is deprecated, use preg_replace_callback instead /Applications/MAMP/htdocs/rms/ThinkPHP/Lib/Template/ThinkTemplate.class.php 第 399 行.
NOTIC: [8192] preg_replace(): The /e modifier is deprecated, use preg_replace_callback instead /Applications/MAMP/htdocs/rms/ThinkPHP/Lib/Template/ThinkTemplate.class.php 第 399 行.
NOTIC: [8192] preg_replace(): The /e modifier is deprecated, use preg_replace_callback instead /Applications/MAMP/htdocs/rms/ThinkPHP/Lib/Template/ThinkTemplate.class.php 第 404 行.
NOTIC: [8192] preg_replace(): The /e modifier is deprecated, use preg_replace_callback instead /Applications/MAMP/htdocs/rms/ThinkPHP/Lib/Template/ThinkTemplate.class.php 第 404 行.
NOTIC: [8192] preg_replace(): The /e modifier is deprecated, use preg_replace_callback instead /Applications/MAMP/htdocs/rms/ThinkPHP/Lib/Template/ThinkTemplate.class.php 第 404 行.
NOTIC: [8192] preg_replace(): The /e modifier is deprecated, use preg_replace_callback instead /Applications/MAMP/htdocs/rms/ThinkPHP/Lib/Template/ThinkTemplate.class.php 第 197 行.
NOTIC: [8192] preg_replace(): The /e modifier is deprecated, use preg_replace_callback instead /Applications/MAMP/htdocs/rms/ThinkPHP/Lib/Template/ThinkTemplate.class.php 第 137 行.
NOTIC: [8] Undefined variable: searchAp /Applications/MAMP/htdocs/rms/rms/Runtime/Cache/c6d0457bc31609349f4a23bbcce2056e.php 第 26 行.
INFO: ParseTemplate Behavior ::run [ RunTime:0.020081s ]
INFO: [ view_parse ] --END-- [ RunTime:0.020238s ]
INFO: [ view_filter ] --START--
INFO: ContentReplace Behavior ::run [ RunTime:0.001111s ]
INFO: TokenBuild Behavior ::run [ RunTime:0.000309s ]
INFO: WriteHtmlCache Behavior ::run [ RunTime:0.000174s ]
INFO: ShowRuntime Behavior ::run [ RunTime:0.000371s ]
INFO: [ view_filter ] --END-- [ RunTime:0.002224s ]
INFO: [ view_end ] --START--
INFO: ShowPageTrace Behavior ::run [ RunTime:0.001092s ]
INFO: [ view_end ] --END-- [ RunTime:0.001179s ]

[ 2020-01-17T14:20:25+08:00 ] SQL: YingshouRevparMgrindex165WRITE的SQL：verify|N;userid|s:1:"3";userInfo|a:5:{s:6:"userid";s:1:"3";s:4:"name";s:5:"admin";s:8:"rolename";s:15:"系统管理员";s:8:"truename";s:15:"系统管理员";s:10:"department";s:0:"";}Noticepage|s:1:"1";YingshouRevparMgrlistviewpage|s:1:"1";searchTextElectronInvoiceReport|s:0:"";searchTextPaymentMgr|s:0:"";PaymentMgrpage|s:1:"1";
[ 2020-01-17T14:20:25+08:00 ] SQL: YingshouRevparMgrACTINO_NAME151READ的SQL：verify|N;userid|s:1:"3";userInfo|a:5:{s:6:"userid";s:1:"3";s:4:"name";s:5:"admin";s:8:"rolename";s:15:"系统管理员";s:8:"truename";s:15:"系统管理员";s:10:"department";s:0:"";}Noticepage|s:1:"1";YingshouRevparMgrlistviewpage|s:1:"1";searchTextElectronInvoiceReport|s:0:"";searchTextPaymentMgr|s:0:"";PaymentMgrpage|s:1:"1";
[ 2020-01-17T14:20:25+08:00 ] SQL: YingshouRevparMgrACTINO_NAME151READ的SQL：verify|N;userid|s:1:"3";userInfo|a:5:{s:6:"userid";s:1:"3";s:4:"name";s:5:"admin";s:8:"rolename";s:15:"系统管理员";s:8:"truename";s:15:"系统管理员";s:10:"department";s:0:"";}Noticepage|s:1:"1";YingshouRevparMgrlistviewpage|s:1:"1";searchTextElectronInvoiceReport|s:0:"";searchTextPaymentMgr|s:0:"";PaymentMgrpage|s:1:"1";
[ 2020-01-17T14:20:25+08:00 ] 0.0.0.0 /rms/index.php?s=/YingshouRevparMgr/listview/getDate/2020-01-17/getAp/%E4%B8%8A%E5%8D%88.html
INFO: [ route_check ] --START--
INFO: CheckRoute Behavior ::run [ RunTime:0.001150s ]
INFO: [ route_check ] --END-- [ RunTime:0.001401s ]
NOTIC: [8192] preg_replace(): The /e modifier is deprecated, use preg_replace_callback instead /Applications/MAMP/htdocs/rms/ThinkPHP/Lib/Core/Dispatcher.class.php 第 132 行.
INFO: [ app_begin ] --START--
INFO: ReadHtmlCache Behavior ::run [ RunTime:0.001013s ]
INFO: CheckLang Behavior ::run [ RunTime:0.000912s ]
INFO: [ app_begin ] --END-- [ RunTime:0.002075s ]
NOTIC: [8192] mysql_connect(): The mysql extension is deprecated and will be removed in the future: use mysqli or PDO instead /Applications/MAMP/htdocs/rms/ThinkPHP/Extend/Driver/Session/SessionDb.class.php 第 116 行.
NOTIC: [8] Use of undefined constant ACTINO_NAME - assumed 'ACTINO_NAME' /Applications/MAMP/htdocs/rms/ThinkPHP/Extend/Driver/Session/SessionDb.class.php 第 151 行.
NOTIC: [8] Use of undefined constant new_link - assumed 'new_link' /Applications/MAMP/htdocs/rms/ThinkPHP/Extend/Library/COM/Db/SystemDb.class.php 第 40 行.
NOTIC: [8192] mysql_connect(): The mysql extension is deprecated and will be removed in the future: use mysqli or PDO instead /Applications/MAMP/htdocs/rms/ThinkPHP/Extend/Library/COM/Db/SystemDb.class.php 第 40 行.
NOTIC: [8192] mysql_connect(): The mysql extension is deprecated and will be removed in the future: use mysqli or PDO instead /Applications/MAMP/htdocs/rms/ThinkPHP/Lib/Driver/Db/DbMysql.class.php 第 55 行.
SQL: SHOW COLUMNS FROM `revparmgr_` [ RunTime:0.000275s ]
ERR: 1146:Table 'rms.revparmgr_' doesn't exist
 [ SQL语句 ] : SHOW COLUMNS FROM `revparmgr_`
NOTIC: [8] Undefined index: companyArr /Applications/MAMP/htdocs/rms/rms/Lib/Action/YingshouRevparMgrAction.class.php 第 29 行.
NOTIC: [8192] mysql_connect(): The mysql extension is deprecated and will be removed in the future: use mysqli or PDO instead /Applications/MAMP/htdocs/rms/ThinkPHP/Lib/Driver/Db/DbMysql.class.php 第 55 行.
SQL: SHOW COLUMNS FROM `revparmgr_01` [ RunTime:0.000308s ]
ERR: 1146:Table 'rms_revenue_2020.revparmgr_01' doesn't exist
 [ SQL语句 ] : SHOW COLUMNS FROM `revparmgr_01`
NOTIC: [8] Use of undefined constant new_link - assumed 'new_link' /Applications/MAMP/htdocs/rms/ThinkPHP/Extend/Library/COM/Db/SystemDb.class.php 第 40 行.
NOTIC: [8192] mysql_connect(): The mysql extension is deprecated and will be removed in the future: use mysqli or PDO instead /Applications/MAMP/htdocs/rms/ThinkPHP/Extend/Library/COM/Db/SystemDb.class.php 第 40 行.
SQL: SHOW COLUMNS FROM `rms_role_user` [ RunTime:0.000636s ]
NOTIC: [8192] preg_replace(): The /e modifier is deprecated, use preg_replace_callback instead /Applications/MAMP/htdocs/rms/ThinkPHP/Lib/Core/Db.class.php 第 606 行.
SQL: SELECT * FROM `rms_role_user` WHERE ( user_id=3 ) LIMIT 1   [ RunTime:0.000245s ]
NOTIC: [8] Use of undefined constant new_link - assumed 'new_link' /Applications/MAMP/htdocs/rms/ThinkPHP/Extend/Library/COM/Db/SystemDb.class.php 第 40 行.
NOTIC: [8192] mysql_connect(): The mysql extension is deprecated and will be removed in the future: use mysqli or PDO instead /Applications/MAMP/htdocs/rms/ThinkPHP/Extend/Library/COM/Db/SystemDb.class.php 第 40 行.
SQL: SHOW COLUMNS FROM `rms_access` [ RunTime:0.000430s ]
NOTIC: [8192] preg_replace(): The /e modifier is deprecated, use preg_replace_callback instead /Applications/MAMP/htdocs/rms/ThinkPHP/Lib/Core/Db.class.php 第 606 行.
SQL: SELECT `node_id` FROM `rms_access` WHERE ( `role_id` = 3 )  [ RunTime:0.000140s ]
NOTIC: [2] Invalid argument supplied for foreach() /Applications/MAMP/htdocs/rms/rms/Lib/Action/YingshouRevparMgrAction.class.php 第 1726 行.
NOTIC: [8] Use of undefined constant new_link - assumed 'new_link' /Applications/MAMP/htdocs/rms/ThinkPHP/Extend/Library/COM/Db/SystemDb.class.php 第 40 行.
NOTIC: [8192] mysql_connect(): The mysql extension is deprecated and will be removed in the future: use mysqli or PDO instead /Applications/MAMP/htdocs/rms/ThinkPHP/Extend/Library/COM/Db/SystemDb.class.php 第 40 行.
SQL: SHOW COLUMNS FROM `rms_node` [ RunTime:0.000584s ]
NOTIC: [8192] preg_replace(): The /e modifier is deprecated, use preg_replace_callback instead /Applications/MAMP/htdocs/rms/ThinkPHP/Lib/Core/Db.class.php 第 606 行.
SQL: SELECT * FROM `rms_node` WHERE ( name='companyRevpar' ) LIMIT 1   [ RunTime:0.000200s ]
NOTIC: [8] Undefined variable: accessArr /Applications/MAMP/htdocs/rms/rms/Lib/Action/YingshouRevparMgrAction.class.php 第 1734 行.
NOTIC: [2] in_array() expects parameter 2 to be array, null given /Applications/MAMP/htdocs/rms/rms/Lib/Action/YingshouRevparMgrAction.class.php 第 1734 行.
NOTIC: [8192] preg_replace(): The /e modifier is deprecated, use preg_replace_callback instead /Applications/MAMP/htdocs/rms/ThinkPHP/Lib/Core/Db.class.php 第 606 行.
SQL: SELECT * FROM `rms_node` WHERE ( name='financeRevpar' ) LIMIT 1   [ RunTime:0.000189s ]
NOTIC: [8] Undefined variable: accessArr /Applications/MAMP/htdocs/rms/rms/Lib/Action/YingshouRevparMgrAction.class.php 第 1741 行.
NOTIC: [2] in_array() expects parameter 2 to be array, null given /Applications/MAMP/htdocs/rms/rms/Lib/Action/YingshouRevparMgrAction.class.php 第 1741 行.
NOTIC: [8] Undefined variable: revparType /Applications/MAMP/htdocs/rms/rms/Lib/Action/YingshouRevparMgrAction.class.php 第 1745 行.
NOTIC: [8192] preg_replace(): The /e modifier is deprecated, use preg_replace_callback instead /Applications/MAMP/htdocs/rms/ThinkPHP/Lib/Core/Db.class.php 第 606 行.
SQL: SELECT COUNT(*) AS tp_count FROM `revparmgr_01` WHERE ( `date` = '2020-01-17' ) AND ( `ap` = '上午' ) AND ( `domain` = 'localhost' ) LIMIT 1   [ RunTime:0.000124s ]
ERR: :Table 'rms_revenue_2020.revparmgr_01' doesn't exist
 [ SQL语句 ] : SELECT COUNT(*) AS tp_count FROM `revparmgr_01` WHERE ( `date` = '2020-01-17' ) AND ( `ap` = '上午' ) AND ( `domain` = 'localhost' ) LIMIT 1  
NOTIC: [8192] preg_replace(): The /e modifier is deprecated, use preg_replace_callback instead /Applications/MAMP/htdocs/rms/ThinkPHP/Lib/Core/Db.class.php 第 606 行.
SQL: SELECT `revparmgrid`,`name`,`money`,`date`,`ap`,`company` FROM `revparmgr_01` WHERE ( `date` = '2020-01-17' ) AND ( `ap` = '上午' ) AND ( `name` = '销售总额' ) AND ( `domain` = 'localhost' ) GROUP BY name  [ RunTime:0.000154s ]
ERR: :Table 'rms_revenue_2020.revparmgr_01' doesn't exist
 [ SQL语句 ] : SELECT `revparmgrid`,`name`,`money`,`date`,`ap`,`company` FROM `revparmgr_01` WHERE ( `date` = '2020-01-17' ) AND ( `ap` = '上午' ) AND ( `name` = '销售总额' ) AND ( `domain` = 'localhost' ) GROUP BY name 
NOTIC: [2] Invalid argument supplied for foreach() /Applications/MAMP/htdocs/rms/rms/Lib/Action/YingshouRevparMgrAction.class.php 第 159 行.
NOTIC: [8192] preg_replace(): The /e modifier is deprecated, use preg_replace_callback instead /Applications/MAMP/htdocs/rms/ThinkPHP/Lib/Core/Db.class.php 第 606 行.
SQL: SELECT `revparmgrid`,`name`,`money`,`date`,`ap`,`company` FROM `revparmgr_01` WHERE ( `date` = '2020-01-17' ) AND ( `ap` = '上午' ) AND ( `name` = '促销额' ) AND ( `domain` = 'localhost' ) GROUP BY name  [ RunTime:0.000139s ]
ERR: :Table 'rms_revenue_2020.revparmgr_01' doesn't exist
 [ SQL语句 ] : SELECT `revparmgrid`,`name`,`money`,`date`,`ap`,`company` FROM `revparmgr_01` WHERE ( `date` = '2020-01-17' ) AND ( `ap` = '上午' ) AND ( `name` = '促销额' ) AND ( `domain` = 'localhost' ) GROUP BY name 
NOTIC: [2] Invalid argument supplied for foreach() /Applications/MAMP/htdocs/rms/rms/Lib/Action/YingshouRevparMgrAction.class.php 第 189 行.
NOTIC: [8192] preg_replace(): The /e modifier is deprecated, use preg_replace_callback instead /Applications/MAMP/htdocs/rms/ThinkPHP/Lib/Core/Db.class.php 第 606 行.
SQL: SELECT `revparmgrid`,`name`,`money`,`date`,`ap`,`company` FROM `revparmgr_01` WHERE ( `date` = '2020-01-17' ) AND ( `ap` = '上午' ) AND ( `type` = 'M1' ) AND ( `domain` = 'localhost' ) GROUP BY name  [ RunTime:0.000147s ]
ERR: :Table 'rms_revenue_2020.revparmgr_01' doesn't exist
 [ SQL语句 ] : SELECT `revparmgrid`,`name`,`money`,`date`,`ap`,`company` FROM `revparmgr_01` WHERE ( `date` = '2020-01-17' ) AND ( `ap` = '上午' ) AND ( `type` = 'M1' ) AND ( `domain` = 'localhost' ) GROUP BY name 
NOTIC: [2] Invalid argument supplied for foreach() /Applications/MAMP/htdocs/rms/rms/Lib/Action/YingshouRevparMgrAction.class.php 第 255 行.
NOTIC: [8192] preg_replace(): The /e modifier is deprecated, use preg_replace_callback instead /Applications/MAMP/htdocs/rms/ThinkPHP/Lib/Core/Db.class.php 第 606 行.
SQL: SELECT `revparmgrid`,`name`,`money`,`date`,`ap`,`company` FROM `revparmgr_01` WHERE ( `date` = '2020-01-17' ) AND ( `ap` = '上午' ) AND ( `type` = 'M2' ) AND ( `domain` = 'localhost' ) GROUP BY name  [ RunTime:0.000142s ]
ERR: :Table 'rms_revenue_2020.revparmgr_01' doesn't exist
 [ SQL语句 ] : SELECT `revparmgrid`,`name`,`money`,`date`,`ap`,`company` FROM `revparmgr_01` WHERE ( `date` = '2020-01-17' ) AND ( `ap` = '上午' ) AND ( `type` = 'M2' ) AND ( `domain` = 'localhost' ) GROUP BY name 
NOTIC: [2] Invalid argument supplied for foreach() /Applications/MAMP/htdocs/rms/rms/Lib/Action/YingshouRevparMgrAction.class.php 第 297 行.
NOTIC: [8] Undefined variable: listResult_totalmoney /Applications/MAMP/htdocs/rms/rms/Lib/Action/YingshouRevparMgrAction.class.php 第 318 行.
NOTIC: [2] array_merge(): Argument #1 is not an array /Applications/MAMP/htdocs/rms/rms/Lib/Action/YingshouRevparMgrAction.class.php 第 318 行.

[ 2020-01-17T14:20:25+08:00 ] SQL: YingshouRevparMgrlistview165WRITE的SQL：verify|N;userid|s:1:"3";userInfo|a:5:{s:6:"userid";s:1:"3";s:4:"name";s:5:"admin";s:8:"rolename";s:15:"系统管理员";s:8:"truename";s:15:"系统管理员";s:10:"department";s:0:"";}Noticepage|s:1:"1";YingshouRevparMgrlistviewpage|s:1:"1";searchTextElectronInvoiceReport|s:0:"";searchTextPaymentMgr|s:0:"";PaymentMgrpage|s:1:"1";
[ 2020-01-17T14:20:25+08:00 ] 0.0.0.0 /rms/index.php?s=/YingshouRevparMgr/listview/getDate/2020-01-17/getAp/%E4%B8%8A%E5%8D%88.html
INFO: [ route_check ] --START--
INFO: CheckRoute Behavior ::run [ RunTime:0.000618s ]
INFO: [ route_check ] --END-- [ RunTime:0.000722s ]
NOTIC: [8192] preg_replace(): The /e modifier is deprecated, use preg_replace_callback instead /Applications/MAMP/htdocs/rms/ThinkPHP/Lib/Core/Dispatcher.class.php 第 132 行.
INFO: [ app_begin ] --START--
INFO: ReadHtmlCache Behavior ::run [ RunTime:0.000815s ]
INFO: CheckLang Behavior ::run [ RunTime:0.001186s ]
INFO: [ app_begin ] --END-- [ RunTime:0.002193s ]
NOTIC: [8192] mysql_connect(): The mysql extension is deprecated and will be removed in the future: use mysqli or PDO instead /Applications/MAMP/htdocs/rms/ThinkPHP/Extend/Driver/Session/SessionDb.class.php 第 116 行.
NOTIC: [8] Use of undefined constant ACTINO_NAME - assumed 'ACTINO_NAME' /Applications/MAMP/htdocs/rms/ThinkPHP/Extend/Driver/Session/SessionDb.class.php 第 151 行.
NOTIC: [8] Use of undefined constant new_link - assumed 'new_link' /Applications/MAMP/htdocs/rms/ThinkPHP/Extend/Library/COM/Db/SystemDb.class.php 第 40 行.
NOTIC: [8192] mysql_connect(): The mysql extension is deprecated and will be removed in the future: use mysqli or PDO instead /Applications/MAMP/htdocs/rms/ThinkPHP/Extend/Library/COM/Db/SystemDb.class.php 第 40 行.
NOTIC: [8192] mysql_connect(): The mysql extension is deprecated and will be removed in the future: use mysqli or PDO instead /Applications/MAMP/htdocs/rms/ThinkPHP/Lib/Driver/Db/DbMysql.class.php 第 55 行.
SQL: SHOW COLUMNS FROM `revparmgr_` [ RunTime:0.000255s ]
ERR: 1146:Table 'rms.revparmgr_' doesn't exist
 [ SQL语句 ] : SHOW COLUMNS FROM `revparmgr_`
NOTIC: [8] Undefined index: companyArr /Applications/MAMP/htdocs/rms/rms/Lib/Action/YingshouRevparMgrAction.class.php 第 29 行.
NOTIC: [8192] mysql_connect(): The mysql extension is deprecated and will be removed in the future: use mysqli or PDO instead /Applications/MAMP/htdocs/rms/ThinkPHP/Lib/Driver/Db/DbMysql.class.php 第 55 行.
SQL: SHOW COLUMNS FROM `revparmgr_01` [ RunTime:0.000220s ]
ERR: 1146:Table 'rms_revenue_2020.revparmgr_01' doesn't exist
 [ SQL语句 ] : SHOW COLUMNS FROM `revparmgr_01`
NOTIC: [8] Use of undefined constant new_link - assumed 'new_link' /Applications/MAMP/htdocs/rms/ThinkPHP/Extend/Library/COM/Db/SystemDb.class.php 第 40 行.
NOTIC: [8192] mysql_connect(): The mysql extension is deprecated and will be removed in the future: use mysqli or PDO instead /Applications/MAMP/htdocs/rms/ThinkPHP/Extend/Library/COM/Db/SystemDb.class.php 第 40 行.
SQL: SHOW COLUMNS FROM `rms_role_user` [ RunTime:0.000810s ]
NOTIC: [8192] preg_replace(): The /e modifier is deprecated, use preg_replace_callback instead /Applications/MAMP/htdocs/rms/ThinkPHP/Lib/Core/Db.class.php 第 606 行.
SQL: SELECT * FROM `rms_role_user` WHERE ( user_id=3 ) LIMIT 1   [ RunTime:0.000244s ]
NOTIC: [8] Use of undefined constant new_link - assumed 'new_link' /Applications/MAMP/htdocs/rms/ThinkPHP/Extend/Library/COM/Db/SystemDb.class.php 第 40 行.
NOTIC: [8192] mysql_connect(): The mysql extension is deprecated and will be removed in the future: use mysqli or PDO instead /Applications/MAMP/htdocs/rms/ThinkPHP/Extend/Library/COM/Db/SystemDb.class.php 第 40 行.
SQL: SHOW COLUMNS FROM `rms_access` [ RunTime:0.000483s ]
NOTIC: [8192] preg_replace(): The /e modifier is deprecated, use preg_replace_callback instead /Applications/MAMP/htdocs/rms/ThinkPHP/Lib/Core/Db.class.php 第 606 行.
SQL: SELECT `node_id` FROM `rms_access` WHERE ( `role_id` = 3 )  [ RunTime:0.000292s ]
NOTIC: [2] Invalid argument supplied for foreach() /Applications/MAMP/htdocs/rms/rms/Lib/Action/YingshouRevparMgrAction.class.php 第 1726 行.
NOTIC: [8] Use of undefined constant new_link - assumed 'new_link' /Applications/MAMP/htdocs/rms/ThinkPHP/Extend/Library/COM/Db/SystemDb.class.php 第 40 行.
NOTIC: [8192] mysql_connect(): The mysql extension is deprecated and will be removed in the future: use mysqli or PDO instead /Applications/MAMP/htdocs/rms/ThinkPHP/Extend/Library/COM/Db/SystemDb.class.php 第 40 行.
SQL: SHOW COLUMNS FROM `rms_node` [ RunTime:0.000464s ]
NOTIC: [8192] preg_replace(): The /e modifier is deprecated, use preg_replace_callback instead /Applications/MAMP/htdocs/rms/ThinkPHP/Lib/Core/Db.class.php 第 606 行.
SQL: SELECT * FROM `rms_node` WHERE ( name='companyRevpar' ) LIMIT 1   [ RunTime:0.000306s ]
NOTIC: [8] Undefined variable: accessArr /Applications/MAMP/htdocs/rms/rms/Lib/Action/YingshouRevparMgrAction.class.php 第 1734 行.
NOTIC: [2] in_array() expects parameter 2 to be array, null given /Applications/MAMP/htdocs/rms/rms/Lib/Action/YingshouRevparMgrAction.class.php 第 1734 行.
NOTIC: [8192] preg_replace(): The /e modifier is deprecated, use preg_replace_callback instead /Applications/MAMP/htdocs/rms/ThinkPHP/Lib/Core/Db.class.php 第 606 行.
SQL: SELECT * FROM `rms_node` WHERE ( name='financeRevpar' ) LIMIT 1   [ RunTime:0.000247s ]
NOTIC: [8] Undefined variable: accessArr /Applications/MAMP/htdocs/rms/rms/Lib/Action/YingshouRevparMgrAction.class.php 第 1741 行.
NOTIC: [2] in_array() expects parameter 2 to be array, null given /Applications/MAMP/htdocs/rms/rms/Lib/Action/YingshouRevparMgrAction.class.php 第 1741 行.
NOTIC: [8] Undefined variable: revparType /Applications/MAMP/htdocs/rms/rms/Lib/Action/YingshouRevparMgrAction.class.php 第 1745 行.
NOTIC: [8192] preg_replace(): The /e modifier is deprecated, use preg_replace_callback instead /Applications/MAMP/htdocs/rms/ThinkPHP/Lib/Core/Db.class.php 第 606 行.
SQL: SELECT COUNT(*) AS tp_count FROM `revparmgr_01` WHERE ( `date` = '2020-01-17' ) AND ( `ap` = '上午' ) AND ( `domain` = 'localhost' ) LIMIT 1   [ RunTime:0.000143s ]
ERR: :Table 'rms_revenue_2020.revparmgr_01' doesn't exist
 [ SQL语句 ] : SELECT COUNT(*) AS tp_count FROM `revparmgr_01` WHERE ( `date` = '2020-01-17' ) AND ( `ap` = '上午' ) AND ( `domain` = 'localhost' ) LIMIT 1  
NOTIC: [8192] preg_replace(): The /e modifier is deprecated, use preg_replace_callback instead /Applications/MAMP/htdocs/rms/ThinkPHP/Lib/Core/Db.class.php 第 606 行.
SQL: SELECT `revparmgrid`,`name`,`money`,`date`,`ap`,`company` FROM `revparmgr_01` WHERE ( `date` = '2020-01-17' ) AND ( `ap` = '上午' ) AND ( `name` = '销售总额' ) AND ( `domain` = 'localhost' ) GROUP BY name  [ RunTime:0.000224s ]
ERR: :Table 'rms_revenue_2020.revparmgr_01' doesn't exist
 [ SQL语句 ] : SELECT `revparmgrid`,`name`,`money`,`date`,`ap`,`company` FROM `revparmgr_01` WHERE ( `date` = '2020-01-17' ) AND ( `ap` = '上午' ) AND ( `name` = '销售总额' ) AND ( `domain` = 'localhost' ) GROUP BY name 
NOTIC: [2] Invalid argument supplied for foreach() /Applications/MAMP/htdocs/rms/rms/Lib/Action/YingshouRevparMgrAction.class.php 第 159 行.
NOTIC: [8192] preg_replace(): The /e modifier is deprecated, use preg_replace_callback instead /Applications/MAMP/htdocs/rms/ThinkPHP/Lib/Core/Db.class.php 第 606 行.
SQL: SELECT `revparmgrid`,`name`,`money`,`date`,`ap`,`company` FROM `revparmgr_01` WHERE ( `date` = '2020-01-17' ) AND ( `ap` = '上午' ) AND ( `name` = '促销额' ) AND ( `domain` = 'localhost' ) GROUP BY name  [ RunTime:0.000165s ]
ERR: :Table 'rms_revenue_2020.revparmgr_01' doesn't exist
 [ SQL语句 ] : SELECT `revparmgrid`,`name`,`money`,`date`,`ap`,`company` FROM `revparmgr_01` WHERE ( `date` = '2020-01-17' ) AND ( `ap` = '上午' ) AND ( `name` = '促销额' ) AND ( `domain` = 'localhost' ) GROUP BY name 
NOTIC: [2] Invalid argument supplied for foreach() /Applications/MAMP/htdocs/rms/rms/Lib/Action/YingshouRevparMgrAction.class.php 第 189 行.
NOTIC: [8192] preg_replace(): The /e modifier is deprecated, use preg_replace_callback instead /Applications/MAMP/htdocs/rms/ThinkPHP/Lib/Core/Db.class.php 第 606 行.
SQL: SELECT `revparmgrid`,`name`,`money`,`date`,`ap`,`company` FROM `revparmgr_01` WHERE ( `date` = '2020-01-17' ) AND ( `ap` = '上午' ) AND ( `type` = 'M1' ) AND ( `domain` = 'localhost' ) GROUP BY name  [ RunTime:0.000162s ]
ERR: :Table 'rms_revenue_2020.revparmgr_01' doesn't exist
 [ SQL语句 ] : SELECT `revparmgrid`,`name`,`money`,`date`,`ap`,`company` FROM `revparmgr_01` WHERE ( `date` = '2020-01-17' ) AND ( `ap` = '上午' ) AND ( `type` = 'M1' ) AND ( `domain` = 'localhost' ) GROUP BY name 
NOTIC: [2] Invalid argument supplied for foreach() /Applications/MAMP/htdocs/rms/rms/Lib/Action/YingshouRevparMgrAction.class.php 第 255 行.
NOTIC: [8192] preg_replace(): The /e modifier is deprecated, use preg_replace_callback instead /Applications/MAMP/htdocs/rms/ThinkPHP/Lib/Core/Db.class.php 第 606 行.
SQL: SELECT `revparmgrid`,`name`,`money`,`date`,`ap`,`company` FROM `revparmgr_01` WHERE ( `date` = '2020-01-17' ) AND ( `ap` = '上午' ) AND ( `type` = 'M2' ) AND ( `domain` = 'localhost' ) GROUP BY name  [ RunTime:0.000141s ]
ERR: :Table 'rms_revenue_2020.revparmgr_01' doesn't exist
 [ SQL语句 ] : SELECT `revparmgrid`,`name`,`money`,`date`,`ap`,`company` FROM `revparmgr_01` WHERE ( `date` = '2020-01-17' ) AND ( `ap` = '上午' ) AND ( `type` = 'M2' ) AND ( `domain` = 'localhost' ) GROUP BY name 
NOTIC: [2] Invalid argument supplied for foreach() /Applications/MAMP/htdocs/rms/rms/Lib/Action/YingshouRevparMgrAction.class.php 第 297 行.
NOTIC: [8] Undefined variable: listResult_totalmoney /Applications/MAMP/htdocs/rms/rms/Lib/Action/YingshouRevparMgrAction.class.php 第 318 行.
NOTIC: [2] array_merge(): Argument #1 is not an array /Applications/MAMP/htdocs/rms/rms/Lib/Action/YingshouRevparMgrAction.class.php 第 318 行.

[ 2020-01-17T14:20:25+08:00 ] SQL: YingshouRevparMgrlistview165WRITE的SQL：verify|N;userid|s:1:"3";userInfo|a:5:{s:6:"userid";s:1:"3";s:4:"name";s:5:"admin";s:8:"rolename";s:15:"系统管理员";s:8:"truename";s:15:"系统管理员";s:10:"department";s:0:"";}Noticepage|s:1:"1";YingshouRevparMgrlistviewpage|s:1:"1";searchTextElectronInvoiceReport|s:0:"";searchTextPaymentMgr|s:0:"";PaymentMgrpage|s:1:"1";
[ 2020-01-17T14:20:26+08:00 ] SQL: YingshouRevparMgrACTINO_NAME151READ的SQL：verify|N;userid|s:1:"3";userInfo|a:5:{s:6:"userid";s:1:"3";s:4:"name";s:5:"admin";s:8:"rolename";s:15:"系统管理员";s:8:"truename";s:15:"系统管理员";s:10:"department";s:0:"";}Noticepage|s:1:"1";YingshouRevparMgrlistviewpage|s:1:"1";searchTextElectronInvoiceReport|s:0:"";searchTextPaymentMgr|s:0:"";PaymentMgrpage|s:1:"1";
[ 2020-01-17T14:20:27+08:00 ] 0.0.0.0 /rms/index.php?s=/YingshouRevparMgr/listview
INFO: [ route_check ] --START--
INFO: CheckRoute Behavior ::run [ RunTime:0.000640s ]
INFO: [ route_check ] --END-- [ RunTime:0.000773s ]
NOTIC: [8192] preg_replace(): The /e modifier is deprecated, use preg_replace_callback instead /Applications/MAMP/htdocs/rms/ThinkPHP/Lib/Core/Dispatcher.class.php 第 132 行.
INFO: [ app_begin ] --START--
INFO: ReadHtmlCache Behavior ::run [ RunTime:0.000449s ]
INFO: CheckLang Behavior ::run [ RunTime:0.000883s ]
INFO: [ app_begin ] --END-- [ RunTime:0.001474s ]
NOTIC: [8192] mysql_connect(): The mysql extension is deprecated and will be removed in the future: use mysqli or PDO instead /Applications/MAMP/htdocs/rms/ThinkPHP/Extend/Driver/Session/SessionDb.class.php 第 116 行.
NOTIC: [8] Use of undefined constant ACTINO_NAME - assumed 'ACTINO_NAME' /Applications/MAMP/htdocs/rms/ThinkPHP/Extend/Driver/Session/SessionDb.class.php 第 151 行.
NOTIC: [8] Use of undefined constant new_link - assumed 'new_link' /Applications/MAMP/htdocs/rms/ThinkPHP/Extend/Library/COM/Db/SystemDb.class.php 第 40 行.
NOTIC: [8192] mysql_connect(): The mysql extension is deprecated and will be removed in the future: use mysqli or PDO instead /Applications/MAMP/htdocs/rms/ThinkPHP/Extend/Library/COM/Db/SystemDb.class.php 第 40 行.
NOTIC: [8192] mysql_connect(): The mysql extension is deprecated and will be removed in the future: use mysqli or PDO instead /Applications/MAMP/htdocs/rms/ThinkPHP/Lib/Driver/Db/DbMysql.class.php 第 55 行.
SQL: SHOW COLUMNS FROM `revparmgr_` [ RunTime:0.000260s ]
ERR: 1146:Table 'rms.revparmgr_' doesn't exist
 [ SQL语句 ] : SHOW COLUMNS FROM `revparmgr_`
NOTIC: [8] Undefined index: companyArr /Applications/MAMP/htdocs/rms/rms/Lib/Action/YingshouRevparMgrAction.class.php 第 29 行.
NOTIC: [8192] mysql_connect(): The mysql extension is deprecated and will be removed in the future: use mysqli or PDO instead /Applications/MAMP/htdocs/rms/ThinkPHP/Lib/Driver/Db/DbMysql.class.php 第 55 行.
SQL: SHOW COLUMNS FROM `revparmgr_01` [ RunTime:0.000286s ]
ERR: 1146:Table 'rms_revenue_2020.revparmgr_01' doesn't exist
 [ SQL语句 ] : SHOW COLUMNS FROM `revparmgr_01`
NOTIC: [8] Use of undefined constant new_link - assumed 'new_link' /Applications/MAMP/htdocs/rms/ThinkPHP/Extend/Library/COM/Db/SystemDb.class.php 第 40 行.
NOTIC: [8192] mysql_connect(): The mysql extension is deprecated and will be removed in the future: use mysqli or PDO instead /Applications/MAMP/htdocs/rms/ThinkPHP/Extend/Library/COM/Db/SystemDb.class.php 第 40 行.
SQL: SHOW COLUMNS FROM `rms_role_user` [ RunTime:0.000542s ]
NOTIC: [8192] preg_replace(): The /e modifier is deprecated, use preg_replace_callback instead /Applications/MAMP/htdocs/rms/ThinkPHP/Lib/Core/Db.class.php 第 606 行.
SQL: SELECT * FROM `rms_role_user` WHERE ( user_id=3 ) LIMIT 1   [ RunTime:0.000178s ]
NOTIC: [8] Use of undefined constant new_link - assumed 'new_link' /Applications/MAMP/htdocs/rms/ThinkPHP/Extend/Library/COM/Db/SystemDb.class.php 第 40 行.
NOTIC: [8192] mysql_connect(): The mysql extension is deprecated and will be removed in the future: use mysqli or PDO instead /Applications/MAMP/htdocs/rms/ThinkPHP/Extend/Library/COM/Db/SystemDb.class.php 第 40 行.
SQL: SHOW COLUMNS FROM `rms_access` [ RunTime:0.000570s ]
NOTIC: [8192] preg_replace(): The /e modifier is deprecated, use preg_replace_callback instead /Applications/MAMP/htdocs/rms/ThinkPHP/Lib/Core/Db.class.php 第 606 行.
SQL: SELECT `node_id` FROM `rms_access` WHERE ( `role_id` = 3 )  [ RunTime:0.000183s ]
NOTIC: [2] Invalid argument supplied for foreach() /Applications/MAMP/htdocs/rms/rms/Lib/Action/YingshouRevparMgrAction.class.php 第 1726 行.
NOTIC: [8] Use of undefined constant new_link - assumed 'new_link' /Applications/MAMP/htdocs/rms/ThinkPHP/Extend/Library/COM/Db/SystemDb.class.php 第 40 行.
NOTIC: [8192] mysql_connect(): The mysql extension is deprecated and will be removed in the future: use mysqli or PDO instead /Applications/MAMP/htdocs/rms/ThinkPHP/Extend/Library/COM/Db/SystemDb.class.php 第 40 行.
SQL: SHOW COLUMNS FROM `rms_node` [ RunTime:0.000532s ]
NOTIC: [8192] preg_replace(): The /e modifier is deprecated, use preg_replace_callback instead /Applications/MAMP/htdocs/rms/ThinkPHP/Lib/Core/Db.class.php 第 606 行.
SQL: SELECT * FROM `rms_node` WHERE ( name='companyRevpar' ) LIMIT 1   [ RunTime:0.000224s ]
NOTIC: [8] Undefined variable: accessArr /Applications/MAMP/htdocs/rms/rms/Lib/Action/YingshouRevparMgrAction.class.php 第 1734 行.
NOTIC: [2] in_array() expects parameter 2 to be array, null given /Applications/MAMP/htdocs/rms/rms/Lib/Action/YingshouRevparMgrAction.class.php 第 1734 行.
NOTIC: [8192] preg_replace(): The /e modifier is deprecated, use preg_replace_callback instead /Applications/MAMP/htdocs/rms/ThinkPHP/Lib/Core/Db.class.php 第 606 行.
SQL: SELECT * FROM `rms_node` WHERE ( name='financeRevpar' ) LIMIT 1   [ RunTime:0.000186s ]
NOTIC: [8] Undefined variable: accessArr /Applications/MAMP/htdocs/rms/rms/Lib/Action/YingshouRevparMgrAction.class.php 第 1741 行.
NOTIC: [2] in_array() expects parameter 2 to be array, null given /Applications/MAMP/htdocs/rms/rms/Lib/Action/YingshouRevparMgrAction.class.php 第 1741 行.
NOTIC: [8] Undefined variable: revparType /Applications/MAMP/htdocs/rms/rms/Lib/Action/YingshouRevparMgrAction.class.php 第 1745 行.
NOTIC: [8192] preg_replace(): The /e modifier is deprecated, use preg_replace_callback instead /Applications/MAMP/htdocs/rms/ThinkPHP/Lib/Core/Db.class.php 第 606 行.
SQL: SELECT COUNT(*) AS tp_count FROM `revparmgr_01` WHERE ( `date` = '2020-01-17' ) AND ( `ap` = '上午' ) AND ( `domain` = 'localhost' ) LIMIT 1   [ RunTime:0.000594s ]
ERR: :Table 'rms_revenue_2020.revparmgr_01' doesn't exist
 [ SQL语句 ] : SELECT COUNT(*) AS tp_count FROM `revparmgr_01` WHERE ( `date` = '2020-01-17' ) AND ( `ap` = '上午' ) AND ( `domain` = 'localhost' ) LIMIT 1  
NOTIC: [8192] preg_replace(): The /e modifier is deprecated, use preg_replace_callback instead /Applications/MAMP/htdocs/rms/ThinkPHP/Lib/Core/Db.class.php 第 606 行.
SQL: SELECT `revparmgrid`,`name`,`money`,`date`,`ap`,`company` FROM `revparmgr_01` WHERE ( `date` = '2020-01-17' ) AND ( `ap` = '上午' ) AND ( `name` = '销售总额' ) AND ( `domain` = 'localhost' ) GROUP BY name  [ RunTime:0.000196s ]
ERR: :Table 'rms_revenue_2020.revparmgr_01' doesn't exist
 [ SQL语句 ] : SELECT `revparmgrid`,`name`,`money`,`date`,`ap`,`company` FROM `revparmgr_01` WHERE ( `date` = '2020-01-17' ) AND ( `ap` = '上午' ) AND ( `name` = '销售总额' ) AND ( `domain` = 'localhost' ) GROUP BY name 
NOTIC: [2] Invalid argument supplied for foreach() /Applications/MAMP/htdocs/rms/rms/Lib/Action/YingshouRevparMgrAction.class.php 第 159 行.
NOTIC: [8192] preg_replace(): The /e modifier is deprecated, use preg_replace_callback instead /Applications/MAMP/htdocs/rms/ThinkPHP/Lib/Core/Db.class.php 第 606 行.
SQL: SELECT `revparmgrid`,`name`,`money`,`date`,`ap`,`company` FROM `revparmgr_01` WHERE ( `date` = '2020-01-17' ) AND ( `ap` = '上午' ) AND ( `name` = '促销额' ) AND ( `domain` = 'localhost' ) GROUP BY name  [ RunTime:0.000141s ]
ERR: :Table 'rms_revenue_2020.revparmgr_01' doesn't exist
 [ SQL语句 ] : SELECT `revparmgrid`,`name`,`money`,`date`,`ap`,`company` FROM `revparmgr_01` WHERE ( `date` = '2020-01-17' ) AND ( `ap` = '上午' ) AND ( `name` = '促销额' ) AND ( `domain` = 'localhost' ) GROUP BY name 
NOTIC: [2] Invalid argument supplied for foreach() /Applications/MAMP/htdocs/rms/rms/Lib/Action/YingshouRevparMgrAction.class.php 第 189 行.
NOTIC: [8192] preg_replace(): The /e modifier is deprecated, use preg_replace_callback instead /Applications/MAMP/htdocs/rms/ThinkPHP/Lib/Core/Db.class.php 第 606 行.
SQL: SELECT `revparmgrid`,`name`,`money`,`date`,`ap`,`company` FROM `revparmgr_01` WHERE ( `date` = '2020-01-17' ) AND ( `ap` = '上午' ) AND ( `type` = 'M1' ) AND ( `domain` = 'localhost' ) GROUP BY name  [ RunTime:0.000142s ]
ERR: :Table 'rms_revenue_2020.revparmgr_01' doesn't exist
 [ SQL语句 ] : SELECT `revparmgrid`,`name`,`money`,`date`,`ap`,`company` FROM `revparmgr_01` WHERE ( `date` = '2020-01-17' ) AND ( `ap` = '上午' ) AND ( `type` = 'M1' ) AND ( `domain` = 'localhost' ) GROUP BY name 
NOTIC: [2] Invalid argument supplied for foreach() /Applications/MAMP/htdocs/rms/rms/Lib/Action/YingshouRevparMgrAction.class.php 第 255 行.
NOTIC: [8192] preg_replace(): The /e modifier is deprecated, use preg_replace_callback instead /Applications/MAMP/htdocs/rms/ThinkPHP/Lib/Core/Db.class.php 第 606 行.
SQL: SELECT `revparmgrid`,`name`,`money`,`date`,`ap`,`company` FROM `revparmgr_01` WHERE ( `date` = '2020-01-17' ) AND ( `ap` = '上午' ) AND ( `type` = 'M2' ) AND ( `domain` = 'localhost' ) GROUP BY name  [ RunTime:0.000116s ]
ERR: :Table 'rms_revenue_2020.revparmgr_01' doesn't exist
 [ SQL语句 ] : SELECT `revparmgrid`,`name`,`money`,`date`,`ap`,`company` FROM `revparmgr_01` WHERE ( `date` = '2020-01-17' ) AND ( `ap` = '上午' ) AND ( `type` = 'M2' ) AND ( `domain` = 'localhost' ) GROUP BY name 
NOTIC: [2] Invalid argument supplied for foreach() /Applications/MAMP/htdocs/rms/rms/Lib/Action/YingshouRevparMgrAction.class.php 第 297 行.
NOTIC: [8] Undefined variable: listResult_totalmoney /Applications/MAMP/htdocs/rms/rms/Lib/Action/YingshouRevparMgrAction.class.php 第 318 行.
NOTIC: [2] array_merge(): Argument #1 is not an array /Applications/MAMP/htdocs/rms/rms/Lib/Action/YingshouRevparMgrAction.class.php 第 318 行.

[ 2020-01-17T14:20:27+08:00 ] SQL: YingshouRevparMgrlistview165WRITE的SQL：verify|N;userid|s:1:"3";userInfo|a:5:{s:6:"userid";s:1:"3";s:4:"name";s:5:"admin";s:8:"rolename";s:15:"系统管理员";s:8:"truename";s:15:"系统管理员";s:10:"department";s:0:"";}Noticepage|s:1:"1";YingshouRevparMgrlistviewpage|s:1:"1";searchTextElectronInvoiceReport|s:0:"";searchTextPaymentMgr|s:0:"";PaymentMgrpage|s:1:"1";
[ 2020-01-17T14:20:29+08:00 ] SQL: YingshouRevparMgrACTINO_NAME151READ的SQL：verify|N;userid|s:1:"3";userInfo|a:5:{s:6:"userid";s:1:"3";s:4:"name";s:5:"admin";s:8:"rolename";s:15:"系统管理员";s:8:"truename";s:15:"系统管理员";s:10:"department";s:0:"";}Noticepage|s:1:"1";YingshouRevparMgrlistviewpage|s:1:"1";searchTextElectronInvoiceReport|s:0:"";searchTextPaymentMgr|s:0:"";PaymentMgrpage|s:1:"1";
[ 2020-01-17T14:20:30+08:00 ] 0.0.0.0 /rms/index.php?s=/YingshouRevparMgr/listview
INFO: [ route_check ] --START--
INFO: CheckRoute Behavior ::run [ RunTime:0.000522s ]
INFO: [ route_check ] --END-- [ RunTime:0.000619s ]
NOTIC: [8192] preg_replace(): The /e modifier is deprecated, use preg_replace_callback instead /Applications/MAMP/htdocs/rms/ThinkPHP/Lib/Core/Dispatcher.class.php 第 132 行.
INFO: [ app_begin ] --START--
INFO: ReadHtmlCache Behavior ::run [ RunTime:0.000433s ]
INFO: CheckLang Behavior ::run [ RunTime:0.001058s ]
INFO: [ app_begin ] --END-- [ RunTime:0.001626s ]
NOTIC: [8192] mysql_connect(): The mysql extension is deprecated and will be removed in the future: use mysqli or PDO instead /Applications/MAMP/htdocs/rms/ThinkPHP/Extend/Driver/Session/SessionDb.class.php 第 116 行.
NOTIC: [8] Use of undefined constant ACTINO_NAME - assumed 'ACTINO_NAME' /Applications/MAMP/htdocs/rms/ThinkPHP/Extend/Driver/Session/SessionDb.class.php 第 151 行.
NOTIC: [8] Use of undefined constant new_link - assumed 'new_link' /Applications/MAMP/htdocs/rms/ThinkPHP/Extend/Library/COM/Db/SystemDb.class.php 第 40 行.
NOTIC: [8192] mysql_connect(): The mysql extension is deprecated and will be removed in the future: use mysqli or PDO instead /Applications/MAMP/htdocs/rms/ThinkPHP/Extend/Library/COM/Db/SystemDb.class.php 第 40 行.
NOTIC: [8192] mysql_connect(): The mysql extension is deprecated and will be removed in the future: use mysqli or PDO instead /Applications/MAMP/htdocs/rms/ThinkPHP/Lib/Driver/Db/DbMysql.class.php 第 55 行.
SQL: SHOW COLUMNS FROM `revparmgr_` [ RunTime:0.000249s ]
ERR: 1146:Table 'rms.revparmgr_' doesn't exist
 [ SQL语句 ] : SHOW COLUMNS FROM `revparmgr_`
NOTIC: [8] Undefined index: companyArr /Applications/MAMP/htdocs/rms/rms/Lib/Action/YingshouRevparMgrAction.class.php 第 29 行.
NOTIC: [8192] mysql_connect(): The mysql extension is deprecated and will be removed in the future: use mysqli or PDO instead /Applications/MAMP/htdocs/rms/ThinkPHP/Lib/Driver/Db/DbMysql.class.php 第 55 行.
SQL: SHOW COLUMNS FROM `revparmgr_01` [ RunTime:0.000246s ]
ERR: 1146:Table 'rms_revenue_2020.revparmgr_01' doesn't exist
 [ SQL语句 ] : SHOW COLUMNS FROM `revparmgr_01`
NOTIC: [8] Use of undefined constant new_link - assumed 'new_link' /Applications/MAMP/htdocs/rms/ThinkPHP/Extend/Library/COM/Db/SystemDb.class.php 第 40 行.
NOTIC: [8192] mysql_connect(): The mysql extension is deprecated and will be removed in the future: use mysqli or PDO instead /Applications/MAMP/htdocs/rms/ThinkPHP/Extend/Library/COM/Db/SystemDb.class.php 第 40 行.
SQL: SHOW COLUMNS FROM `rms_role_user` [ RunTime:0.000621s ]
NOTIC: [8192] preg_replace(): The /e modifier is deprecated, use preg_replace_callback instead /Applications/MAMP/htdocs/rms/ThinkPHP/Lib/Core/Db.class.php 第 606 行.
SQL: SELECT * FROM `rms_role_user` WHERE ( user_id=3 ) LIMIT 1   [ RunTime:0.000547s ]
NOTIC: [8] Use of undefined constant new_link - assumed 'new_link' /Applications/MAMP/htdocs/rms/ThinkPHP/Extend/Library/COM/Db/SystemDb.class.php 第 40 行.
NOTIC: [8192] mysql_connect(): The mysql extension is deprecated and will be removed in the future: use mysqli or PDO instead /Applications/MAMP/htdocs/rms/ThinkPHP/Extend/Library/COM/Db/SystemDb.class.php 第 40 行.
SQL: SHOW COLUMNS FROM `rms_access` [ RunTime:0.000560s ]
NOTIC: [8192] preg_replace(): The /e modifier is deprecated, use preg_replace_callback instead /Applications/MAMP/htdocs/rms/ThinkPHP/Lib/Core/Db.class.php 第 606 行.
SQL: SELECT `node_id` FROM `rms_access` WHERE ( `role_id` = 3 )  [ RunTime:0.000199s ]
NOTIC: [2] Invalid argument supplied for foreach() /Applications/MAMP/htdocs/rms/rms/Lib/Action/YingshouRevparMgrAction.class.php 第 1726 行.
NOTIC: [8] Use of undefined constant new_link - assumed 'new_link' /Applications/MAMP/htdocs/rms/ThinkPHP/Extend/Library/COM/Db/SystemDb.class.php 第 40 行.
NOTIC: [8192] mysql_connect(): The mysql extension is deprecated and will be removed in the future: use mysqli or PDO instead /Applications/MAMP/htdocs/rms/ThinkPHP/Extend/Library/COM/Db/SystemDb.class.php 第 40 行.
SQL: SHOW COLUMNS FROM `rms_node` [ RunTime:0.000678s ]
NOTIC: [8192] preg_replace(): The /e modifier is deprecated, use preg_replace_callback instead /Applications/MAMP/htdocs/rms/ThinkPHP/Lib/Core/Db.class.php 第 606 行.
SQL: SELECT * FROM `rms_node` WHERE ( name='companyRevpar' ) LIMIT 1   [ RunTime:0.000282s ]
NOTIC: [8] Undefined variable: accessArr /Applications/MAMP/htdocs/rms/rms/Lib/Action/YingshouRevparMgrAction.class.php 第 1734 行.
NOTIC: [2] in_array() expects parameter 2 to be array, null given /Applications/MAMP/htdocs/rms/rms/Lib/Action/YingshouRevparMgrAction.class.php 第 1734 行.
NOTIC: [8192] preg_replace(): The /e modifier is deprecated, use preg_replace_callback instead /Applications/MAMP/htdocs/rms/ThinkPHP/Lib/Core/Db.class.php 第 606 行.
SQL: SELECT * FROM `rms_node` WHERE ( name='financeRevpar' ) LIMIT 1   [ RunTime:0.000288s ]
NOTIC: [8] Undefined variable: accessArr /Applications/MAMP/htdocs/rms/rms/Lib/Action/YingshouRevparMgrAction.class.php 第 1741 行.
NOTIC: [2] in_array() expects parameter 2 to be array, null given /Applications/MAMP/htdocs/rms/rms/Lib/Action/YingshouRevparMgrAction.class.php 第 1741 行.
NOTIC: [8] Undefined variable: revparType /Applications/MAMP/htdocs/rms/rms/Lib/Action/YingshouRevparMgrAction.class.php 第 1745 行.
NOTIC: [8192] preg_replace(): The /e modifier is deprecated, use preg_replace_callback instead /Applications/MAMP/htdocs/rms/ThinkPHP/Lib/Core/Db.class.php 第 606 行.
SQL: SELECT COUNT(*) AS tp_count FROM `revparmgr_01` WHERE ( `date` = '2020-01-12' ) AND ( `ap` = '上午' ) AND ( `domain` = 'localhost' ) LIMIT 1   [ RunTime:0.000671s ]
ERR: :Table 'rms_revenue_2020.revparmgr_01' doesn't exist
 [ SQL语句 ] : SELECT COUNT(*) AS tp_count FROM `revparmgr_01` WHERE ( `date` = '2020-01-12' ) AND ( `ap` = '上午' ) AND ( `domain` = 'localhost' ) LIMIT 1  
NOTIC: [8192] preg_replace(): The /e modifier is deprecated, use preg_replace_callback instead /Applications/MAMP/htdocs/rms/ThinkPHP/Lib/Core/Db.class.php 第 606 行.
SQL: SELECT `revparmgrid`,`name`,`money`,`date`,`ap`,`company` FROM `revparmgr_01` WHERE ( `date` = '2020-01-12' ) AND ( `ap` = '上午' ) AND ( `name` = '销售总额' ) AND ( `domain` = 'localhost' ) GROUP BY name  [ RunTime:0.000606s ]
ERR: :Table 'rms_revenue_2020.revparmgr_01' doesn't exist
 [ SQL语句 ] : SELECT `revparmgrid`,`name`,`money`,`date`,`ap`,`company` FROM `revparmgr_01` WHERE ( `date` = '2020-01-12' ) AND ( `ap` = '上午' ) AND ( `name` = '销售总额' ) AND ( `domain` = 'localhost' ) GROUP BY name 
NOTIC: [2] Invalid argument supplied for foreach() /Applications/MAMP/htdocs/rms/rms/Lib/Action/YingshouRevparMgrAction.class.php 第 159 行.
NOTIC: [8192] preg_replace(): The /e modifier is deprecated, use preg_replace_callback instead /Applications/MAMP/htdocs/rms/ThinkPHP/Lib/Core/Db.class.php 第 606 行.
SQL: SELECT `revparmgrid`,`name`,`money`,`date`,`ap`,`company` FROM `revparmgr_01` WHERE ( `date` = '2020-01-12' ) AND ( `ap` = '上午' ) AND ( `name` = '促销额' ) AND ( `domain` = 'localhost' ) GROUP BY name  [ RunTime:0.000190s ]
ERR: :Table 'rms_revenue_2020.revparmgr_01' doesn't exist
 [ SQL语句 ] : SELECT `revparmgrid`,`name`,`money`,`date`,`ap`,`company` FROM `revparmgr_01` WHERE ( `date` = '2020-01-12' ) AND ( `ap` = '上午' ) AND ( `name` = '促销额' ) AND ( `domain` = 'localhost' ) GROUP BY name 
NOTIC: [2] Invalid argument supplied for foreach() /Applications/MAMP/htdocs/rms/rms/Lib/Action/YingshouRevparMgrAction.class.php 第 189 行.
NOTIC: [8192] preg_replace(): The /e modifier is deprecated, use preg_replace_callback instead /Applications/MAMP/htdocs/rms/ThinkPHP/Lib/Core/Db.class.php 第 606 行.
SQL: SELECT `revparmgrid`,`name`,`money`,`date`,`ap`,`company` FROM `revparmgr_01` WHERE ( `date` = '2020-01-12' ) AND ( `ap` = '上午' ) AND ( `type` = 'M1' ) AND ( `domain` = 'localhost' ) GROUP BY name  [ RunTime:0.000122s ]
ERR: :Table 'rms_revenue_2020.revparmgr_01' doesn't exist
 [ SQL语句 ] : SELECT `revparmgrid`,`name`,`money`,`date`,`ap`,`company` FROM `revparmgr_01` WHERE ( `date` = '2020-01-12' ) AND ( `ap` = '上午' ) AND ( `type` = 'M1' ) AND ( `domain` = 'localhost' ) GROUP BY name 
NOTIC: [2] Invalid argument supplied for foreach() /Applications/MAMP/htdocs/rms/rms/Lib/Action/YingshouRevparMgrAction.class.php 第 255 行.
NOTIC: [8192] preg_replace(): The /e modifier is deprecated, use preg_replace_callback instead /Applications/MAMP/htdocs/rms/ThinkPHP/Lib/Core/Db.class.php 第 606 行.
SQL: SELECT `revparmgrid`,`name`,`money`,`date`,`ap`,`company` FROM `revparmgr_01` WHERE ( `date` = '2020-01-12' ) AND ( `ap` = '上午' ) AND ( `type` = 'M2' ) AND ( `domain` = 'localhost' ) GROUP BY name  [ RunTime:0.000123s ]
ERR: :Table 'rms_revenue_2020.revparmgr_01' doesn't exist
 [ SQL语句 ] : SELECT `revparmgrid`,`name`,`money`,`date`,`ap`,`company` FROM `revparmgr_01` WHERE ( `date` = '2020-01-12' ) AND ( `ap` = '上午' ) AND ( `type` = 'M2' ) AND ( `domain` = 'localhost' ) GROUP BY name 
NOTIC: [2] Invalid argument supplied for foreach() /Applications/MAMP/htdocs/rms/rms/Lib/Action/YingshouRevparMgrAction.class.php 第 297 行.
NOTIC: [8] Undefined variable: listResult_totalmoney /Applications/MAMP/htdocs/rms/rms/Lib/Action/YingshouRevparMgrAction.class.php 第 318 行.
NOTIC: [2] array_merge(): Argument #1 is not an array /Applications/MAMP/htdocs/rms/rms/Lib/Action/YingshouRevparMgrAction.class.php 第 318 行.

[ 2020-01-17T14:20:30+08:00 ] SQL: YingshouRevparMgrlistview165WRITE的SQL：verify|N;userid|s:1:"3";userInfo|a:5:{s:6:"userid";s:1:"3";s:4:"name";s:5:"admin";s:8:"rolename";s:15:"系统管理员";s:8:"truename";s:15:"系统管理员";s:10:"department";s:0:"";}Noticepage|s:1:"1";YingshouRevparMgrlistviewpage|s:1:"1";searchTextElectronInvoiceReport|s:0:"";searchTextPaymentMgr|s:0:"";PaymentMgrpage|s:1:"1";
