[ 2020-09-12T09:32:09+08:00 ] INFO: 有人在访问：
[ 2020-09-12T09:32:09+08:00 ] INFO: 客户浏览器：Mozilla/5.0 (Macintosh; Intel Mac OS X 10_14_0) AppleWebKit/537.36 (KHTML, like Gecko) Chrome/84.0.4147.125 Safari/537.36
[ 2020-09-12T09:32:09+08:00 ] INFO: 来源IP：::1
[ 2020-09-12T09:32:53+08:00 ] INFO: 有人在访问：
[ 2020-09-12T09:32:53+08:00 ] INFO: 客户浏览器：Mozilla/5.0 (Macintosh; Intel Mac OS X 10_14_0) AppleWebKit/537.36 (KHTML, like Gecko) Chrome/84.0.4147.125 Safari/537.36
[ 2020-09-12T09:32:53+08:00 ] INFO: 来源IP：::1
[ 2020-09-12T09:33:05+08:00 ] INFO: 有人在访问：
[ 2020-09-12T09:33:05+08:00 ] INFO: 客户浏览器：Mozilla/5.0 (Macintosh; Intel Mac OS X 10_14_0) AppleWebKit/537.36 (KHTML, like Gecko) Chrome/84.0.4147.125 Safari/537.36
[ 2020-09-12T09:33:05+08:00 ] INFO: 来源IP：::1
[ 2020-09-12T09:42:45+08:00 ] INFO: 有人在访问：
[ 2020-09-12T09:42:45+08:00 ] INFO: 客户浏览器：Mozilla/5.0 (Macintosh; Intel Mac OS X 10_14_0) AppleWebKit/537.36 (KHTML, like Gecko) Chrome/84.0.4147.125 Safari/537.36
[ 2020-09-12T09:42:45+08:00 ] INFO: 来源IP：::1
[ 2020-09-12T09:42:45+08:00 ] INFO: 获得丽华外卖推送
[ 2020-09-12T09:42:45+08:00 ] INFO: HELLO,I MISS YOU!
[ 2020-09-12T09:43:09+08:00 ] INFO: 有人在访问：
[ 2020-09-12T09:43:09+08:00 ] INFO: 客户浏览器：Mozilla/5.0 (Macintosh; Intel Mac OS X 10_14_0) AppleWebKit/537.36 (KHTML, like Gecko) Chrome/84.0.4147.125 Safari/537.36
[ 2020-09-12T09:43:09+08:00 ] INFO: 来源IP：::1
[ 2020-09-12T09:43:09+08:00 ] INFO: 获得丽华外卖推送
[ 2020-09-12T09:43:09+08:00 ] INFO: 开始处理
[ 2020-09-12T09:43:39+08:00 ] INFO: 有人在访问：
[ 2020-09-12T09:43:39+08:00 ] INFO: 客户浏览器：Mozilla/5.0 (Macintosh; Intel Mac OS X 10_14_0) AppleWebKit/537.36 (KHTML, like Gecko) Chrome/84.0.4147.125 Safari/537.36
[ 2020-09-12T09:43:39+08:00 ] INFO: 来源IP：::1
[ 2020-09-12T09:43:39+08:00 ] INFO: 获得丽华外卖推送
[ 2020-09-12T09:43:39+08:00 ] INFO: 开始处理
